[0;32m===> Verifying dependencies...
[0m[0;32m===> Upgrading fs v0.9.2
[0m[0;32m===> Analyzing applications...
[0m[0;32m===> Compiling fs
[0m[0;32m===> Compiling cowboy
[0m[0;32m===> Compiling coveralls
[0m[0;32m===> Compiling proper
[0m[0;32m===> Compiling meck
[0m[0;32m===> Analyzing applications...
[0m[0;32m===> Compiling erlmcp_core
[0m     â”Œâ”€ apps/erlmcp_core/src/erlmcp_server.erl:
     â”‚
 883 â”‚                  [1;31m{[0mnoreply, State};[0m
     â”‚                  [1;31mâ•°â”€â”€[0m[0m Warning: a term is constructed, but never used

     â”Œâ”€ apps/erlmcp_core/src/erlmcp_server.erl:
     â”‚
 893 â”‚                                  [1;31m{[0mnoreply, State};[0m
     â”‚                                  [1;31mâ•°â”€â”€[0m[0m Warning: a term is constructed, but never used

     â”Œâ”€ apps/erlmcp_core/src/erlmcp_server.erl:
     â”‚
 898 â”‚                                  [1;31m{[0mnoreply, State}[0m
     â”‚                                  [1;31mâ•°â”€â”€[0m[0m Warning: a term is constructed, but never used

     â”Œâ”€ apps/erlmcp_core/src/erlmcp_server.erl:
     â”‚
 904 â”‚                          [1;31m{[0mnoreply, State}[0m
     â”‚                          [1;31mâ•°â”€â”€[0m[0m Warning: a term is constructed, but never used


[0;32m===> Compiling erlmcp_validation
[0m[0;32m===> Compiling erlmcp_observability
[0m[0;32m===> Compiling erlmcp_transports
[0m     â”Œâ”€ apps/erlmcp_core/test/erlmcp_sse_event_store_tests.erl:
     â”‚
 380 â”‚      ?assertMatch([1;31m_[0m, ets:whereis(TableName)),[0m
     â”‚                   [1;31mâ•°â”€â”€[0m[0m Warning: this clause cannot match because a previous clause at line 380 always matches


     â”Œâ”€ apps/erlmcp_core/test/erlmcp_completion_tests.erl:
     â”‚
 106 â”‚          Value = maps:get(value, Arg, [1;31m<<>>),[0m[0m
     â”‚                                       [1;31mâ•°â”€â”€[0m[0m Warning: a term is constructed, but never used

     â”Œâ”€ apps/erlmcp_core/test/erlmcp_completion_tests.erl:
     â”‚
 379 â”‚          Value = maps:get(value, Arg, [1;31m<<>>),[0m[0m
     â”‚                                       [1;31mâ•°â”€â”€[0m[0m Warning: a term is constructed, but never used


   â”Œâ”€ apps/erlmcp_core/test/erlmcp_server_tests.erl:
   â”‚
 6 â”‚  -[1;31mrecord[0m(state, {[0m
   â”‚   [1;31mâ•°â”€â”€[0m[0m Warning: record state is unused

      â”Œâ”€ apps/erlmcp_core/test/erlmcp_server_tests.erl:
      â”‚
 1008 â”‚      [1;31m{[0mtimeout, 5, fun() ->[0m
      â”‚      [1;31mâ•°â”€â”€[0m[0m Warning: a term is constructed, but never used

      â”Œâ”€ apps/erlmcp_core/test/erlmcp_server_tests.erl:
      â”‚
 1008 â”‚      {timeout, 5, [1;31mfun[0m() ->[0m
      â”‚                   [1;31mâ•°â”€â”€[0m[0m Warning: a term is constructed, but never used

      â”Œâ”€ apps/erlmcp_core/test/erlmcp_server_tests.erl:
      â”‚
 1026 â”‚      [1;31m{[0mtimeout, 5, fun() ->[0m
      â”‚      [1;31mâ•°â”€â”€[0m[0m Warning: a term is constructed, but never used

      â”Œâ”€ apps/erlmcp_core/test/erlmcp_server_tests.erl:
      â”‚
 1026 â”‚      {timeout, 5, [1;31mfun[0m() ->[0m
      â”‚                   [1;31mâ•°â”€â”€[0m[0m Warning: a term is constructed, but never used

      â”Œâ”€ apps/erlmcp_core/test/erlmcp_server_tests.erl:
      â”‚
 1050 â”‚      [1;31m{[0mtimeout, 5, fun() ->[0m
      â”‚      [1;31mâ•°â”€â”€[0m[0m Warning: a term is constructed, but never used

      â”Œâ”€ apps/erlmcp_core/test/erlmcp_server_tests.erl:
      â”‚
 1050 â”‚      {timeout, 5, [1;31mfun[0m() ->[0m
      â”‚                   [1;31mâ•°â”€â”€[0m[0m Warning: a term is constructed, but never used

      â”Œâ”€ apps/erlmcp_core/test/erlmcp_server_tests.erl:
      â”‚
 1068 â”‚      [1;31m{[0mtimeout, 5, fun() ->[0m
      â”‚      [1;31mâ•°â”€â”€[0m[0m Warning: a term is constructed, but never used

      â”Œâ”€ apps/erlmcp_core/test/erlmcp_server_tests.erl:
      â”‚
 1068 â”‚      {timeout, 5, [1;31mfun[0m() ->[0m
      â”‚                   [1;31mâ•°â”€â”€[0m[0m Warning: a term is constructed, but never used

      â”Œâ”€ apps/erlmcp_core/test/erlmcp_server_tests.erl:
      â”‚
 1087 â”‚      [1;31m{[0mtimeout, 5, fun() ->[0m
      â”‚      [1;31mâ•°â”€â”€[0m[0m Warning: a term is constructed, but never used

      â”Œâ”€ apps/erlmcp_core/test/erlmcp_server_tests.erl:
      â”‚
 1087 â”‚      {timeout, 5, [1;31mfun[0m() ->[0m
      â”‚                   [1;31mâ•°â”€â”€[0m[0m Warning: a term is constructed, but never used

      â”Œâ”€ apps/erlmcp_core/test/erlmcp_server_tests.erl:
      â”‚
 1105 â”‚      [1;31m{[0mtimeout, 5, fun() ->[0m
      â”‚      [1;31mâ•°â”€â”€[0m[0m Warning: a term is constructed, but never used

      â”Œâ”€ apps/erlmcp_core/test/erlmcp_server_tests.erl:
      â”‚
 1105 â”‚      {timeout, 5, [1;31mfun[0m() ->[0m
      â”‚                   [1;31mâ•°â”€â”€[0m[0m Warning: a term is constructed, but never used

      â”Œâ”€ apps/erlmcp_core/test/erlmcp_server_tests.erl:
      â”‚
 1124 â”‚      [1;31m{[0mtimeout, 5, fun() ->[0m
      â”‚      [1;31mâ•°â”€â”€[0m[0m Warning: a term is constructed, but never used

      â”Œâ”€ apps/erlmcp_core/test/erlmcp_server_tests.erl:
      â”‚
 1124 â”‚      {timeout, 5, [1;31mfun[0m() ->[0m
      â”‚                   [1;31mâ•°â”€â”€[0m[0m Warning: a term is constructed, but never used


     â”Œâ”€ apps/erlmcp_transports/test/erlmcp_transport_ws_tests.erl:
     â”‚
 370 â”‚      DelimitedMsg = [1;31m<<[0mMessage/binary, "\n">>,[0m
     â”‚                     [1;31mâ•°â”€â”€[0m[0m Warning: a term is constructed, but never used


     â”Œâ”€ apps/erlmcp_transports/test/erlmcp_transport_http_SUITE.erl:
     â”‚
 640 â”‚  -[1;31mrecord[0m(mock_state, {[0m
     â”‚   [1;31mâ•°â”€â”€[0m[0m Warning: record mock_state is unused


[0;32m===> Analyzing applications...
[0m[0;32m===> Compiling extra_test
[0m[0;35m===> Cover compilation failed: {no_abstract_code,
                                       "/Users/sac/erlmcp/_build/test/lib/erlmcp_validation/ebin/erlmcp_spec_parser_tests.beam"}
[0m[0;35m===> Cover compilation failed: {no_abstract_code,
                                       "/Users/sac/erlmcp/_build/test/lib/erlmcp_core/ebin/erlmcp_client_tests.beam"}
[0m[0;32m===> Running Common Test suites...
[0m%%% erlmcp_integration_SUITE: [0;32m.[0m[0m[0;32m.[0m[0m[0;32m.[0m[0m[0;32m.[0m[0m
%%% erlmcp_integration_SUITE ==> tasks_e2e_workflow_test: [0;31mFAILED[0m[0m
%%% erlmcp_integration_SUITE ==> [0;31m{noproc,{gen_server,call,
                    [erlmcp_tasks,
                     {create_task,<0.6103.0>,
                                  #{<<"type">> => <<"test_action">>},
                                  #{<<"progressToken">> => true,
                                    <<"timeout">> => 5000}}]}}[0m[0m

%%% erlmcp_integration_SUITE ==> tasks_progress_tracking_test: [0;31mFAILED[0m[0m
%%% erlmcp_integration_SUITE ==> [0;31m{noproc,{gen_server,call,
                    [erlmcp_tasks,
                     {create_task,<0.6106.0>,
                                  #{<<"type">> => <<"long_running">>},
                                  #{<<"progressToken">> => true}}]}}[0m[0m

%%% erlmcp_integration_SUITE ==> tasks_timeout_test: [0;31mFAILED[0m[0m
%%% erlmcp_integration_SUITE ==> [0;31m{noproc,{gen_server,call,
                    [erlmcp_tasks,
                     {create_task,<0.6109.0>,
                                  #{<<"type">> => <<"slow">>},
                                  #{<<"timeout">> => 100}}]}}[0m[0m

%%% erlmcp_integration_SUITE ==> tasks_worker_failure_test: [0;31mFAILED[0m[0m
%%% erlmcp_integration_SUITE ==> [0;31m{noproc,{gen_server,call,
                    [erlmcp_tasks,
                     {create_task,<0.6112.0>,
                                  #{<<"type">> => <<"crash_prone">>},
                                  #{}}]}}[0m[0m
[0;32m.[0m[0m[0;32m.[0m[0m[0;32m.[0m[0m
%%% erlmcp_integration_SUITE ==> jwt_verification_e2e_test: [0;31mFAILED[0m[0m
%%% erlmcp_integration_SUITE ==> [0;31m{noproc,{gen_server,call,
                    [erlmcp_auth,
                     {create_session,<<"user123">>,
                                     #{<<"method">> => api_key}}]}}[0m[0m

%%% erlmcp_integration_SUITE ==> authorization_e2e_test: [0;31mFAILED[0m[0m
%%% erlmcp_integration_SUITE ==> [0;31m{noproc,{gen_server,call,
                    [erlmcp_auth,
                     {create_session,<<"user456">>,
                                     #{<<"roles">> => [<<"user">>]}}]}}[0m[0m
[0;32m.[0m[0m
%%% erlmcp_integration_SUITE ==> session_lifecycle_test: [0;31mFAILED[0m[0m
%%% erlmcp_integration_SUITE ==> [0;31m{noproc,{gen_server,call,
                    [erlmcp_auth,
                     {create_session,<<"user789">>,
                                     #{<<"ip">> => <<"127.0.0.1">>}}]}}[0m[0m

%%% erlmcp_integration_SUITE ==> rbac_permission_test: [0;31mFAILED[0m[0m
%%% erlmcp_integration_SUITE ==> [0;31m{noproc,{gen_server,call,
                    [erlmcp_auth,
                     {create_session,<<"admin_user">>,
                                     #{<<"roles">> => [<<"admin">>]}}]}}[0m[0m

EXPERIMENTAL: Writing retry specification at /Users/sac/erlmcp/_build/test/logs/retry.spec
              call rebar3 ct with '--retry' to re-run failing cases.
Failed 8 tests. Passed 8 tests. 
Results written to "/Users/sac/erlmcp/_build/test/logs/index.html".
[0;31m===> [1mFailures occurred running tests: 8
[0m[0m