[0;32m===> Fetching pc v1.15.0
[0m[0;32m===> Analyzing applications...
[0m[0;32m===> Compiling pc
[0m[0;31m===> [1mCompiling _build/default/plugins/pc/src/pc_port_env.erl failed
[0m[0m_build/default/plugins/pc/ebin/pc_port_env.bea#:none: error writing file: no such file or directory

[0;35m===> Errors loading plugin pc. Run rebar3 with DEBUG=1 set to see errors.
[0m[0;32m===> Analyzing applications...
[0m[0;32m===> Compiling verl
[0m[0;32m===> Compiling hex_core
[0m[0;32m===> Compiling rebar3_hex
[0m[0;35m===> Errors loading plugin rebar3_auto. Run rebar3 with DEBUG=1 set to see errors.
[0m[0;32m===> Fetching coveralls v2.2.0
[0m[0;32m===> Fetching jsx v2.10.0
[0m[0;32m===> Analyzing applications...
[0m[0;32m===> Compiling jsx
[0m[0;31m===> [1mCompiling _build/default/plugins/jsx/src/jsx_parser.erl failed
[0m[0m_build/default/plugins/jsx/ebin/jsx_parser.bea#:none: error writing file: no such file or directory

[0;35m===> Errors loading plugin {coveralls,"2.2.0"}. Run rebar3 with DEBUG=1 set to see errors.
[0m[0;32m===> Verifying dependencies...
[0m[0;32m===> Fetching coveralls v2.2.0
[0m[0;32m===> Fetching meck v0.9.2
[0m[0;32m===> Fetching proper v1.4.0
[0m[0;32m===> Fetching covertool v2.0.7
[0m[0;32m===> Analyzing applications...
[0m[0;32m===> Compiling covertool
[0m[0;31m===> [1mCompiling _build/default/plugins/covertool/src/mix_covertool.erl failed
[0m[0m   â”Œâ”€ _build/default/plugins/covertool/src/mix_covertool.erl:
   â”‚
 6 â”‚  -include([1;31m"covertool[0m.hrl").[0m
   â”‚           [1;31mâ•°â”€â”€[0m[0m can't find include file "covertool.hrl"


    â”Œâ”€ _build/default/plugins/covertool/src/mix_covertool.erl:
    â”‚
 33 â”‚          [1;31m#config[0m{appname = App, sources = Sources, beams = [BeamDir], summary = Summary, output = OutputFile}[0m
    â”‚          [1;31mâ•°â”€â”€[0m[0m record config undefined


    â”Œâ”€ _build/default/plugins/covertool/src/mix_covertool.erl:
    â”‚
 14 â”‚      [1;31mSummary[0m = proplists:get_bool(summary, Opts),[0m
    â”‚      [1;31mâ•°â”€â”€[0m[0m Warning: variable 'Summary' is unused

    â”Œâ”€ _build/default/plugins/covertool/src/mix_covertool.erl:
    â”‚
 27 â”‚          [1;31mSources[0m = lists:map(fun(Dir) -> filename:join([unicode:characters_to_list(AppPath), Dir]) end, ["lib", "src"]),[0m
    â”‚          [1;31mâ•°â”€â”€[0m[0m Warning: variable 'Sources' is unused

    â”Œâ”€ _build/default/plugins/covertool/src/mix_covertool.erl:
    â”‚
 31 â”‚          [1;31mOutputFile[0m = filename:join([Cwd, atom_to_list(App) ++ ".covertool.xml"]),[0m
    â”‚          [1;31mâ•°â”€â”€[0m[0m Warning: variable 'OutputFile' is unused


[0;35m===> Errors loading plugin covertool. Run rebar3 with DEBUG=1 set to see errors.
[0m[0;32m===> Analyzing applications...
[0m[0;32m===> Compiling covertool
[0m[0;31m===> [1mCompiling _build/default/plugins/covertool/src/rebar_covertool.erl failed
[0m[0m    â”Œâ”€ _build/default/plugins/covertool/src/rebar_covertool.erl:
    â”‚
 13 â”‚  -include([1;31m"covertool[0m.hrl").[0m
    â”‚           [1;31mâ•°â”€â”€[0m[0m can't find include file "covertool.hrl"


    â”Œâ”€ _build/default/plugins/covertool/src/rebar_covertool.erl:
    â”‚
 62 â”‚                      CoverConfig = [1;31m#config[0m{appname = AppName,[0m
    â”‚                                    [1;31mâ•°â”€â”€[0m[0m record config undefined


    â”Œâ”€ _build/default/plugins/covertool/src/rebar_covertool.erl:
    â”‚
 52 â”‚      [1;31mAppName[0m = get_app_name(Config, AppFile),[0m
    â”‚      [1;31mâ•°â”€â”€[0m[0m Warning: variable 'AppName' is unused

    â”Œâ”€ _build/default/plugins/covertool/src/rebar_covertool.erl:
    â”‚
 55 â”‚          {From, [1;31mTo[0m} ->[0m
    â”‚                 [1;31mâ•°â”€â”€[0m[0m Warning: variable 'To' is unused

    â”Œâ”€ _build/default/plugins/covertool/src/rebar_covertool.erl:
    â”‚
 60 â”‚                      [1;31mPrefixLen[0m = rebar_config:get_local(Config, covertool_prefix_len, 0),[0m
    â”‚                      [1;31mâ•°â”€â”€[0m[0m Warning: variable 'PrefixLen' is unused

    â”Œâ”€ _build/default/plugins/covertool/src/rebar_covertool.erl:
    â”‚
 61 â”‚                      [1;31mSummary[0m = rebar_config:get_local(Config, covertool_summary, false),[0m
    â”‚                      [1;31mâ•°â”€â”€[0m[0m Warning: variable 'Summary' is unused


[0;35m===> Errors loading plugin covertool. Run rebar3 with DEBUG=1 set to see errors.
[0m[0;32m===> Fetching bbmustache v1.12.2
[0m[0;32m===> Fetching cowboy v2.10.0
[0m[0;32m===> Fetching fs v0.9.2
[0m[0;32m===> Fetching gproc v0.9.0
[0m[0;32m===> Fetching gun v2.0.1
[0m[0;32m===> Fetching jesse v1.8.1
[0m[0;32m===> Fetching jobs v0.10.0
[0m[0;32m===> Fetching jose v1.11.1
[0m[0;32m===> Fetching jsx v3.1.0
[0m[0;32m===> Fetching opentelemetry v1.7.0
[0m[0;32m===> Fetching opentelemetry_api v1.5.0
[0m[0;32m===> Fetching opentelemetry_exporter v1.10.0
[0m[0;32m===> Fetching poolboy v1.5.2
[0m[0;32m===> Fetching ranch v2.1.0
[0m[0;32m===> Fetching cowlib v2.12.1
[0m[0;32m===> Fetching grpcbox v0.17.1
[0m[0;32m===> Fetching parse_trans v3.4.0
[0m[0;32m===> Fetching setup v2.1.0
[0m[0;32m===> Fetching tls_certificate_check v1.31.0
[0m[0;32m===> Fetching acceptor_pool v1.0.1
[0m[0;32m===> Fetching chatterbox v0.15.1
[0m[0;32m===> Fetching ctx v0.6.0
[0m[0;32m===> Analyzing applications...
[0m[0;32m===> Compiling setup
[0m[0;32m===> Compiling parse_trans
[0m[0;32m===> Compiling jobs
[0m[0;32m===> Compiling opentelemetry_api
[0m[0;32m===> Compiling jesse
[0m[0;32m===> Compiling bbmustache
[0m[0;32m===> Compiling opentelemetry
[0m[0;32m===> Compiling ranch
[0m[0;32m===> Compiling poolboy
[0m[0;32m===> Compiling ssl_verify_fun
[0m[0;32m===> Compiling tls_certificate_check
[0m[0;32m===> Compiling gproc
[0m[0;32m===> Compiling ctx
[0m[0;32m===> Compiling hpack
[0m[0;32m===> Compiling chatterbox
[0m[0;32m===> Compiling acceptor_pool
[0m[0;32m===> Compiling grpcbox
[0m[0;32m===> Compiling opentelemetry_exporter
[0m[0;32m===> Compiling jsx
[0m[0;32m===> Compiling jose
[0m[0;32m===> Compiling cowlib
[0m[0;32m===> Compiling gun
[0m[0;32m===> Compiling fs
[0m[0;32m===> Compiling cowboy
[0m[0;32m===> Compiling coveralls
[0m[0;32m===> Compiling proper
[0m[0;32m===> Compiling meck
[0m[0;31m===> [1mFailed to read required .app.src file for processing the application 'setup': no such file or directory
[0m[0m