<?xml version="1.0" encoding="UTF-8" ?>
<testsuite tests="360" failures="0" errors="354" skipped="0" time="1.688" name="directory &quot;/Users/sac/erlmcp/_build/test/extras/apps/erlmcp_observability/test&quot;">
  <testcase time="0.000" name="fixture setup [1,7,1,1]">
    <error type="error">
::in function erlmcp_dashboard_filter_tests:setup/0 (/Users/sac/erlmcp/_build/test/extras/apps/erlmcp_observability/test/erlmcp_dashboard_filter_tests.erl, line 41)
**error:{badmatch,{error,{erlmcp_core,{"no such file or directory",
                               "erlmcp_core.app"}}}}
    </error>
    <system-out>
    </system-out>
  </testcase>
  <testcase time="0.000" name="fixture setup [1,7,1,2]">
    <error type="error">
::in function erlmcp_dashboard_filter_tests:setup/0 (/Users/sac/erlmcp/_build/test/extras/apps/erlmcp_observability/test/erlmcp_dashboard_filter_tests.erl, line 41)
**error:{badmatch,{error,{erlmcp_core,{"no such file or directory",
                               "erlmcp_core.app"}}}}
    </error>
    <system-out>
    </system-out>
  </testcase>
  <testcase time="0.000" name="fixture setup [1,7,1,3]">
    <error type="error">
::in function erlmcp_dashboard_filter_tests:setup/0 (/Users/sac/erlmcp/_build/test/extras/apps/erlmcp_observability/test/erlmcp_dashboard_filter_tests.erl, line 41)
**error:{badmatch,{error,{erlmcp_core,{"no such file or directory",
                               "erlmcp_core.app"}}}}
    </error>
    <system-out>
    </system-out>
  </testcase>
  <testcase time="0.000" name="fixture setup [1,7,1,4]">
    <error type="error">
::in function erlmcp_dashboard_filter_tests:setup/0 (/Users/sac/erlmcp/_build/test/extras/apps/erlmcp_observability/test/erlmcp_dashboard_filter_tests.erl, line 41)
**error:{badmatch,{error,{erlmcp_core,{"no such file or directory",
                               "erlmcp_core.app"}}}}
    </error>
    <system-out>
    </system-out>
  </testcase>
  <testcase time="0.000" name="fixture setup [1,7,1,5]">
    <error type="error">
::in function erlmcp_dashboard_filter_tests:setup/0 (/Users/sac/erlmcp/_build/test/extras/apps/erlmcp_observability/test/erlmcp_dashboard_filter_tests.erl, line 41)
**error:{badmatch,{error,{erlmcp_core,{"no such file or directory",
                               "erlmcp_core.app"}}}}
    </error>
    <system-out>
    </system-out>
  </testcase>
  <testcase time="0.000" name="fixture setup [1,7,1,6]">
    <error type="error">
::in function erlmcp_dashboard_filter_tests:setup/0 (/Users/sac/erlmcp/_build/test/extras/apps/erlmcp_observability/test/erlmcp_dashboard_filter_tests.erl, line 41)
**error:{badmatch,{error,{erlmcp_core,{"no such file or directory",
                               "erlmcp_core.app"}}}}
    </error>
    <system-out>
    </system-out>
  </testcase>
  <testcase time="0.000" name="fixture setup [1,7,1,7]">
    <error type="error">
::in function erlmcp_dashboard_filter_tests:setup/0 (/Users/sac/erlmcp/_build/test/extras/apps/erlmcp_observability/test/erlmcp_dashboard_filter_tests.erl, line 41)
**error:{badmatch,{error,{erlmcp_core,{"no such file or directory",
                               "erlmcp_core.app"}}}}
    </error>
    <system-out>
    </system-out>
  </testcase>
  <testcase time="0.000" name="fixture setup [1,7,1,8]">
    <error type="error">
::in function erlmcp_dashboard_filter_tests:setup/0 (/Users/sac/erlmcp/_build/test/extras/apps/erlmcp_observability/test/erlmcp_dashboard_filter_tests.erl, line 41)
**error:{badmatch,{error,{erlmcp_core,{"no such file or directory",
                               "erlmcp_core.app"}}}}
    </error>
    <system-out>
    </system-out>
  </testcase>
  <testcase time="0.000" name="fixture setup [1,7,1,9]">
    <error type="error">
::in function erlmcp_dashboard_filter_tests:setup/0 (/Users/sac/erlmcp/_build/test/extras/apps/erlmcp_observability/test/erlmcp_dashboard_filter_tests.erl, line 41)
**error:{badmatch,{error,{erlmcp_core,{"no such file or directory",
                               "erlmcp_core.app"}}}}
    </error>
    <system-out>
    </system-out>
  </testcase>
  <testcase time="0.000" name="fixture setup [1,7,1,10]">
    <error type="error">
::in function erlmcp_dashboard_filter_tests:setup/0 (/Users/sac/erlmcp/_build/test/extras/apps/erlmcp_observability/test/erlmcp_dashboard_filter_tests.erl, line 41)
**error:{badmatch,{error,{erlmcp_core,{"no such file or directory",
                               "erlmcp_core.app"}}}}
    </error>
    <system-out>
    </system-out>
  </testcase>
  <testcase time="0.003" name="erlmcp_recovery_generic_tests:0 find_supervisor_for_observability_component_test">
    <error type="error">
::in function erlmcp_recovery_manager:start_link/0
  called as start_link()
in call from erlmcp_recovery_generic_tests:setup/0 (/Users/sac/erlmcp/_build/test/extras/apps/erlmcp_observability/test/erlmcp_recovery_generic_tests.erl, line 12)
in call from erlmcp_recovery_generic_tests:find_supervisor_for_observability_component_test/0 (/Users/sac/erlmcp/_build/test/extras/apps/erlmcp_observability/test/erlmcp_recovery_generic_tests.erl, line 23)
in call from erlmcp_recovery_generic_tests:find_supervisor_for_observability_component_test/0
**error:undef
    </error>
    <system-out>
    </system-out>
  </testcase>
  <testcase time="0.009" name="erlmcp_recovery_generic_tests:0 find_supervisor_for_unknown_component_test">
    <error type="error">
::in function erlmcp_recovery_manager:start_link/0
  called as start_link()
in call from erlmcp_recovery_generic_tests:setup/0 (/Users/sac/erlmcp/_build/test/extras/apps/erlmcp_observability/test/erlmcp_recovery_generic_tests.erl, line 12)
in call from erlmcp_recovery_generic_tests:find_supervisor_for_unknown_component_test/0 (/Users/sac/erlmcp/_build/test/extras/apps/erlmcp_observability/test/erlmcp_recovery_generic_tests.erl, line 34)
in call from erlmcp_recovery_generic_tests:find_supervisor_for_unknown_component_test/0
**error:undef
    </error>
    <system-out>
    </system-out>
  </testcase>
  <testcase time="0.003" name="erlmcp_recovery_generic_tests:0 find_supervisor_for_core_component_test">
    <error type="error">
::in function erlmcp_recovery_manager:start_link/0
  called as start_link()
in call from erlmcp_recovery_generic_tests:setup/0 (/Users/sac/erlmcp/_build/test/extras/apps/erlmcp_observability/test/erlmcp_recovery_generic_tests.erl, line 12)
in call from erlmcp_recovery_generic_tests:find_supervisor_for_core_component_test/0 (/Users/sac/erlmcp/_build/test/extras/apps/erlmcp_observability/test/erlmcp_recovery_generic_tests.erl, line 40)
in call from erlmcp_recovery_generic_tests:find_supervisor_for_core_component_test/0
**error:undef
    </error>
    <system-out>
    </system-out>
  </testcase>
  <testcase time="0.008" name="erlmcp_recovery_generic_tests:0 restart_generic_component_success_test">
    <error type="error">
::in function erlmcp_recovery_manager:start_link/0
  called as start_link()
in call from erlmcp_recovery_generic_tests:setup/0 (/Users/sac/erlmcp/_build/test/extras/apps/erlmcp_observability/test/erlmcp_recovery_generic_tests.erl, line 12)
in call from erlmcp_recovery_generic_tests:restart_generic_component_success_test/0 (/Users/sac/erlmcp/_build/test/extras/apps/erlmcp_observability/test/erlmcp_recovery_generic_tests.erl, line 54)
in call from erlmcp_recovery_generic_tests:restart_generic_component_success_test/0
**error:undef
    </error>
    <system-out>
    </system-out>
  </testcase>
  <testcase time="0.006" name="erlmcp_recovery_generic_tests:0 restart_generic_nonexistent_component_test">
    <error type="error">
::in function erlmcp_recovery_manager:start_link/0
  called as start_link()
in call from erlmcp_recovery_generic_tests:setup/0 (/Users/sac/erlmcp/_build/test/extras/apps/erlmcp_observability/test/erlmcp_recovery_generic_tests.erl, line 12)
in call from erlmcp_recovery_generic_tests:restart_generic_nonexistent_component_test/0 (/Users/sac/erlmcp/_build/test/extras/apps/erlmcp_observability/test/erlmcp_recovery_generic_tests.erl, line 59)
in call from erlmcp_recovery_generic_tests:restart_generic_nonexistent_component_test/0
**error:undef
    </error>
    <system-out>
    </system-out>
  </testcase>
  <testcase time="0.007" name="erlmcp_recovery_generic_tests:0 restart_with_cooldown_prevents_thrashing_test">
    <error type="error">
::in function erlmcp_recovery_manager:start_link/0
  called as start_link()
in call from erlmcp_recovery_generic_tests:setup/0 (/Users/sac/erlmcp/_build/test/extras/apps/erlmcp_observability/test/erlmcp_recovery_generic_tests.erl, line 12)
in call from erlmcp_recovery_generic_tests:restart_with_cooldown_prevents_thrashing_test/0 (/Users/sac/erlmcp/_build/test/extras/apps/erlmcp_observability/test/erlmcp_recovery_generic_tests.erl, line 69)
in call from erlmcp_recovery_generic_tests:restart_with_cooldown_prevents_thrashing_test/0
**error:undef
    </error>
    <system-out>
    </system-out>
  </testcase>
  <testcase time="0.000" name="erlmcp_recovery_generic_tests:0 restart_permanent_worker_test">
    <error type="exit">
::in function gen_server:call/3 (gen_server.erl, line 1301)
in call from erlmcp_recovery_generic_tests:restart_permanent_worker_test/0 (/Users/sac/erlmcp/_build/test/extras/apps/erlmcp_observability/test/erlmcp_recovery_generic_tests.erl, line 92)
in call from eunit_test:'-mf_wrapper/2-fun-0-'/2 (eunit_test.erl, line 285)
in call from eunit_test:run_testfun/1 (eunit_test.erl, line 83)
in call from eunit_proc:run_test/1 (eunit_proc.erl, line 554)
in call from eunit_proc:with_timeout/3 (eunit_proc.erl, line 379)
in call from eunit_proc:handle_test/2 (eunit_proc.erl, line 537)
in call from eunit_proc:tests_inorder/3 (eunit_proc.erl, line 479)
**exit:{noproc,{gen_server,call,
                    [erlmcp_recovery_test_sup,
                     {start_child,[permanent_test_worker,[]]},
                     infinity]}}
    </error>
    <system-out>
    </system-out>
  </testcase>
  <testcase time="0.000" name="erlmcp_recovery_generic_tests:0 restart_temporary_worker_test">
    <error type="exit">
::in function gen_server:call/3 (gen_server.erl, line 1301)
in call from erlmcp_recovery_generic_tests:restart_temporary_worker_test/0 (/Users/sac/erlmcp/_build/test/extras/apps/erlmcp_observability/test/erlmcp_recovery_generic_tests.erl, line 109)
in call from eunit_test:'-mf_wrapper/2-fun-0-'/2 (eunit_test.erl, line 285)
in call from eunit_test:run_testfun/1 (eunit_test.erl, line 83)
in call from eunit_proc:run_test/1 (eunit_proc.erl, line 554)
in call from eunit_proc:with_timeout/3 (eunit_proc.erl, line 379)
in call from eunit_proc:handle_test/2 (eunit_proc.erl, line 537)
in call from eunit_proc:tests_inorder/3 (eunit_proc.erl, line 479)
**exit:{noproc,{gen_server,call,
                    [erlmcp_recovery_test_sup,
                     {start_child,[temporary_test_worker,[]]},
                     infinity]}}
    </error>
    <system-out>
    </system-out>
  </testcase>
  <testcase time="0.000" name="erlmcp_recovery_generic_tests:0 restart_transient_worker_after_abnormal_exit_test">
    <error type="exit">
::in function gen_server:call/3 (gen_server.erl, line 1301)
in call from erlmcp_recovery_generic_tests:restart_transient_worker_after_abnormal_exit_test/0 (/Users/sac/erlmcp/_build/test/extras/apps/erlmcp_observability/test/erlmcp_recovery_generic_tests.erl, line 126)
in call from eunit_test:'-mf_wrapper/2-fun-0-'/2 (eunit_test.erl, line 285)
in call from eunit_test:run_testfun/1 (eunit_test.erl, line 83)
in call from eunit_proc:run_test/1 (eunit_proc.erl, line 554)
in call from eunit_proc:with_timeout/3 (eunit_proc.erl, line 379)
in call from eunit_proc:handle_test/2 (eunit_proc.erl, line 537)
in call from eunit_proc:tests_inorder/3 (eunit_proc.erl, line 479)
**exit:{noproc,{gen_server,call,
                    [erlmcp_recovery_test_sup,
                     {start_child,[transient_test_worker,[]]},
                     infinity]}}
    </error>
    <system-out>
    </system-out>
  </testcase>
  <testcase time="0.000" name="erlmcp_recovery_generic_tests:0 restart_transient_worker_no_restart_after_normal_exit_test">
    <error type="exit">
::in function gen_server:call/3 (gen_server.erl, line 1301)
in call from erlmcp_recovery_generic_tests:restart_transient_worker_no_restart_after_normal_exit_test/0 (/Users/sac/erlmcp/_build/test/extras/apps/erlmcp_observability/test/erlmcp_recovery_generic_tests.erl, line 143)
in call from eunit_test:'-mf_wrapper/2-fun-0-'/2 (eunit_test.erl, line 285)
in call from eunit_test:run_testfun/1 (eunit_test.erl, line 83)
in call from eunit_proc:run_test/1 (eunit_proc.erl, line 554)
in call from eunit_proc:with_timeout/3 (eunit_proc.erl, line 379)
in call from eunit_proc:handle_test/2 (eunit_proc.erl, line 537)
in call from eunit_proc:tests_inorder/3 (eunit_proc.erl, line 479)
**exit:{noproc,{gen_server,call,
                    [erlmcp_recovery_test_sup,
                     {start_child,[transient_test_worker,[]]},
                     infinity]}}
    </error>
    <system-out>
    </system-out>
  </testcase>
  <testcase time="0.006" name="erlmcp_recovery_generic_tests:0 restart_tracks_metrics_test">
    <error type="error">
::in function erlmcp_recovery_manager:start_link/0
  called as start_link()
in call from erlmcp_recovery_generic_tests:setup/0 (/Users/sac/erlmcp/_build/test/extras/apps/erlmcp_observability/test/erlmcp_recovery_generic_tests.erl, line 12)
in call from erlmcp_recovery_generic_tests:restart_tracks_metrics_test/0 (/Users/sac/erlmcp/_build/test/extras/apps/erlmcp_observability/test/erlmcp_recovery_generic_tests.erl, line 160)
in call from erlmcp_recovery_generic_tests:restart_tracks_metrics_test/0
**error:undef
    </error>
    <system-out>
    </system-out>
  </testcase>
  <testcase time="0.002" name="erlmcp_recovery_generic_tests:0 integration_restart_workflow_test">
    <error type="error">
::in function erlmcp_recovery_manager:start_link/0
  called as start_link()
in call from erlmcp_recovery_generic_tests:setup/0 (/Users/sac/erlmcp/_build/test/extras/apps/erlmcp_observability/test/erlmcp_recovery_generic_tests.erl, line 12)
in call from erlmcp_recovery_generic_tests:integration_restart_workflow_test/0 (/Users/sac/erlmcp/_build/test/extras/apps/erlmcp_observability/test/erlmcp_recovery_generic_tests.erl, line 184)
in call from erlmcp_recovery_generic_tests:integration_restart_workflow_test/0
**error:undef
    </error>
    <system-out>
    </system-out>
  </testcase>
  <testcase time="0.005" name="erlmcp_tracing_tests:22 -normalize_attr_key_test_/0-fun-7-">
    <error type="error">
::in function erlmcp_tracing:normalize_attr_key/1
  called as normalize_attr_key(&lt;&lt;"test_key"&gt;&gt;)
in call from erlmcp_tracing_tests:'-normalize_attr_key_test_/0-fun-7-'/0 (/Users/sac/erlmcp/_build/test/extras/apps/erlmcp_observability/test/erlmcp_tracing_tests.erl, line 22)
in call from eunit_test:run_testfun/1 (eunit_test.erl, line 83)
in call from eunit_proc:run_test/1 (eunit_proc.erl, line 554)
in call from eunit_proc:with_timeout/3 (eunit_proc.erl, line 379)
in call from eunit_proc:handle_test/2 (eunit_proc.erl, line 537)
in call from eunit_proc:tests_inorder/3 (eunit_proc.erl, line 479)
in call from eunit_proc:with_timeout/3 (eunit_proc.erl, line 369)
**error:undef
    </error>
    <system-out>
    </system-out>
  </testcase>
  <testcase time="0.003" name="erlmcp_tracing_tests:23 -normalize_attr_key_test_/0-fun-5-">
    <error type="error">
::in function erlmcp_tracing:normalize_attr_key/1
  called as normalize_attr_key(atom_key)
in call from erlmcp_tracing_tests:'-normalize_attr_key_test_/0-fun-5-'/0 (/Users/sac/erlmcp/_build/test/extras/apps/erlmcp_observability/test/erlmcp_tracing_tests.erl, line 23)
in call from eunit_test:run_testfun/1 (eunit_test.erl, line 83)
in call from eunit_proc:run_test/1 (eunit_proc.erl, line 554)
in call from eunit_proc:with_timeout/3 (eunit_proc.erl, line 379)
in call from eunit_proc:handle_test/2 (eunit_proc.erl, line 537)
in call from eunit_proc:tests_inorder/3 (eunit_proc.erl, line 479)
in call from eunit_proc:with_timeout/3 (eunit_proc.erl, line 369)
**error:undef
    </error>
    <system-out>
    </system-out>
  </testcase>
  <testcase time="0.003" name="erlmcp_tracing_tests:24 -normalize_attr_key_test_/0-fun-3-">
    <error type="error">
::in function erlmcp_tracing:normalize_attr_key/1
  called as normalize_attr_key("string_key")
in call from erlmcp_tracing_tests:'-normalize_attr_key_test_/0-fun-3-'/0 (/Users/sac/erlmcp/_build/test/extras/apps/erlmcp_observability/test/erlmcp_tracing_tests.erl, line 24)
in call from eunit_test:run_testfun/1 (eunit_test.erl, line 83)
in call from eunit_proc:run_test/1 (eunit_proc.erl, line 554)
in call from eunit_proc:with_timeout/3 (eunit_proc.erl, line 379)
in call from eunit_proc:handle_test/2 (eunit_proc.erl, line 537)
in call from eunit_proc:tests_inorder/3 (eunit_proc.erl, line 479)
in call from eunit_proc:with_timeout/3 (eunit_proc.erl, line 369)
**error:undef
    </error>
    <system-out>
    </system-out>
  </testcase>
  <testcase time="0.002" name="erlmcp_tracing_tests:25 -normalize_attr_key_test_/0-fun-1-">
    <error type="error">
::in function erlmcp_tracing:normalize_attr_key/1
  called as normalize_attr_key(123)
in call from erlmcp_tracing_tests:'-normalize_attr_key_test_/0-fun-1-'/0 (/Users/sac/erlmcp/_build/test/extras/apps/erlmcp_observability/test/erlmcp_tracing_tests.erl, line 25)
in call from eunit_test:run_testfun/1 (eunit_test.erl, line 83)
in call from eunit_proc:run_test/1 (eunit_proc.erl, line 554)
in call from eunit_proc:with_timeout/3 (eunit_proc.erl, line 379)
in call from eunit_proc:handle_test/2 (eunit_proc.erl, line 537)
in call from eunit_proc:tests_inorder/3 (eunit_proc.erl, line 479)
in call from eunit_proc:with_timeout/3 (eunit_proc.erl, line 369)
**error:undef
    </error>
    <system-out>
    </system-out>
  </testcase>
  <testcase time="0.001" name="erlmcp_tracing_tests:29 -normalize_attr_value_test_/0-fun-13-">
    <error type="error">
::in function erlmcp_tracing:normalize_attr_value/1
  called as normalize_attr_value(&lt;&lt;"binary_value"&gt;&gt;)
in call from erlmcp_tracing_tests:'-normalize_attr_value_test_/0-fun-13-'/0 (/Users/sac/erlmcp/_build/test/extras/apps/erlmcp_observability/test/erlmcp_tracing_tests.erl, line 29)
in call from eunit_test:run_testfun/1 (eunit_test.erl, line 83)
in call from eunit_proc:run_test/1 (eunit_proc.erl, line 554)
in call from eunit_proc:with_timeout/3 (eunit_proc.erl, line 379)
in call from eunit_proc:handle_test/2 (eunit_proc.erl, line 537)
in call from eunit_proc:tests_inorder/3 (eunit_proc.erl, line 479)
in call from eunit_proc:with_timeout/3 (eunit_proc.erl, line 369)
**error:undef
    </error>
    <system-out>
    </system-out>
  </testcase>
  <testcase time="0.002" name="erlmcp_tracing_tests:30 -normalize_attr_value_test_/0-fun-11-">
    <error type="error">
::in function erlmcp_tracing:normalize_attr_value/1
  called as normalize_attr_value(123)
in call from erlmcp_tracing_tests:'-normalize_attr_value_test_/0-fun-11-'/0 (/Users/sac/erlmcp/_build/test/extras/apps/erlmcp_observability/test/erlmcp_tracing_tests.erl, line 30)
in call from eunit_test:run_testfun/1 (eunit_test.erl, line 83)
in call from eunit_proc:run_test/1 (eunit_proc.erl, line 554)
in call from eunit_proc:with_timeout/3 (eunit_proc.erl, line 379)
in call from eunit_proc:handle_test/2 (eunit_proc.erl, line 537)
in call from eunit_proc:tests_inorder/3 (eunit_proc.erl, line 479)
in call from eunit_proc:with_timeout/3 (eunit_proc.erl, line 369)
**error:undef
    </error>
    <system-out>
    </system-out>
  </testcase>
  <testcase time="0.001" name="erlmcp_tracing_tests:31 -normalize_attr_value_test_/0-fun-9-">
    <error type="error">
::in function erlmcp_tracing:normalize_attr_value/1
  called as normalize_attr_value(45.6)
in call from erlmcp_tracing_tests:'-normalize_attr_value_test_/0-fun-9-'/0 (/Users/sac/erlmcp/_build/test/extras/apps/erlmcp_observability/test/erlmcp_tracing_tests.erl, line 31)
in call from eunit_test:run_testfun/1 (eunit_test.erl, line 83)
in call from eunit_proc:run_test/1 (eunit_proc.erl, line 554)
in call from eunit_proc:with_timeout/3 (eunit_proc.erl, line 379)
in call from eunit_proc:handle_test/2 (eunit_proc.erl, line 537)
in call from eunit_proc:tests_inorder/3 (eunit_proc.erl, line 479)
in call from eunit_proc:with_timeout/3 (eunit_proc.erl, line 369)
**error:undef
    </error>
    <system-out>
    </system-out>
  </testcase>
  <testcase time="0.001" name="erlmcp_tracing_tests:32 -normalize_attr_value_test_/0-fun-7-">
    <error type="error">
::in function erlmcp_tracing:normalize_attr_value/1
  called as normalize_attr_value(true)
in call from erlmcp_tracing_tests:'-normalize_attr_value_test_/0-fun-7-'/0 (/Users/sac/erlmcp/_build/test/extras/apps/erlmcp_observability/test/erlmcp_tracing_tests.erl, line 32)
in call from eunit_test:run_testfun/1 (eunit_test.erl, line 83)
in call from eunit_proc:run_test/1 (eunit_proc.erl, line 554)
in call from eunit_proc:with_timeout/3 (eunit_proc.erl, line 379)
in call from eunit_proc:handle_test/2 (eunit_proc.erl, line 537)
in call from eunit_proc:tests_inorder/3 (eunit_proc.erl, line 479)
in call from eunit_proc:with_timeout/3 (eunit_proc.erl, line 369)
**error:undef
    </error>
    <system-out>
    </system-out>
  </testcase>
  <testcase time="0.002" name="erlmcp_tracing_tests:33 -normalize_attr_value_test_/0-fun-5-">
    <error type="error">
::in function erlmcp_tracing:normalize_attr_value/1
  called as normalize_attr_value(false)
in call from erlmcp_tracing_tests:'-normalize_attr_value_test_/0-fun-5-'/0 (/Users/sac/erlmcp/_build/test/extras/apps/erlmcp_observability/test/erlmcp_tracing_tests.erl, line 33)
in call from eunit_test:run_testfun/1 (eunit_test.erl, line 83)
in call from eunit_proc:run_test/1 (eunit_proc.erl, line 554)
in call from eunit_proc:with_timeout/3 (eunit_proc.erl, line 379)
in call from eunit_proc:handle_test/2 (eunit_proc.erl, line 537)
in call from eunit_proc:tests_inorder/3 (eunit_proc.erl, line 479)
in call from eunit_proc:with_timeout/3 (eunit_proc.erl, line 369)
**error:undef
    </error>
    <system-out>
    </system-out>
  </testcase>
  <testcase time="0.002" name="erlmcp_tracing_tests:34 -normalize_attr_value_test_/0-fun-3-">
    <error type="error">
::in function erlmcp_tracing:normalize_attr_value/1
  called as normalize_attr_value(atom_value)
in call from erlmcp_tracing_tests:'-normalize_attr_value_test_/0-fun-3-'/0 (/Users/sac/erlmcp/_build/test/extras/apps/erlmcp_observability/test/erlmcp_tracing_tests.erl, line 34)
in call from eunit_test:run_testfun/1 (eunit_test.erl, line 83)
in call from eunit_proc:run_test/1 (eunit_proc.erl, line 554)
in call from eunit_proc:with_timeout/3 (eunit_proc.erl, line 379)
in call from eunit_proc:handle_test/2 (eunit_proc.erl, line 537)
in call from eunit_proc:tests_inorder/3 (eunit_proc.erl, line 479)
in call from eunit_proc:with_timeout/3 (eunit_proc.erl, line 369)
**error:undef
    </error>
    <system-out>
    </system-out>
  </testcase>
  <testcase time="0.002" name="erlmcp_tracing_tests:35 -normalize_attr_value_test_/0-fun-1-">
    <error type="error">
::in function erlmcp_tracing:normalize_attr_value/1
  called as normalize_attr_value("string_value")
in call from erlmcp_tracing_tests:'-normalize_attr_value_test_/0-fun-1-'/0 (/Users/sac/erlmcp/_build/test/extras/apps/erlmcp_observability/test/erlmcp_tracing_tests.erl, line 35)
in call from eunit_test:run_testfun/1 (eunit_test.erl, line 83)
in call from eunit_proc:run_test/1 (eunit_proc.erl, line 554)
in call from eunit_proc:with_timeout/3 (eunit_proc.erl, line 379)
in call from eunit_proc:handle_test/2 (eunit_proc.erl, line 537)
in call from eunit_proc:tests_inorder/3 (eunit_proc.erl, line 479)
in call from eunit_proc:with_timeout/3 (eunit_proc.erl, line 369)
**error:undef
    </error>
    <system-out>
    </system-out>
  </testcase>
  <testcase time="0.000" name="fixture setup [1,9,1,12]">
    <error type="error">
::in function erlmcp_otel:init/1
  called as init(#{service_name =&gt; &lt;&lt;"tracing_test"&gt;&gt;,exporters =&gt; [console]})
in call from erlmcp_tracing_tests:'-span_lifecycle_test_/0-fun-5-'/0 (/Users/sac/erlmcp/_build/test/extras/apps/erlmcp_observability/test/erlmcp_tracing_tests.erl, line 47)
**error:undef
    </error>
    <system-out>
    </system-out>
  </testcase>
  <testcase time="0.000" name="fixture setup [1,9,1,13]">
    <error type="error">
::in function erlmcp_otel:init/1
  called as init(#{service_name =&gt; &lt;&lt;"tracing_test"&gt;&gt;,exporters =&gt; [console]})
in call from erlmcp_tracing_tests:'-server_span_test_/0-fun-5-'/0 (/Users/sac/erlmcp/_build/test/extras/apps/erlmcp_observability/test/erlmcp_tracing_tests.erl, line 81)
**error:undef
    </error>
    <system-out>
    </system-out>
  </testcase>
  <testcase time="0.000" name="fixture setup [1,9,1,14]">
    <error type="error">
::in function erlmcp_otel:init/1
  called as init(#{service_name =&gt; &lt;&lt;"tracing_test"&gt;&gt;,exporters =&gt; [console]})
in call from erlmcp_tracing_tests:'-transport_span_test_/0-fun-5-'/0 (/Users/sac/erlmcp/_build/test/extras/apps/erlmcp_observability/test/erlmcp_tracing_tests.erl, line 105)
**error:undef
    </error>
    <system-out>
    </system-out>
  </testcase>
  <testcase time="0.000" name="fixture setup [1,9,1,15]">
    <error type="error">
::in function erlmcp_otel:init/1
  called as init(#{service_name =&gt; &lt;&lt;"tracing_test"&gt;&gt;,exporters =&gt; [console]})
in call from erlmcp_tracing_tests:'-record_error_test_/0-fun-4-'/0 (/Users/sac/erlmcp/_build/test/extras/apps/erlmcp_observability/test/erlmcp_tracing_tests.erl, line 137)
**error:undef
    </error>
    <system-out>
    </system-out>
  </testcase>
  <testcase time="0.000" name="fixture setup [1,9,1,16]">
    <error type="error">
::in function erlmcp_otel:init/1
  called as init(#{service_name =&gt; &lt;&lt;"tracing_test"&gt;&gt;,exporters =&gt; [console]})
in call from erlmcp_tracing_tests:'-record_exception_test_/0-fun-4-'/0 (/Users/sac/erlmcp/_build/test/extras/apps/erlmcp_observability/test/erlmcp_tracing_tests.erl, line 164)
**error:undef
    </error>
    <system-out>
    </system-out>
  </testcase>
  <testcase time="0.000" name="fixture setup [1,9,1,17]">
    <error type="error">
::in function erlmcp_otel:init/1
  called as init(#{service_name =&gt; &lt;&lt;"tracing_test"&gt;&gt;,exporters =&gt; [console]})
in call from erlmcp_tracing_tests:'-record_metrics_test_/0-fun-4-'/0 (/Users/sac/erlmcp/_build/test/extras/apps/erlmcp_observability/test/erlmcp_tracing_tests.erl, line 191)
**error:undef
    </error>
    <system-out>
    </system-out>
  </testcase>
  <testcase time="0.000" name="fixture setup [1,9,1,18]">
    <error type="error">
::in function erlmcp_otel:init/1
  called as init(#{service_name =&gt; &lt;&lt;"tracing_test"&gt;&gt;,exporters =&gt; [console]})
in call from erlmcp_tracing_tests:'-record_message_metrics_test_/0-fun-4-'/0 (/Users/sac/erlmcp/_build/test/extras/apps/erlmcp_observability/test/erlmcp_tracing_tests.erl, line 217)
**error:undef
    </error>
    <system-out>
    </system-out>
  </testcase>
  <testcase time="0.002" name="erlmcp_tracing_tests:241 -log_test_/0-fun-1-">
    <error type="error">
::in function erlmcp_tracing:log/2
  called as log("Test log message: ~p",[test_data])
in call from erlmcp_tracing_tests:'-log_test_/0-fun-1-'/0 (/Users/sac/erlmcp/_build/test/extras/apps/erlmcp_observability/test/erlmcp_tracing_tests.erl, line 241)
in call from eunit_test:run_testfun/1 (eunit_test.erl, line 83)
in call from eunit_proc:run_test/1 (eunit_proc.erl, line 554)
in call from eunit_proc:with_timeout/3 (eunit_proc.erl, line 379)
in call from eunit_proc:handle_test/2 (eunit_proc.erl, line 537)
in call from eunit_proc:tests_inorder/3 (eunit_proc.erl, line 479)
in call from eunit_proc:with_timeout/3 (eunit_proc.erl, line 369)
**error:undef
    </error>
    <system-out>
    </system-out>
  </testcase>
  <testcase time="0.000" name="fixture setup [1,9,1,20]">
    <error type="error">
::in function erlmcp_otel:init/1
  called as init(#{service_name =&gt; &lt;&lt;"tracing_test"&gt;&gt;,exporters =&gt; [console]})
in call from erlmcp_tracing_tests:'-add_span_attribute_test_/0-fun-4-'/0 (/Users/sac/erlmcp/_build/test/extras/apps/erlmcp_observability/test/erlmcp_tracing_tests.erl, line 252)
**error:undef
    </error>
    <system-out>
    </system-out>
  </testcase>
  <testcase time="0.000" name="fixture setup [1,9,1,21]">
    <error type="error">
::in function erlmcp_otel:init/1
  called as init(#{service_name =&gt; &lt;&lt;"tracing_test"&gt;&gt;,exporters =&gt; [console]})
in call from erlmcp_tracing_tests:'-span_with_empty_attributes_test_/0-fun-5-'/0 (/Users/sac/erlmcp/_build/test/extras/apps/erlmcp_observability/test/erlmcp_tracing_tests.erl, line 283)
**error:undef
    </error>
    <system-out>
    </system-out>
  </testcase>
  <testcase time="0.000" name="fixture setup [1,9,1,22]">
    <error type="error">
::in function erlmcp_otel:init/1
  called as init(#{service_name =&gt; &lt;&lt;"tracing_test"&gt;&gt;,exporters =&gt; [console]})
in call from erlmcp_tracing_tests:'-set_invalid_status_test_/0-fun-5-'/0 (/Users/sac/erlmcp/_build/test/extras/apps/erlmcp_observability/test/erlmcp_tracing_tests.erl, line 306)
**error:undef
    </error>
    <system-out>
    </system-out>
  </testcase>
  <testcase time="0.000" name="fixture setup [1,9,1,23]">
    <error type="error">
::in function erlmcp_otel:init/1
  called as init(#{service_name =&gt; &lt;&lt;"tracing_test"&gt;&gt;,exporters =&gt; [console]})
in call from erlmcp_tracing_tests:'-concurrent_attributes_test_/0-fun-4-'/0 (/Users/sac/erlmcp/_build/test/extras/apps/erlmcp_observability/test/erlmcp_tracing_tests.erl, line 329)
**error:undef
    </error>
    <system-out>
    </system-out>
  </testcase>
  <testcase time="0.000" name="fixture setup [1,9,1,24]">
    <error type="error">
::in function erlmcp_otel:init/1
  called as init(#{service_name =&gt; &lt;&lt;"tracing_test"&gt;&gt;,exporters =&gt; [console]})
in call from erlmcp_tracing_tests:'-record_error_with_empty_details_test_/0-fun-4-'/0 (/Users/sac/erlmcp/_build/test/extras/apps/erlmcp_observability/test/erlmcp_tracing_tests.erl, line 357)
**error:undef
    </error>
    <system-out>
    </system-out>
  </testcase>
  <testcase time="0.000" name="fixture setup [1,9,1,25]">
    <error type="error">
::in function erlmcp_otel:init/1
  called as init(#{service_name =&gt; &lt;&lt;"tracing_test"&gt;&gt;,exporters =&gt; [console]})
in call from erlmcp_tracing_tests:'-tracing_workflow_test_/0-fun-3-'/0 (/Users/sac/erlmcp/_build/test/extras/apps/erlmcp_observability/test/erlmcp_tracing_tests.erl, line 384)
**error:undef
    </error>
    <system-out>
    </system-out>
  </testcase>
  <testcase time="0.000" name="fixture setup [1,10,1,1]">
    <error type="error">
::in function erlmcp_metrics:start_link/0
  called as start_link()
in call from erlmcp_metrics_aggregation_tests:setup_metrics/0 (/Users/sac/erlmcp/_build/test/extras/apps/erlmcp_observability/test/erlmcp_metrics_aggregation_tests.erl, line 32)
**error:undef
    </error>
    <system-out>
    </system-out>
  </testcase>
  <testcase time="0.000" name="fixture setup [1,10,1,2]">
    <error type="error">
::in function erlmcp_metrics:start_link/0
  called as start_link()
in call from erlmcp_metrics_aggregation_tests:setup_metrics/0 (/Users/sac/erlmcp/_build/test/extras/apps/erlmcp_observability/test/erlmcp_metrics_aggregation_tests.erl, line 32)
**error:undef
    </error>
    <system-out>
    </system-out>
  </testcase>
  <testcase time="0.000" name="fixture setup [1,10,1,3]">
    <error type="error">
::in function erlmcp_metrics:start_link/0
  called as start_link()
in call from erlmcp_metrics_aggregation_tests:setup_metrics/0 (/Users/sac/erlmcp/_build/test/extras/apps/erlmcp_observability/test/erlmcp_metrics_aggregation_tests.erl, line 32)
**error:undef
    </error>
    <system-out>
    </system-out>
  </testcase>
  <testcase time="0.000" name="fixture setup [1,10,1,4]">
    <error type="error">
::in function erlmcp_metrics:start_link/0
  called as start_link()
in call from erlmcp_metrics_aggregation_tests:setup_metrics/0 (/Users/sac/erlmcp/_build/test/extras/apps/erlmcp_observability/test/erlmcp_metrics_aggregation_tests.erl, line 32)
**error:undef
    </error>
    <system-out>
    </system-out>
  </testcase>
  <testcase time="0.000" name="fixture setup [1,10,1,5]">
    <error type="error">
::in function erlmcp_metrics:start_link/0
  called as start_link()
in call from erlmcp_metrics_aggregation_tests:setup_metrics/0 (/Users/sac/erlmcp/_build/test/extras/apps/erlmcp_observability/test/erlmcp_metrics_aggregation_tests.erl, line 32)
**error:undef
    </error>
    <system-out>
    </system-out>
  </testcase>
  <testcase time="0.002" name="erlmcp_performance_validator_tests:48 -validate_latency_pass_test_/0-fun-3-">
    <error type="error">
::in function erlmcp_performance_validator:validate_latency/2
  called as validate_latency(#{&lt;&lt;"latency_p50_us"&gt;&gt; =&gt; 80.0,&lt;&lt;"latency_p95_us"&gt;&gt; =&gt; 400.0,
  &lt;&lt;"latency_p99_us"&gt;&gt; =&gt; 900.0},#{p50_us =&gt; 100,p95_us =&gt; 500,p99_us =&gt; 1000})
in call from erlmcp_performance_validator_tests:'-validate_latency_pass_test_/0-fun-3-'/0 (/Users/sac/erlmcp/_build/test/extras/apps/erlmcp_observability/test/erlmcp_performance_validator_tests.erl, line 60)
in call from eunit_test:run_testfun/1 (eunit_test.erl, line 83)
in call from eunit_proc:run_test/1 (eunit_proc.erl, line 554)
in call from eunit_proc:with_timeout/3 (eunit_proc.erl, line 379)
in call from eunit_proc:handle_test/2 (eunit_proc.erl, line 537)
in call from eunit_proc:tests_inorder/3 (eunit_proc.erl, line 479)
in call from eunit_proc:with_timeout/3 (eunit_proc.erl, line 369)
**error:undef
    </error>
    <system-out>
    </system-out>
  </testcase>
  <testcase time="0.003" name="erlmcp_performance_validator_tests:76 -validate_latency_fail_p50_test_/0-fun-5-">
    <error type="error">
::in function erlmcp_performance_validator:validate_latency/2
  called as validate_latency(#{&lt;&lt;"latency_p50_us"&gt;&gt; =&gt; 150.0,&lt;&lt;"latency_p95_us"&gt;&gt; =&gt; 400.0,
  &lt;&lt;"latency_p99_us"&gt;&gt; =&gt; 900.0},#{p50_us =&gt; 100,p95_us =&gt; 500,p99_us =&gt; 1000})
in call from erlmcp_performance_validator_tests:'-validate_latency_fail_p50_test_/0-fun-5-'/0 (/Users/sac/erlmcp/_build/test/extras/apps/erlmcp_observability/test/erlmcp_performance_validator_tests.erl, line 88)
in call from eunit_test:run_testfun/1 (eunit_test.erl, line 83)
in call from eunit_proc:run_test/1 (eunit_proc.erl, line 554)
in call from eunit_proc:with_timeout/3 (eunit_proc.erl, line 379)
in call from eunit_proc:handle_test/2 (eunit_proc.erl, line 537)
in call from eunit_proc:tests_inorder/3 (eunit_proc.erl, line 479)
in call from eunit_proc:with_timeout/3 (eunit_proc.erl, line 369)
**error:undef
    </error>
    <system-out>
    </system-out>
  </testcase>
  <testcase time="0.002" name="erlmcp_performance_validator_tests:114 -validate_latency_multiple_violations_test_/0-fun-3-">
    <error type="error">
::in function erlmcp_performance_validator:validate_latency/2
  called as validate_latency(#{&lt;&lt;"latency_p50_us"&gt;&gt; =&gt; 150.0,&lt;&lt;"latency_p95_us"&gt;&gt; =&gt; 600.0,
  &lt;&lt;"latency_p99_us"&gt;&gt; =&gt; 1.5e3},#{p50_us =&gt; 100,p95_us =&gt; 500,p99_us =&gt; 1000})
in call from erlmcp_performance_validator_tests:'-validate_latency_multiple_violations_test_/0-fun-3-'/0 (/Users/sac/erlmcp/_build/test/extras/apps/erlmcp_observability/test/erlmcp_performance_validator_tests.erl, line 126)
in call from eunit_test:run_testfun/1 (eunit_test.erl, line 83)
in call from eunit_proc:run_test/1 (eunit_proc.erl, line 554)
in call from eunit_proc:with_timeout/3 (eunit_proc.erl, line 379)
in call from eunit_proc:handle_test/2 (eunit_proc.erl, line 537)
in call from eunit_proc:tests_inorder/3 (eunit_proc.erl, line 479)
in call from eunit_proc:with_timeout/3 (eunit_proc.erl, line 369)
**error:undef
    </error>
    <system-out>
    </system-out>
  </testcase>
  <testcase time="0.002" name="erlmcp_performance_validator_tests:145 -validate_latency_default_thresholds_test_/0-fun-1-">
    <error type="error">
::in function erlmcp_performance_validator:validate_latency/2
  called as validate_latency(#{&lt;&lt;"latency_p50_us"&gt;&gt; =&gt; 90.0,&lt;&lt;"latency_p95_us"&gt;&gt; =&gt; 450.0,
  &lt;&lt;"latency_p99_us"&gt;&gt; =&gt; 950.0},#{})
in call from erlmcp_performance_validator_tests:'-validate_latency_default_thresholds_test_/0-fun-1-'/0 (/Users/sac/erlmcp/_build/test/extras/apps/erlmcp_observability/test/erlmcp_performance_validator_tests.erl, line 153)
in call from eunit_test:run_testfun/1 (eunit_test.erl, line 83)
in call from eunit_proc:run_test/1 (eunit_proc.erl, line 554)
in call from eunit_proc:with_timeout/3 (eunit_proc.erl, line 379)
in call from eunit_proc:handle_test/2 (eunit_proc.erl, line 537)
in call from eunit_proc:tests_inorder/3 (eunit_proc.erl, line 479)
in call from eunit_proc:with_timeout/3 (eunit_proc.erl, line 369)
**error:undef
    </error>
    <system-out>
    </system-out>
  </testcase>
  <testcase time="0.001" name="erlmcp_performance_validator_tests:166 -validate_latency_missing_fields_test_/0-fun-2-">
    <error type="error">
::in function erlmcp_performance_validator:validate_latency/2
  called as validate_latency(#{&lt;&lt;"latency_p50_us"&gt;&gt; =&gt; 80.0,&lt;&lt;"latency_p95_us"&gt;&gt; =&gt; 400.0},#{})
in call from erlmcp_performance_validator_tests:'-validate_latency_missing_fields_test_/0-fun-2-'/0 (/Users/sac/erlmcp/_build/test/extras/apps/erlmcp_observability/test/erlmcp_performance_validator_tests.erl, line 173)
in call from eunit_test:run_testfun/1 (eunit_test.erl, line 83)
in call from eunit_proc:run_test/1 (eunit_proc.erl, line 554)
in call from eunit_proc:with_timeout/3 (eunit_proc.erl, line 379)
in call from eunit_proc:handle_test/2 (eunit_proc.erl, line 537)
in call from eunit_proc:tests_inorder/3 (eunit_proc.erl, line 479)
in call from eunit_proc:with_timeout/3 (eunit_proc.erl, line 369)
**error:undef
    </error>
    <system-out>
    </system-out>
  </testcase>
  <testcase time="0.002" name="erlmcp_performance_validator_tests:192 -validate_throughput_pass_test_/0-fun-4-">
    <error type="error">
::in function erlmcp_performance_validator:validate_throughput/2
  called as validate_throughput(#{&lt;&lt;"throughput_msg_per_s"&gt;&gt; =&gt; 1.5e5},100000)
in call from erlmcp_performance_validator_tests:'-validate_throughput_pass_test_/0-fun-4-'/0 (/Users/sac/erlmcp/_build/test/extras/apps/erlmcp_observability/test/erlmcp_performance_validator_tests.erl, line 200)
in call from eunit_test:run_testfun/1 (eunit_test.erl, line 83)
in call from eunit_proc:run_test/1 (eunit_proc.erl, line 554)
in call from eunit_proc:with_timeout/3 (eunit_proc.erl, line 379)
in call from eunit_proc:handle_test/2 (eunit_proc.erl, line 537)
in call from eunit_proc:tests_inorder/3 (eunit_proc.erl, line 479)
in call from eunit_proc:with_timeout/3 (eunit_proc.erl, line 369)
**error:undef
    </error>
    <system-out>
    </system-out>
  </testcase>
  <testcase time="0.002" name="erlmcp_performance_validator_tests:217 -validate_throughput_fail_test_/0-fun-5-">
    <error type="error">
::in function erlmcp_performance_validator:validate_throughput/2
  called as validate_throughput(#{&lt;&lt;"throughput_msg_per_s"&gt;&gt; =&gt; 5.0e4},100000)
in call from erlmcp_performance_validator_tests:'-validate_throughput_fail_test_/0-fun-5-'/0 (/Users/sac/erlmcp/_build/test/extras/apps/erlmcp_observability/test/erlmcp_performance_validator_tests.erl, line 225)
in call from eunit_test:run_testfun/1 (eunit_test.erl, line 83)
in call from eunit_proc:run_test/1 (eunit_proc.erl, line 554)
in call from eunit_proc:with_timeout/3 (eunit_proc.erl, line 379)
in call from eunit_proc:handle_test/2 (eunit_proc.erl, line 537)
in call from eunit_proc:tests_inorder/3 (eunit_proc.erl, line 479)
in call from eunit_proc:with_timeout/3 (eunit_proc.erl, line 369)
**error:undef
    </error>
    <system-out>
    </system-out>
  </testcase>
  <testcase time="0.002" name="erlmcp_performance_validator_tests:246 -validate_throughput_default_min_test_/0-fun-2-">
    <error type="error">
::in function erlmcp_performance_validator:validate_throughput/2
  called as validate_throughput(#{&lt;&lt;"throughput_msg_per_s"&gt;&gt; =&gt; 1981826.65},undefined)
in call from erlmcp_performance_validator_tests:'-validate_throughput_default_min_test_/0-fun-2-'/0 (/Users/sac/erlmcp/_build/test/extras/apps/erlmcp_observability/test/erlmcp_performance_validator_tests.erl, line 253)
in call from eunit_test:run_testfun/1 (eunit_test.erl, line 83)
in call from eunit_proc:run_test/1 (eunit_proc.erl, line 554)
in call from eunit_proc:with_timeout/3 (eunit_proc.erl, line 379)
in call from eunit_proc:handle_test/2 (eunit_proc.erl, line 537)
in call from eunit_proc:tests_inorder/3 (eunit_proc.erl, line 479)
in call from eunit_proc:with_timeout/3 (eunit_proc.erl, line 369)
**error:undef
    </error>
    <system-out>
    </system-out>
  </testcase>
  <testcase time="0.002" name="erlmcp_performance_validator_tests:268 -validate_throughput_missing_field_test_/0-fun-2-">
    <error type="error">
::in function erlmcp_performance_validator:validate_throughput/2
  called as validate_throughput(#{&lt;&lt;"some_other_field"&gt;&gt; =&gt; 123},100000)
in call from erlmcp_performance_validator_tests:'-validate_throughput_missing_field_test_/0-fun-2-'/0 (/Users/sac/erlmcp/_build/test/extras/apps/erlmcp_observability/test/erlmcp_performance_validator_tests.erl, line 275)
in call from eunit_test:run_testfun/1 (eunit_test.erl, line 83)
in call from eunit_proc:run_test/1 (eunit_proc.erl, line 554)
in call from eunit_proc:with_timeout/3 (eunit_proc.erl, line 379)
in call from eunit_proc:handle_test/2 (eunit_proc.erl, line 537)
in call from eunit_proc:tests_inorder/3 (eunit_proc.erl, line 479)
in call from eunit_proc:with_timeout/3 (eunit_proc.erl, line 369)
**error:undef
    </error>
    <system-out>
    </system-out>
  </testcase>
  <testcase time="0.002" name="erlmcp_performance_validator_tests:294 -validate_memory_pass_test_/0-fun-3-">
    <error type="error">
::in function erlmcp_performance_validator:validate_memory/2
  called as validate_memory(#{&lt;&lt;"memory_per_connection_mib"&gt;&gt; =&gt; 5.0},10)
in call from erlmcp_performance_validator_tests:'-validate_memory_pass_test_/0-fun-3-'/0 (/Users/sac/erlmcp/_build/test/extras/apps/erlmcp_observability/test/erlmcp_performance_validator_tests.erl, line 301)
in call from eunit_test:run_testfun/1 (eunit_test.erl, line 83)
in call from eunit_proc:run_test/1 (eunit_proc.erl, line 554)
in call from eunit_proc:with_timeout/3 (eunit_proc.erl, line 379)
in call from eunit_proc:handle_test/2 (eunit_proc.erl, line 537)
in call from eunit_proc:tests_inorder/3 (eunit_proc.erl, line 479)
in call from eunit_proc:with_timeout/3 (eunit_proc.erl, line 369)
**error:undef
    </error>
    <system-out>
    </system-out>
  </testcase>
  <testcase time="0.002" name="erlmcp_performance_validator_tests:317 -validate_memory_fail_test_/0-fun-4-">
    <error type="error">
::in function erlmcp_performance_validator:validate_memory/2
  called as validate_memory(#{&lt;&lt;"memory_per_connection_mib"&gt;&gt; =&gt; 15.0},10)
in call from erlmcp_performance_validator_tests:'-validate_memory_fail_test_/0-fun-4-'/0 (/Users/sac/erlmcp/_build/test/extras/apps/erlmcp_observability/test/erlmcp_performance_validator_tests.erl, line 324)
in call from eunit_test:run_testfun/1 (eunit_test.erl, line 83)
in call from eunit_proc:run_test/1 (eunit_proc.erl, line 554)
in call from eunit_proc:with_timeout/3 (eunit_proc.erl, line 379)
in call from eunit_proc:handle_test/2 (eunit_proc.erl, line 537)
in call from eunit_proc:tests_inorder/3 (eunit_proc.erl, line 479)
in call from eunit_proc:with_timeout/3 (eunit_proc.erl, line 369)
**error:undef
    </error>
    <system-out>
    </system-out>
  </testcase>
  <testcase time="0.002" name="erlmcp_performance_validator_tests:341 -validate_memory_default_limit_test_/0-fun-2-">
    <error type="error">
::in function erlmcp_performance_validator:validate_memory/2
  called as validate_memory(#{&lt;&lt;"memory_per_connection_mib"&gt;&gt; =&gt; 8.0},undefined)
in call from erlmcp_performance_validator_tests:'-validate_memory_default_limit_test_/0-fun-2-'/0 (/Users/sac/erlmcp/_build/test/extras/apps/erlmcp_observability/test/erlmcp_performance_validator_tests.erl, line 346)
in call from eunit_test:run_testfun/1 (eunit_test.erl, line 83)
in call from eunit_proc:run_test/1 (eunit_proc.erl, line 554)
in call from eunit_proc:with_timeout/3 (eunit_proc.erl, line 379)
in call from eunit_proc:handle_test/2 (eunit_proc.erl, line 537)
in call from eunit_proc:tests_inorder/3 (eunit_proc.erl, line 479)
in call from eunit_proc:with_timeout/3 (eunit_proc.erl, line 369)
**error:undef
    </error>
    <system-out>
    </system-out>
  </testcase>
  <testcase time="0.001" name="erlmcp_performance_validator_tests:365 -validate_concurrency_pass_test_/0-fun-2-">
    <error type="error">
::in function erlmcp_performance_validator:validate_concurrency/2
  called as validate_concurrency(#{&lt;&lt;"concurrent_connections"&gt;&gt; =&gt; 30000},50000)
in call from erlmcp_performance_validator_tests:'-validate_concurrency_pass_test_/0-fun-2-'/0 (/Users/sac/erlmcp/_build/test/extras/apps/erlmcp_observability/test/erlmcp_performance_validator_tests.erl, line 373)
in call from eunit_test:run_testfun/1 (eunit_test.erl, line 83)
in call from eunit_proc:run_test/1 (eunit_proc.erl, line 554)
in call from eunit_proc:with_timeout/3 (eunit_proc.erl, line 379)
in call from eunit_proc:handle_test/2 (eunit_proc.erl, line 537)
in call from eunit_proc:tests_inorder/3 (eunit_proc.erl, line 479)
in call from eunit_proc:with_timeout/3 (eunit_proc.erl, line 369)
**error:undef
    </error>
    <system-out>
    </system-out>
  </testcase>
  <testcase time="0.004" name="erlmcp_performance_validator_tests:389 -validate_concurrency_fail_test_/0-fun-3-">
    <error type="error">
::in function erlmcp_performance_validator:validate_concurrency/2
  called as validate_concurrency(#{&lt;&lt;"concurrent_connections"&gt;&gt; =&gt; 75000},50000)
in call from erlmcp_performance_validator_tests:'-validate_concurrency_fail_test_/0-fun-3-'/0 (/Users/sac/erlmcp/_build/test/extras/apps/erlmcp_observability/test/erlmcp_performance_validator_tests.erl, line 397)
in call from eunit_test:run_testfun/1 (eunit_test.erl, line 83)
in call from eunit_proc:run_test/1 (eunit_proc.erl, line 554)
in call from eunit_proc:with_timeout/3 (eunit_proc.erl, line 379)
in call from eunit_proc:handle_test/2 (eunit_proc.erl, line 537)
in call from eunit_proc:tests_inorder/3 (eunit_proc.erl, line 479)
in call from eunit_proc:with_timeout/3 (eunit_proc.erl, line 369)
**error:undef
    </error>
    <system-out>
    </system-out>
  </testcase>
  <testcase time="0.002" name="erlmcp_performance_validator_tests:418 -benchmark_comparison_pass_test_/0-fun-3-">
    <error type="error">
::in function erlmcp_performance_validator:benchmark_comparison/3
  called as benchmark_comparison(#{&lt;&lt;"latency_p50_us"&gt;&gt; =&gt; 95.0,&lt;&lt;"latency_p95_us"&gt;&gt; =&gt; 475.0,
  &lt;&lt;"latency_p99_us"&gt;&gt; =&gt; 950.0,&lt;&lt;"throughput_msg_per_s"&gt;&gt; =&gt; 1.05e6},#{&lt;&lt;"latency_p50_us"&gt;&gt; =&gt; 100.0,&lt;&lt;"latency_p95_us"&gt;&gt; =&gt; 500.0,
  &lt;&lt;"latency_p99_us"&gt;&gt; =&gt; 1.0e3,&lt;&lt;"throughput_msg_per_s"&gt;&gt; =&gt; 1.0e6},10)
in call from erlmcp_performance_validator_tests:'-benchmark_comparison_pass_test_/0-fun-3-'/0 (/Users/sac/erlmcp/_build/test/extras/apps/erlmcp_observability/test/erlmcp_performance_validator_tests.erl, line 434)
in call from eunit_test:run_testfun/1 (eunit_test.erl, line 83)
in call from eunit_proc:run_test/1 (eunit_proc.erl, line 554)
in call from eunit_proc:with_timeout/3 (eunit_proc.erl, line 379)
in call from eunit_proc:handle_test/2 (eunit_proc.erl, line 537)
in call from eunit_proc:tests_inorder/3 (eunit_proc.erl, line 479)
in call from eunit_proc:with_timeout/3 (eunit_proc.erl, line 369)
**error:undef
    </error>
    <system-out>
    </system-out>
  </testcase>
  <testcase time="0.002" name="erlmcp_performance_validator_tests:452 -benchmark_comparison_regression_test_/0-fun-4-">
    <error type="error">
::in function erlmcp_performance_validator:benchmark_comparison/3
  called as benchmark_comparison(#{&lt;&lt;"latency_p99_us"&gt;&gt; =&gt; 1150.0,&lt;&lt;"throughput_msg_per_s"&gt;&gt; =&gt; 8.5e5},#{&lt;&lt;"latency_p99_us"&gt;&gt; =&gt; 1.0e3,&lt;&lt;"throughput_msg_per_s"&gt;&gt; =&gt; 1.0e6},10)
in call from erlmcp_performance_validator_tests:'-benchmark_comparison_regression_test_/0-fun-4-'/0 (/Users/sac/erlmcp/_build/test/extras/apps/erlmcp_observability/test/erlmcp_performance_validator_tests.erl, line 463)
in call from eunit_test:run_testfun/1 (eunit_test.erl, line 83)
in call from eunit_proc:run_test/1 (eunit_proc.erl, line 554)
in call from eunit_proc:with_timeout/3 (eunit_proc.erl, line 379)
in call from eunit_proc:handle_test/2 (eunit_proc.erl, line 537)
in call from eunit_proc:tests_inorder/3 (eunit_proc.erl, line 479)
in call from eunit_proc:with_timeout/3 (eunit_proc.erl, line 369)
**error:undef
    </error>
    <system-out>
    </system-out>
  </testcase>
  <testcase time="0.004" name="erlmcp_performance_validator_tests:485 -benchmark_comparison_default_tolerance_test_/0-fun-1-">
    <error type="error">
::in function erlmcp_performance_validator:benchmark_comparison/3
  called as benchmark_comparison(#{&lt;&lt;"throughput_msg_per_s"&gt;&gt; =&gt; 9.5e5},#{&lt;&lt;"throughput_msg_per_s"&gt;&gt; =&gt; 1.0e6},undefined)
in call from erlmcp_performance_validator_tests:'-benchmark_comparison_default_tolerance_test_/0-fun-1-'/0 (/Users/sac/erlmcp/_build/test/extras/apps/erlmcp_observability/test/erlmcp_performance_validator_tests.erl, line 493)
in call from eunit_test:run_testfun/1 (eunit_test.erl, line 83)
in call from eunit_proc:run_test/1 (eunit_proc.erl, line 554)
in call from eunit_proc:with_timeout/3 (eunit_proc.erl, line 379)
in call from eunit_proc:handle_test/2 (eunit_proc.erl, line 537)
in call from eunit_proc:tests_inorder/3 (eunit_proc.erl, line 479)
in call from eunit_proc:with_timeout/3 (eunit_proc.erl, line 369)
**error:undef
    </error>
    <system-out>
    </system-out>
  </testcase>
  <testcase time="0.009" name="erlmcp_performance_validator_tests:508 -benchmark_comparison_improvement_test_/0-fun-3-">
    <error type="error">
::in function erlmcp_performance_validator:benchmark_comparison/3
  called as benchmark_comparison(#{&lt;&lt;"latency_p99_us"&gt;&gt; =&gt; 800.0,&lt;&lt;"throughput_msg_per_s"&gt;&gt; =&gt; 1.2e6},#{&lt;&lt;"latency_p99_us"&gt;&gt; =&gt; 1.0e3,&lt;&lt;"throughput_msg_per_s"&gt;&gt; =&gt; 1.0e6},10)
in call from erlmcp_performance_validator_tests:'-benchmark_comparison_improvement_test_/0-fun-3-'/0 (/Users/sac/erlmcp/_build/test/extras/apps/erlmcp_observability/test/erlmcp_performance_validator_tests.erl, line 519)
in call from eunit_test:run_testfun/1 (eunit_test.erl, line 83)
in call from eunit_proc:run_test/1 (eunit_proc.erl, line 554)
in call from eunit_proc:with_timeout/3 (eunit_proc.erl, line 379)
in call from eunit_proc:handle_test/2 (eunit_proc.erl, line 537)
in call from eunit_proc:tests_inorder/3 (eunit_proc.erl, line 479)
in call from eunit_proc:with_timeout/3 (eunit_proc.erl, line 369)
**error:undef
    </error>
    <system-out>
    </system-out>
  </testcase>
  <testcase time="0.007" name="erlmcp_performance_validator_tests:541 -generate_performance_report_all_pass_test_/0-fun-8-">
    <error type="error">
::in function erlmcp_performance_validator:generate_performance_report/1
  called as generate_performance_report(#{memory =&gt; #{&lt;&lt;"memory_per_connection_mib"&gt;&gt; =&gt; 5.0},
  throughput =&gt; #{&lt;&lt;"throughput_msg_per_s"&gt;&gt; =&gt; 1.5e5},
  latency =&gt;
      #{&lt;&lt;"latency_p50_us"&gt;&gt; =&gt; 80.0,&lt;&lt;"latency_p95_us"&gt;&gt; =&gt; 400.0,
        &lt;&lt;"latency_p99_us"&gt;&gt; =&gt; 900.0},
  concurrency =&gt; #{&lt;&lt;"concurrent_connections"&gt;&gt; =&gt; 30000}})
in call from erlmcp_performance_validator_tests:'-generate_performance_report_all_pass_test_/0-fun-8-'/0 (/Users/sac/erlmcp/_build/test/extras/apps/erlmcp_observability/test/erlmcp_performance_validator_tests.erl, line 553)
in call from eunit_test:run_testfun/1 (eunit_test.erl, line 83)
in call from eunit_proc:run_test/1 (eunit_proc.erl, line 554)
in call from eunit_proc:with_timeout/3 (eunit_proc.erl, line 379)
in call from eunit_proc:handle_test/2 (eunit_proc.erl, line 537)
in call from eunit_proc:tests_inorder/3 (eunit_proc.erl, line 479)
in call from eunit_proc:with_timeout/3 (eunit_proc.erl, line 369)
**error:undef
    </error>
    <system-out>
    </system-out>
  </testcase>
  <testcase time="0.004" name="erlmcp_performance_validator_tests:582 -generate_performance_report_mixed_test_/0-fun-6-">
    <error type="error">
::in function erlmcp_performance_validator:generate_performance_report/1
  called as generate_performance_report(#{memory =&gt; #{&lt;&lt;"memory_per_connection_mib"&gt;&gt; =&gt; 5.0},
  throughput =&gt; #{&lt;&lt;"throughput_msg_per_s"&gt;&gt; =&gt; 5.0e4},
  latency =&gt;
      #{&lt;&lt;"latency_p50_us"&gt;&gt; =&gt; 150.0,&lt;&lt;"latency_p95_us"&gt;&gt; =&gt; 400.0,
        &lt;&lt;"latency_p99_us"&gt;&gt; =&gt; 900.0},
  concurrency =&gt; #{&lt;&lt;"concurrent_connections"&gt;&gt; =&gt; 30000}})
in call from erlmcp_performance_validator_tests:'-generate_performance_report_mixed_test_/0-fun-6-'/0 (/Users/sac/erlmcp/_build/test/extras/apps/erlmcp_observability/test/erlmcp_performance_validator_tests.erl, line 597)
in call from eunit_test:run_testfun/1 (eunit_test.erl, line 83)
in call from eunit_proc:run_test/1 (eunit_proc.erl, line 554)
in call from eunit_proc:with_timeout/3 (eunit_proc.erl, line 379)
in call from eunit_proc:handle_test/2 (eunit_proc.erl, line 537)
in call from eunit_proc:tests_inorder/3 (eunit_proc.erl, line 479)
in call from eunit_proc:with_timeout/3 (eunit_proc.erl, line 369)
**error:undef
    </error>
    <system-out>
    </system-out>
  </testcase>
  <testcase time="0.008" name="erlmcp_performance_validator_tests:620 -generate_performance_report_timestamp_test_/0-fun-1-">
    <error type="error">
::in function erlmcp_performance_validator:generate_performance_report/1
  called as generate_performance_report(#{throughput =&gt; #{&lt;&lt;"throughput_msg_per_s"&gt;&gt; =&gt; 1.5e5},
  latency =&gt; #{&lt;&lt;"latency_p50_us"&gt;&gt; =&gt; 80.0}})
in call from erlmcp_performance_validator_tests:'-generate_performance_report_timestamp_test_/0-fun-1-'/0 (/Users/sac/erlmcp/_build/test/extras/apps/erlmcp_observability/test/erlmcp_performance_validator_tests.erl, line 628)
in call from eunit_test:run_testfun/1 (eunit_test.erl, line 83)
in call from eunit_proc:run_test/1 (eunit_proc.erl, line 554)
in call from eunit_proc:with_timeout/3 (eunit_proc.erl, line 379)
in call from eunit_proc:handle_test/2 (eunit_proc.erl, line 537)
in call from eunit_proc:tests_inorder/3 (eunit_proc.erl, line 479)
in call from eunit_proc:with_timeout/3 (eunit_proc.erl, line 369)
**error:undef
    </error>
    <system-out>
    </system-out>
  </testcase>
  <testcase time="0.016" name="erlmcp_performance_validator_tests:647 -real_benchmark_validation_test_/0-fun-3-">
    <error type="error">
::in function erlmcp_performance_validator:generate_performance_report/1
  called as generate_performance_report(#{memory =&gt; #{&lt;&lt;"memory_per_connection_mib"&gt;&gt; =&gt; 2.25e-4},
  throughput =&gt;
      #{&lt;&lt;"benchmark"&gt;&gt; =&gt; &lt;&lt;"core_operations"&gt;&gt;,
        &lt;&lt;"components"&gt;&gt; =&gt;
            #{&lt;&lt;"pool"&gt;&gt; =&gt;
                  #{&lt;&lt;"component"&gt;&gt; =&gt; &lt;&lt;"pool"&gt;&gt;,&lt;&lt;"latency_avg_us"&gt;&gt; =&gt; 0.5,
                    &lt;&lt;"latency_max_us"&gt;&gt; =&gt; 2704.0,
                    &lt;&lt;"latency_min_us"&gt;&gt; =&gt; 0.0,&lt;&lt;"latency_p50_us"&gt;&gt; =&gt; 0.0,
                    &lt;&lt;"latency_p95_us"&gt;&gt; =&gt; 1.0,&lt;&lt;"latency_p99_us"&gt;&gt; =&gt; 1.0,
                    &lt;&lt;"operations"&gt;&gt; =&gt; 100000},
              &lt;&lt;"queue"&gt;&gt; =&gt;
                  #{&lt;&lt;"component"&gt;&gt; =&gt; &lt;&lt;"queue"&gt;&gt;,
                    &lt;&lt;"latency_avg_us"&gt;&gt; =&gt; 0.1,&lt;&lt;"latency_max_us"&gt;&gt; =&gt; 592.0,
                    &lt;&lt;"latency_min_us"&gt;&gt; =&gt; 0.0,&lt;&lt;"latency_p50_us"&gt;&gt; =&gt; 0.0,
                    &lt;&lt;"latency_p95_us"&gt;&gt; =&gt; 1.0,&lt;&lt;"latency_p99_us"&gt;&gt; =&gt; 1.0,
                    &lt;&lt;"operations"&gt;&gt; =&gt; 100000},
              &lt;&lt;"registry"&gt;&gt; =&gt;
                  #{&lt;&lt;"component"&gt;&gt; =&gt; &lt;&lt;"registry"&gt;&gt;,
                    &lt;&lt;"latency_avg_us"&gt;&gt; =&gt; 51.6,
                    &lt;&lt;"latency_max_us"&gt;&gt; =&gt; 101.0,&lt;&lt;"latency_min_us"&gt;&gt; =&gt; 2.0,
                    &lt;&lt;"latency_p50_us"&gt;&gt; =&gt; 52.0,&lt;&lt;"latency_p95_us"&gt;&gt; =&gt; 97.0,
                    &lt;&lt;"latency_p99_us"&gt;&gt; =&gt; 100.0,&lt;&lt;"operations"&gt;&gt; =&gt; 100000},
              &lt;&lt;"session"&gt;&gt; =&gt;
                  #{&lt;&lt;"component"&gt;&gt; =&gt; &lt;&lt;"session"&gt;&gt;,
                    &lt;&lt;"latency_avg_us"&gt;&gt; =&gt; 18.0,
                    &lt;&lt;"latency_max_us"&gt;&gt; =&gt; 45688.0,
                    &lt;&lt;"latency_min_us"&gt;&gt; =&gt; 0.0,&lt;&lt;"latency_p50_us"&gt;&gt; =&gt; 1.0,
                    &lt;&lt;"latency_p95_us"&gt;&gt; =&gt; 32.0,
                    &lt;&lt;"latency_p99_us"&gt;&gt; =&gt; 262.0,&lt;&lt;"operations"&gt;&gt; =&gt; 100000}},
        &lt;&lt;"cpu_percent_avg"&gt;&gt; =&gt; 59.0,&lt;&lt;"duration_s"&gt;&gt; =&gt; 0.2,
        &lt;&lt;"environment"&gt;&gt; =&gt;
            #{&lt;&lt;"erlang_erts_version"&gt;&gt; =&gt; &lt;&lt;"15.2.7.1"&gt;&gt;,
              &lt;&lt;"erlang_version"&gt;&gt; =&gt; &lt;&lt;"OTP-27"&gt;&gt;,
              &lt;&lt;"hostname"&gt;&gt; =&gt; &lt;&lt;"Seans-MacBook-Pro"&gt;&gt;,
              &lt;&lt;"os"&gt;&gt; =&gt; &lt;&lt;"darwin"&gt;&gt;,&lt;&lt;"os_version"&gt;&gt; =&gt; &lt;&lt;"25.2.0"&gt;&gt;},
        &lt;&lt;"latency_p50_us"&gt;&gt; =&gt; 0.0,&lt;&lt;"latency_p95_us"&gt;&gt; =&gt; 85.0,
        &lt;&lt;"latency_p99_us"&gt;&gt; =&gt; 101.0,&lt;&lt;"memory_delta_mib"&gt;&gt; =&gt; 22.5,
        &lt;&lt;"memory_end_mib"&gt;&gt; =&gt; 57.7,&lt;&lt;"memory_start_mib"&gt;&gt; =&gt; 35.2,
        &lt;&lt;"operations"&gt;&gt; =&gt; 400000,&lt;&lt;"precision"&gt;&gt; =&gt; &lt;&lt;"microsecond"&gt;&gt;,...},
  latency =&gt;
      #{&lt;&lt;"latency_p50_us"&gt;&gt; =&gt; 0.0,&lt;&lt;"latency_p95_us"&gt;&gt; =&gt; 85.0,
        &lt;&lt;"latency_p99_us"&gt;&gt; =&gt; 101.0},
  concurrency =&gt; #{&lt;&lt;"concurrent_connections"&gt;&gt; =&gt; 100}})
in call from erlmcp_performance_validator_tests:'-real_benchmark_validation_test_/0-fun-3-'/0 (/Users/sac/erlmcp/_build/test/extras/apps/erlmcp_observability/test/erlmcp_performance_validator_tests.erl, line 670)
in call from eunit_test:run_testfun/1 (eunit_test.erl, line 83)
in call from eunit_proc:run_test/1 (eunit_proc.erl, line 554)
in call from eunit_proc:with_timeout/3 (eunit_proc.erl, line 379)
in call from eunit_proc:handle_test/2 (eunit_proc.erl, line 537)
in call from eunit_proc:tests_inorder/3 (eunit_proc.erl, line 479)
in call from eunit_proc:with_timeout/3 (eunit_proc.erl, line 369)
**error:undef
    </error>
    <system-out>
    </system-out>
  </testcase>
  <testcase time="0.006" name="erlmcp_performance_validator_tests:688 -real_baseline_comparison_test_/0-fun-1-">
    <error type="error">
::in function erlmcp_performance_validator:benchmark_comparison/3
  called as benchmark_comparison(#{&lt;&lt;"benchmark"&gt;&gt; =&gt; &lt;&lt;"core_operations"&gt;&gt;,
  &lt;&lt;"components"&gt;&gt; =&gt;
      #{&lt;&lt;"pool"&gt;&gt; =&gt;
            #{&lt;&lt;"component"&gt;&gt; =&gt; &lt;&lt;"pool"&gt;&gt;,&lt;&lt;"latency_avg_us"&gt;&gt; =&gt; 0.4,
              &lt;&lt;"latency_max_us"&gt;&gt; =&gt; 1044.0,&lt;&lt;"latency_min_us"&gt;&gt; =&gt; 0.0,
              &lt;&lt;"latency_p50_us"&gt;&gt; =&gt; 0.0,&lt;&lt;"latency_p95_us"&gt;&gt; =&gt; 1.0,
              &lt;&lt;"latency_p99_us"&gt;&gt; =&gt; 1.0,&lt;&lt;"operations"&gt;&gt; =&gt; 100000},
        &lt;&lt;"queue"&gt;&gt; =&gt;
            #{&lt;&lt;"component"&gt;&gt; =&gt; &lt;&lt;"queue"&gt;&gt;,&lt;&lt;"latency_avg_us"&gt;&gt; =&gt; 0.1,
              &lt;&lt;"latency_max_us"&gt;&gt; =&gt; 640.0,&lt;&lt;"latency_min_us"&gt;&gt; =&gt; 0.0,
              &lt;&lt;"latency_p50_us"&gt;&gt; =&gt; 0.0,&lt;&lt;"latency_p95_us"&gt;&gt; =&gt; 1.0,
              &lt;&lt;"latency_p99_us"&gt;&gt; =&gt; 1.0,&lt;&lt;"operations"&gt;&gt; =&gt; 100000},
        &lt;&lt;"registry"&gt;&gt; =&gt;
            #{&lt;&lt;"component"&gt;&gt; =&gt; &lt;&lt;"registry"&gt;&gt;,&lt;&lt;"latency_avg_us"&gt;&gt; =&gt; 51.5,
              &lt;&lt;"latency_max_us"&gt;&gt; =&gt; 101.0,&lt;&lt;"latency_min_us"&gt;&gt; =&gt; 2.0,
              &lt;&lt;"latency_p50_us"&gt;&gt; =&gt; 51.0,&lt;&lt;"latency_p95_us"&gt;&gt; =&gt; 97.0,
              &lt;&lt;"latency_p99_us"&gt;&gt; =&gt; 100.0,&lt;&lt;"operations"&gt;&gt; =&gt; 100000},
        &lt;&lt;"session"&gt;&gt; =&gt;
            #{&lt;&lt;"component"&gt;&gt; =&gt; &lt;&lt;"session"&gt;&gt;,&lt;&lt;"latency_avg_us"&gt;&gt; =&gt; 7.6,
              &lt;&lt;"latency_max_us"&gt;&gt; =&gt; 17724.0,&lt;&lt;"latency_min_us"&gt;&gt; =&gt; 0.0,
              &lt;&lt;"latency_p50_us"&gt;&gt; =&gt; 1.0,&lt;&lt;"latency_p95_us"&gt;&gt; =&gt; 18.0,
              &lt;&lt;"latency_p99_us"&gt;&gt; =&gt; 80.0,&lt;&lt;"operations"&gt;&gt; =&gt; 100000}},
  &lt;&lt;"cpu_percent_avg"&gt;&gt; =&gt; 59.0,&lt;&lt;"duration_s"&gt;&gt; =&gt; 0.15,
  &lt;&lt;"environment"&gt;&gt; =&gt;
      #{&lt;&lt;"erlang_erts_version"&gt;&gt; =&gt; &lt;&lt;"15.2.7.1"&gt;&gt;,
        &lt;&lt;"erlang_version"&gt;&gt; =&gt; &lt;&lt;"OTP-27"&gt;&gt;,
        &lt;&lt;"hostname"&gt;&gt; =&gt; &lt;&lt;"Seans-MacBook-Pro"&gt;&gt;,&lt;&lt;"os"&gt;&gt; =&gt; &lt;&lt;"darwin"&gt;&gt;,
        &lt;&lt;"os_version"&gt;&gt; =&gt; &lt;&lt;"25.2.0"&gt;&gt;},
  &lt;&lt;"latency_p50_us"&gt;&gt; =&gt; 0.0,&lt;&lt;"latency_p95_us"&gt;&gt; =&gt; 83.0,
  &lt;&lt;"latency_p99_us"&gt;&gt; =&gt; 98.0,&lt;&lt;"memory_delta_mib"&gt;&gt; =&gt; 22.2,
  &lt;&lt;"memory_end_mib"&gt;&gt; =&gt; 57.1,&lt;&lt;"memory_start_mib"&gt;&gt; =&gt; 34.9,
  &lt;&lt;"operations"&gt;&gt; =&gt; 400000,&lt;&lt;"precision"&gt;&gt; =&gt; &lt;&lt;"microsecond"&gt;&gt;,
  &lt;&lt;"scope"&gt;&gt; =&gt; &lt;&lt;"per_node"&gt;&gt;,...},#{&lt;&lt;"benchmark"&gt;&gt; =&gt; &lt;&lt;"core_operations"&gt;&gt;,
  &lt;&lt;"components"&gt;&gt; =&gt;
      #{&lt;&lt;"pool"&gt;&gt; =&gt;
            #{&lt;&lt;"component"&gt;&gt; =&gt; &lt;&lt;"pool"&gt;&gt;,&lt;&lt;"latency_avg_us"&gt;&gt; =&gt; 0.5,
              &lt;&lt;"latency_max_us"&gt;&gt; =&gt; 2704.0,&lt;&lt;"latency_min_us"&gt;&gt; =&gt; 0.0,
              &lt;&lt;"latency_p50_us"&gt;&gt; =&gt; 0.0,&lt;&lt;"latency_p95_us"&gt;&gt; =&gt; 1.0,
              &lt;&lt;"latency_p99_us"&gt;&gt; =&gt; 1.0,&lt;&lt;"operations"&gt;&gt; =&gt; 100000},
        &lt;&lt;"queue"&gt;&gt; =&gt;
            #{&lt;&lt;"component"&gt;&gt; =&gt; &lt;&lt;"queue"&gt;&gt;,&lt;&lt;"latency_avg_us"&gt;&gt; =&gt; 0.1,
              &lt;&lt;"latency_max_us"&gt;&gt; =&gt; 592.0,&lt;&lt;"latency_min_us"&gt;&gt; =&gt; 0.0,
              &lt;&lt;"latency_p50_us"&gt;&gt; =&gt; 0.0,&lt;&lt;"latency_p95_us"&gt;&gt; =&gt; 1.0,
              &lt;&lt;"latency_p99_us"&gt;&gt; =&gt; 1.0,&lt;&lt;"operations"&gt;&gt; =&gt; 100000},
        &lt;&lt;"registry"&gt;&gt; =&gt;
            #{&lt;&lt;"component"&gt;&gt; =&gt; &lt;&lt;"registry"&gt;&gt;,&lt;&lt;"latency_avg_us"&gt;&gt; =&gt; 51.6,
              &lt;&lt;"latency_max_us"&gt;&gt; =&gt; 101.0,&lt;&lt;"latency_min_us"&gt;&gt; =&gt; 2.0,
              &lt;&lt;"latency_p50_us"&gt;&gt; =&gt; 52.0,&lt;&lt;"latency_p95_us"&gt;&gt; =&gt; 97.0,
              &lt;&lt;"latency_p99_us"&gt;&gt; =&gt; 100.0,&lt;&lt;"operations"&gt;&gt; =&gt; 100000},
        &lt;&lt;"session"&gt;&gt; =&gt;
            #{&lt;&lt;"component"&gt;&gt; =&gt; &lt;&lt;"session"&gt;&gt;,&lt;&lt;"latency_avg_us"&gt;&gt; =&gt; 18.0,
              &lt;&lt;"latency_max_us"&gt;&gt; =&gt; 45688.0,&lt;&lt;"latency_min_us"&gt;&gt; =&gt; 0.0,
              &lt;&lt;"latency_p50_us"&gt;&gt; =&gt; 1.0,&lt;&lt;"latency_p95_us"&gt;&gt; =&gt; 32.0,
              &lt;&lt;"latency_p99_us"&gt;&gt; =&gt; 262.0,&lt;&lt;"operations"&gt;&gt; =&gt; 100000}},
  &lt;&lt;"cpu_percent_avg"&gt;&gt; =&gt; 59.0,&lt;&lt;"duration_s"&gt;&gt; =&gt; 0.2,
  &lt;&lt;"environment"&gt;&gt; =&gt;
      #{&lt;&lt;"erlang_erts_version"&gt;&gt; =&gt; &lt;&lt;"15.2.7.1"&gt;&gt;,
        &lt;&lt;"erlang_version"&gt;&gt; =&gt; &lt;&lt;"OTP-27"&gt;&gt;,
        &lt;&lt;"hostname"&gt;&gt; =&gt; &lt;&lt;"Seans-MacBook-Pro"&gt;&gt;,&lt;&lt;"os"&gt;&gt; =&gt; &lt;&lt;"darwin"&gt;&gt;,
        &lt;&lt;"os_version"&gt;&gt; =&gt; &lt;&lt;"25.2.0"&gt;&gt;},
  &lt;&lt;"latency_p50_us"&gt;&gt; =&gt; 0.0,&lt;&lt;"latency_p95_us"&gt;&gt; =&gt; 85.0,
  &lt;&lt;"latency_p99_us"&gt;&gt; =&gt; 101.0,&lt;&lt;"memory_delta_mib"&gt;&gt; =&gt; 22.5,
  &lt;&lt;"memory_end_mib"&gt;&gt; =&gt; 57.7,&lt;&lt;"memory_start_mib"&gt;&gt; =&gt; 35.2,
  &lt;&lt;"operations"&gt;&gt; =&gt; 400000,&lt;&lt;"precision"&gt;&gt; =&gt; &lt;&lt;"microsecond"&gt;&gt;,
  &lt;&lt;"scope"&gt;&gt; =&gt; &lt;&lt;"per_node"&gt;&gt;,...},10)
in call from erlmcp_performance_validator_tests:'-real_baseline_comparison_test_/0-fun-1-'/0 (/Users/sac/erlmcp/_build/test/extras/apps/erlmcp_observability/test/erlmcp_performance_validator_tests.erl, line 704)
in call from eunit_test:run_testfun/1 (eunit_test.erl, line 83)
in call from eunit_proc:run_test/1 (eunit_proc.erl, line 554)
in call from eunit_proc:with_timeout/3 (eunit_proc.erl, line 379)
in call from eunit_proc:handle_test/2 (eunit_proc.erl, line 537)
in call from eunit_proc:tests_inorder/3 (eunit_proc.erl, line 479)
in call from eunit_proc:with_timeout/3 (eunit_proc.erl, line 369)
**error:undef
    </error>
    <system-out>
    </system-out>
  </testcase>
  <testcase time="0.003" name="erlmcp_performance_validator_tests:722 -validate_empty_metrics_test_/0-fun-2-">
    <error type="error">
::in function erlmcp_performance_validator:generate_performance_report/1
  called as generate_performance_report(#{})
in call from erlmcp_performance_validator_tests:'-validate_empty_metrics_test_/0-fun-2-'/0 (/Users/sac/erlmcp/_build/test/extras/apps/erlmcp_observability/test/erlmcp_performance_validator_tests.erl, line 727)
in call from eunit_test:run_testfun/1 (eunit_test.erl, line 83)
in call from eunit_proc:run_test/1 (eunit_proc.erl, line 554)
in call from eunit_proc:with_timeout/3 (eunit_proc.erl, line 379)
in call from eunit_proc:handle_test/2 (eunit_proc.erl, line 537)
in call from eunit_proc:tests_inorder/3 (eunit_proc.erl, line 479)
in call from eunit_proc:with_timeout/3 (eunit_proc.erl, line 369)
**error:undef
    </error>
    <system-out>
    </system-out>
  </testcase>
  <testcase time="0.003" name="erlmcp_performance_validator_tests:741 -validate_zero_values_test_/0-fun-1-">
    <error type="error">
::in function erlmcp_performance_validator:validate_throughput/2
  called as validate_throughput(#{&lt;&lt;"throughput_msg_per_s"&gt;&gt; =&gt; 0.0},100000)
in call from erlmcp_performance_validator_tests:'-validate_zero_values_test_/0-fun-1-'/0 (/Users/sac/erlmcp/_build/test/extras/apps/erlmcp_observability/test/erlmcp_performance_validator_tests.erl, line 746)
in call from eunit_test:run_testfun/1 (eunit_test.erl, line 83)
in call from eunit_proc:run_test/1 (eunit_proc.erl, line 554)
in call from eunit_proc:with_timeout/3 (eunit_proc.erl, line 379)
in call from eunit_proc:handle_test/2 (eunit_proc.erl, line 537)
in call from eunit_proc:tests_inorder/3 (eunit_proc.erl, line 479)
in call from eunit_proc:with_timeout/3 (eunit_proc.erl, line 369)
**error:undef
    </error>
    <system-out>
    </system-out>
  </testcase>
  <testcase time="0.002" name="erlmcp_performance_validator_tests:759 -validate_negative_values_test_/0-fun-2-">
    <error type="error">
::in function erlmcp_performance_validator:validate_latency/2
  called as validate_latency(#{&lt;&lt;"latency_p50_us"&gt;&gt; =&gt; -10.0,&lt;&lt;"latency_p95_us"&gt;&gt; =&gt; 400.0,
  &lt;&lt;"latency_p99_us"&gt;&gt; =&gt; 900.0},#{})
in call from erlmcp_performance_validator_tests:'-validate_negative_values_test_/0-fun-2-'/0 (/Users/sac/erlmcp/_build/test/extras/apps/erlmcp_observability/test/erlmcp_performance_validator_tests.erl, line 767)
in call from eunit_test:run_testfun/1 (eunit_test.erl, line 83)
in call from eunit_proc:run_test/1 (eunit_proc.erl, line 554)
in call from eunit_proc:with_timeout/3 (eunit_proc.erl, line 379)
in call from eunit_proc:handle_test/2 (eunit_proc.erl, line 537)
in call from eunit_proc:tests_inorder/3 (eunit_proc.erl, line 479)
in call from eunit_proc:with_timeout/3 (eunit_proc.erl, line 369)
**error:undef
    </error>
    <system-out>
    </system-out>
  </testcase>
  <testcase time="0.003" name="erlmcp_performance_validator_tests:782 -tolerance_edge_cases_test_/0-fun-2-">
    <error type="error">
::in function erlmcp_performance_validator:benchmark_comparison/3
  called as benchmark_comparison(#{&lt;&lt;"throughput_msg_per_s"&gt;&gt; =&gt; 9.0e5},#{&lt;&lt;"throughput_msg_per_s"&gt;&gt; =&gt; 1.0e6},10)
in call from erlmcp_performance_validator_tests:'-tolerance_edge_cases_test_/0-fun-2-'/0 (/Users/sac/erlmcp/_build/test/extras/apps/erlmcp_observability/test/erlmcp_performance_validator_tests.erl, line 789)
in call from eunit_test:run_testfun/1 (eunit_test.erl, line 83)
in call from eunit_proc:run_test/1 (eunit_proc.erl, line 554)
in call from eunit_proc:with_timeout/3 (eunit_proc.erl, line 379)
in call from eunit_proc:handle_test/2 (eunit_proc.erl, line 537)
in call from eunit_proc:tests_inorder/3 (eunit_proc.erl, line 479)
in call from eunit_proc:with_timeout/3 (eunit_proc.erl, line 369)
**error:undef
    </error>
    <system-out>
    </system-out>
  </testcase>
  <testcase time="0.000" name="fixture setup [1,12,1,1]">
    <error type="error">
::in function erlmcp_metrology_validator:start_link/0
  called as start_link()
in call from erlmcp_metrology_validator_tests:setup_validator/0 (/Users/sac/erlmcp/_build/test/extras/apps/erlmcp_observability/test/erlmcp_metrology_validator_tests.erl, line 534)
**error:undef
    </error>
    <system-out>
    </system-out>
  </testcase>
  <testcase time="0.002" name="erlmcp_metrology_validator_tests:0 validate_complete_valid_output_test">
    <error type="error">
::in function erlmcp_metrology_validator:validate_benchmark_output/1
  called as validate_benchmark_output(#{scope =&gt; &lt;&lt;"per_node_total"&gt;&gt;,precision =&gt; &lt;&lt;"microsecond"&gt;&gt;,
  transport =&gt; &lt;&lt;"stdio"&gt;&gt;,workload_id =&gt; &lt;&lt;"core_ops_100k"&gt;&gt;,
  duration_s =&gt; 10,throughput_msg_per_s =&gt; 2690000,latency_p50_us =&gt; 1,
  latency_p95_us =&gt; 5,latency_p99_us =&gt; 10,memory_heap_mib_per_conn =&gt; 0.5,
  memory_rss_mib_per_node =&gt; 256})
in call from erlmcp_metrology_validator_tests:validate_complete_valid_output_test/0 (/Users/sac/erlmcp/_build/test/extras/apps/erlmcp_observability/test/erlmcp_metrology_validator_tests.erl, line 55)
in call from erlmcp_metrology_validator_tests:validate_complete_valid_output_test/0
**error:undef
    </error>
    <system-out>
    </system-out>
  </testcase>
  <testcase time="0.002" name="erlmcp_metrology_validator_tests:0 validate_all_required_fields_present_test">
    <error type="error">
::in function erlmcp_metrology_validator:validate_benchmark_output/1
  called as validate_benchmark_output(#{scope =&gt; &lt;&lt;"per_node_total"&gt;&gt;,precision =&gt; &lt;&lt;"microsecond"&gt;&gt;,
  transport =&gt; &lt;&lt;"stdio"&gt;&gt;,workload_id =&gt; &lt;&lt;"core_ops_100k"&gt;&gt;,
  duration_s =&gt; 10,throughput_msg_per_s =&gt; 2690000,latency_p50_us =&gt; 1,
  latency_p95_us =&gt; 5,latency_p99_us =&gt; 10,memory_heap_mib_per_conn =&gt; 0.5,
  memory_rss_mib_per_node =&gt; 256})
in call from erlmcp_metrology_validator_tests:validate_all_required_fields_present_test/0 (/Users/sac/erlmcp/_build/test/extras/apps/erlmcp_observability/test/erlmcp_metrology_validator_tests.erl, line 63)
in call from erlmcp_metrology_validator_tests:validate_all_required_fields_present_test/0
**error:undef
    </error>
    <system-out>
    </system-out>
  </testcase>
  <testcase time="0.001" name="erlmcp_metrology_validator_tests:0 validate_missing_workload_id_test">
    <error type="error">
::in function erlmcp_metrology_validator:validate_benchmark_output/1
  called as validate_benchmark_output(#{scope =&gt; &lt;&lt;"per_node_total"&gt;&gt;,precision =&gt; &lt;&lt;"microsecond"&gt;&gt;,
  transport =&gt; &lt;&lt;"stdio"&gt;&gt;,duration_s =&gt; 10,throughput_msg_per_s =&gt; 2690000,
  latency_p50_us =&gt; 1,latency_p95_us =&gt; 5,latency_p99_us =&gt; 10,
  memory_heap_mib_per_conn =&gt; 0.5,memory_rss_mib_per_node =&gt; 256})
in call from erlmcp_metrology_validator_tests:validate_missing_workload_id_test/0 (/Users/sac/erlmcp/_build/test/extras/apps/erlmcp_observability/test/erlmcp_metrology_validator_tests.erl, line 68)
in call from erlmcp_metrology_validator_tests:validate_missing_workload_id_test/0
**error:undef
    </error>
    <system-out>
    </system-out>
  </testcase>
  <testcase time="0.001" name="erlmcp_metrology_validator_tests:0 validate_missing_transport_test">
    <error type="error">
::in function erlmcp_metrology_validator:validate_benchmark_output/1
  called as validate_benchmark_output(#{scope =&gt; &lt;&lt;"per_node_total"&gt;&gt;,precision =&gt; &lt;&lt;"microsecond"&gt;&gt;,
  workload_id =&gt; &lt;&lt;"core_ops_100k"&gt;&gt;,duration_s =&gt; 10,
  throughput_msg_per_s =&gt; 2690000,latency_p50_us =&gt; 1,latency_p95_us =&gt; 5,
  latency_p99_us =&gt; 10,memory_heap_mib_per_conn =&gt; 0.5,
  memory_rss_mib_per_node =&gt; 256})
in call from erlmcp_metrology_validator_tests:validate_missing_transport_test/0 (/Users/sac/erlmcp/_build/test/extras/apps/erlmcp_observability/test/erlmcp_metrology_validator_tests.erl, line 75)
in call from erlmcp_metrology_validator_tests:validate_missing_transport_test/0
**error:undef
    </error>
    <system-out>
    </system-out>
  </testcase>
  <testcase time="0.001" name="erlmcp_metrology_validator_tests:0 validate_missing_duration_test">
    <error type="error">
::in function erlmcp_metrology_validator:validate_benchmark_output/1
  called as validate_benchmark_output(#{scope =&gt; &lt;&lt;"per_node_total"&gt;&gt;,precision =&gt; &lt;&lt;"microsecond"&gt;&gt;,
  transport =&gt; &lt;&lt;"stdio"&gt;&gt;,workload_id =&gt; &lt;&lt;"core_ops_100k"&gt;&gt;,
  throughput_msg_per_s =&gt; 2690000,latency_p50_us =&gt; 1,latency_p95_us =&gt; 5,
  latency_p99_us =&gt; 10,memory_heap_mib_per_conn =&gt; 0.5,
  memory_rss_mib_per_node =&gt; 256})
in call from erlmcp_metrology_validator_tests:validate_missing_duration_test/0 (/Users/sac/erlmcp/_build/test/extras/apps/erlmcp_observability/test/erlmcp_metrology_validator_tests.erl, line 82)
in call from erlmcp_metrology_validator_tests:validate_missing_duration_test/0
**error:undef
    </error>
    <system-out>
    </system-out>
  </testcase>
  <testcase time="0.002" name="erlmcp_metrology_validator_tests:0 validate_missing_scope_test">
    <error type="error">
::in function erlmcp_metrology_validator:validate_benchmark_output/1
  called as validate_benchmark_output(#{precision =&gt; &lt;&lt;"microsecond"&gt;&gt;,transport =&gt; &lt;&lt;"stdio"&gt;&gt;,
  workload_id =&gt; &lt;&lt;"core_ops_100k"&gt;&gt;,duration_s =&gt; 10,
  throughput_msg_per_s =&gt; 2690000,latency_p50_us =&gt; 1,latency_p95_us =&gt; 5,
  latency_p99_us =&gt; 10,memory_heap_mib_per_conn =&gt; 0.5,
  memory_rss_mib_per_node =&gt; 256})
in call from erlmcp_metrology_validator_tests:validate_missing_scope_test/0 (/Users/sac/erlmcp/_build/test/extras/apps/erlmcp_observability/test/erlmcp_metrology_validator_tests.erl, line 89)
in call from erlmcp_metrology_validator_tests:validate_missing_scope_test/0
**error:undef
    </error>
    <system-out>
    </system-out>
  </testcase>
  <testcase time="0.002" name="erlmcp_metrology_validator_tests:0 validate_multiple_missing_fields_test">
    <error type="error">
::in function erlmcp_metrology_validator:validate_benchmark_output/1
  called as validate_benchmark_output(#{})
in call from erlmcp_metrology_validator_tests:validate_multiple_missing_fields_test/0 (/Users/sac/erlmcp/_build/test/extras/apps/erlmcp_observability/test/erlmcp_metrology_validator_tests.erl, line 100)
in call from erlmcp_metrology_validator_tests:validate_multiple_missing_fields_test/0
**error:undef
    </error>
    <system-out>
    </system-out>
  </testcase>
  <testcase time="0.002" name="erlmcp_metrology_validator_tests:0 validate_ambiguous_throughput_unit_test">
    <error type="error">
::in function erlmcp_metrology_validator:validate_benchmark_output/1
  called as validate_benchmark_output(#{scope =&gt; &lt;&lt;"per_node_total"&gt;&gt;,precision =&gt; &lt;&lt;"microsecond"&gt;&gt;,
  transport =&gt; &lt;&lt;"stdio"&gt;&gt;,workload_id =&gt; &lt;&lt;"core_ops_100k"&gt;&gt;,
  duration_s =&gt; 10,throughput_msg_per_s =&gt; 2690000,latency_p50_us =&gt; 1,
  latency_p95_us =&gt; 5,latency_p99_us =&gt; 10,memory_heap_mib_per_conn =&gt; 0.5,
  memory_rss_mib_per_node =&gt; 256,&lt;&lt;"req/s"&gt;&gt; =&gt; 100000})
in call from erlmcp_metrology_validator_tests:validate_ambiguous_throughput_unit_test/0 (/Users/sac/erlmcp/_build/test/extras/apps/erlmcp_observability/test/erlmcp_metrology_validator_tests.erl, line 107)
in call from erlmcp_metrology_validator_tests:validate_ambiguous_throughput_unit_test/0
**error:undef
    </error>
    <system-out>
    </system-out>
  </testcase>
  <testcase time="0.002" name="erlmcp_metrology_validator_tests:0 validate_ambiguous_latency_unit_test">
    <error type="error">
::in function erlmcp_metrology_validator:validate_benchmark_output/1
  called as validate_benchmark_output(#{scope =&gt; &lt;&lt;"per_node_total"&gt;&gt;,precision =&gt; &lt;&lt;"microsecond"&gt;&gt;,
  transport =&gt; &lt;&lt;"stdio"&gt;&gt;,workload_id =&gt; &lt;&lt;"core_ops_100k"&gt;&gt;,
  duration_s =&gt; 10,throughput_msg_per_s =&gt; 2690000,latency_p50_us =&gt; 1,
  latency_p95_us =&gt; 5,latency_p99_us =&gt; 10,memory_heap_mib_per_conn =&gt; 0.5,
  memory_rss_mib_per_node =&gt; 256,&lt;&lt;"latency_ms"&gt;&gt; =&gt; 10})
in call from erlmcp_metrology_validator_tests:validate_ambiguous_latency_unit_test/0 (/Users/sac/erlmcp/_build/test/extras/apps/erlmcp_observability/test/erlmcp_metrology_validator_tests.erl, line 112)
in call from erlmcp_metrology_validator_tests:validate_ambiguous_latency_unit_test/0
**error:undef
    </error>
    <system-out>
    </system-out>
  </testcase>
  <testcase time="0.002" name="erlmcp_metrology_validator_tests:0 validate_ambiguous_memory_unit_test">
    <error type="error">
::in function erlmcp_metrology_validator:validate_benchmark_output/1
  called as validate_benchmark_output(#{scope =&gt; &lt;&lt;"per_node_total"&gt;&gt;,precision =&gt; &lt;&lt;"microsecond"&gt;&gt;,
  transport =&gt; &lt;&lt;"stdio"&gt;&gt;,workload_id =&gt; &lt;&lt;"core_ops_100k"&gt;&gt;,
  duration_s =&gt; 10,throughput_msg_per_s =&gt; 2690000,latency_p50_us =&gt; 1,
  latency_p95_us =&gt; 5,latency_p99_us =&gt; 10,memory_heap_mib_per_conn =&gt; 0.5,
  memory_rss_mib_per_node =&gt; 256,&lt;&lt;"memory"&gt;&gt; =&gt; 512})
in call from erlmcp_metrology_validator_tests:validate_ambiguous_memory_unit_test/0 (/Users/sac/erlmcp/_build/test/extras/apps/erlmcp_observability/test/erlmcp_metrology_validator_tests.erl, line 117)
in call from erlmcp_metrology_validator_tests:validate_ambiguous_memory_unit_test/0
**error:undef
    </error>
    <system-out>
    </system-out>
  </testcase>
  <testcase time="0.002" name="erlmcp_metrology_validator_tests:0 validate_canonical_throughput_units_test">
    <error type="error">
::in function erlmcp_metrology_validator:validate_metric_units/1
  called as validate_metric_units(#{scope =&gt; &lt;&lt;"per_node_total"&gt;&gt;,precision =&gt; &lt;&lt;"microsecond"&gt;&gt;,
  transport =&gt; &lt;&lt;"stdio"&gt;&gt;,workload_id =&gt; &lt;&lt;"core_ops_100k"&gt;&gt;,
  duration_s =&gt; 10,throughput_msg_per_s =&gt; 2690000,latency_p50_us =&gt; 1,
  latency_p95_us =&gt; 5,latency_p99_us =&gt; 10,memory_heap_mib_per_conn =&gt; 0.5,
  memory_rss_mib_per_node =&gt; 256})
in call from erlmcp_metrology_validator_tests:validate_canonical_throughput_units_test/0 (/Users/sac/erlmcp/_build/test/extras/apps/erlmcp_observability/test/erlmcp_metrology_validator_tests.erl, line 126)
in call from erlmcp_metrology_validator_tests:validate_canonical_throughput_units_test/0
**error:undef
    </error>
    <system-out>
    </system-out>
  </testcase>
  <testcase time="0.001" name="erlmcp_metrology_validator_tests:0 validate_canonical_latency_units_test">
    <error type="error">
::in function erlmcp_metrology_validator:validate_metric_units/1
  called as validate_metric_units(#{latency_p50_us =&gt; 1,latency_p95_us =&gt; 5,latency_p99_us =&gt; 10})
in call from erlmcp_metrology_validator_tests:validate_canonical_latency_units_test/0 (/Users/sac/erlmcp/_build/test/extras/apps/erlmcp_observability/test/erlmcp_metrology_validator_tests.erl, line 134)
in call from erlmcp_metrology_validator_tests:validate_canonical_latency_units_test/0
**error:undef
    </error>
    <system-out>
    </system-out>
  </testcase>
  <testcase time="0.001" name="erlmcp_metrology_validator_tests:0 validate_canonical_memory_units_test">
    <error type="error">
::in function erlmcp_metrology_validator:validate_metric_units/1
  called as validate_metric_units(#{memory_heap_mib_per_conn =&gt; 0.5,memory_rss_mib_per_node =&gt; 256})
in call from erlmcp_metrology_validator_tests:validate_canonical_memory_units_test/0 (/Users/sac/erlmcp/_build/test/extras/apps/erlmcp_observability/test/erlmcp_metrology_validator_tests.erl, line 139)
in call from erlmcp_metrology_validator_tests:validate_canonical_memory_units_test/0
**error:undef
    </error>
    <system-out>
    </system-out>
  </testcase>
  <testcase time="0.001" name="erlmcp_metrology_validator_tests:0 detect_req_per_s_as_ambiguous_test">
    <error type="error">
::in function erlmcp_metrology_validator:detect_ambiguous_units/1
  called as detect_ambiguous_units(#{&lt;&lt;"req/s"&gt;&gt; =&gt; 1000000})
in call from erlmcp_metrology_validator_tests:detect_req_per_s_as_ambiguous_test/0 (/Users/sac/erlmcp/_build/test/extras/apps/erlmcp_observability/test/erlmcp_metrology_validator_tests.erl, line 144)
in call from erlmcp_metrology_validator_tests:detect_req_per_s_as_ambiguous_test/0
**error:undef
    </error>
    <system-out>
    </system-out>
  </testcase>
  <testcase time="0.001" name="erlmcp_metrology_validator_tests:0 detect_ops_per_s_as_ambiguous_test">
    <error type="error">
::in function erlmcp_metrology_validator:detect_ambiguous_units/1
  called as detect_ambiguous_units(#{&lt;&lt;"ops/s"&gt;&gt; =&gt; 500000})
in call from erlmcp_metrology_validator_tests:detect_ops_per_s_as_ambiguous_test/0 (/Users/sac/erlmcp/_build/test/extras/apps/erlmcp_observability/test/erlmcp_metrology_validator_tests.erl, line 152)
in call from erlmcp_metrology_validator_tests:detect_ops_per_s_as_ambiguous_test/0
**error:undef
    </error>
    <system-out>
    </system-out>
  </testcase>
  <testcase time="0.001" name="erlmcp_metrology_validator_tests:0 detect_latency_ms_as_ambiguous_test">
    <error type="error">
::in function erlmcp_metrology_validator:detect_ambiguous_units/1
  called as detect_ambiguous_units(#{&lt;&lt;"latency_ms"&gt;&gt; =&gt; 10})
in call from erlmcp_metrology_validator_tests:detect_latency_ms_as_ambiguous_test/0 (/Users/sac/erlmcp/_build/test/extras/apps/erlmcp_observability/test/erlmcp_metrology_validator_tests.erl, line 160)
in call from erlmcp_metrology_validator_tests:detect_latency_ms_as_ambiguous_test/0
**error:undef
    </error>
    <system-out>
    </system-out>
  </testcase>
  <testcase time="0.001" name="erlmcp_metrology_validator_tests:0 detect_p50_ms_as_ambiguous_test">
    <error type="error">
::in function erlmcp_metrology_validator:detect_ambiguous_units/1
  called as detect_ambiguous_units(#{&lt;&lt;"p50_ms"&gt;&gt; =&gt; 5})
in call from erlmcp_metrology_validator_tests:detect_p50_ms_as_ambiguous_test/0 (/Users/sac/erlmcp/_build/test/extras/apps/erlmcp_observability/test/erlmcp_metrology_validator_tests.erl, line 168)
in call from erlmcp_metrology_validator_tests:detect_p50_ms_as_ambiguous_test/0
**error:undef
    </error>
    <system-out>
    </system-out>
  </testcase>
  <testcase time="0.001" name="erlmcp_metrology_validator_tests:0 detect_p95_ms_as_ambiguous_test">
    <error type="error">
::in function erlmcp_metrology_validator:detect_ambiguous_units/1
  called as detect_ambiguous_units(#{&lt;&lt;"p95_ms"&gt;&gt; =&gt; 15})
in call from erlmcp_metrology_validator_tests:detect_p95_ms_as_ambiguous_test/0 (/Users/sac/erlmcp/_build/test/extras/apps/erlmcp_observability/test/erlmcp_metrology_validator_tests.erl, line 175)
in call from erlmcp_metrology_validator_tests:detect_p95_ms_as_ambiguous_test/0
**error:undef
    </error>
    <system-out>
    </system-out>
  </testcase>
  <testcase time="0.001" name="erlmcp_metrology_validator_tests:0 detect_p99_ms_as_ambiguous_test">
    <error type="error">
::in function erlmcp_metrology_validator:detect_ambiguous_units/1
  called as detect_ambiguous_units(#{&lt;&lt;"p99_ms"&gt;&gt; =&gt; 25})
in call from erlmcp_metrology_validator_tests:detect_p99_ms_as_ambiguous_test/0 (/Users/sac/erlmcp/_build/test/extras/apps/erlmcp_observability/test/erlmcp_metrology_validator_tests.erl, line 182)
in call from erlmcp_metrology_validator_tests:detect_p99_ms_as_ambiguous_test/0
**error:undef
    </error>
    <system-out>
    </system-out>
  </testcase>
  <testcase time="0.002" name="erlmcp_metrology_validator_tests:0 detect_bare_memory_as_ambiguous_test">
    <error type="error">
::in function erlmcp_metrology_validator:detect_ambiguous_units/1
  called as detect_ambiguous_units(#{&lt;&lt;"memory"&gt;&gt; =&gt; 512})
in call from erlmcp_metrology_validator_tests:detect_bare_memory_as_ambiguous_test/0 (/Users/sac/erlmcp/_build/test/extras/apps/erlmcp_observability/test/erlmcp_metrology_validator_tests.erl, line 189)
in call from erlmcp_metrology_validator_tests:detect_bare_memory_as_ambiguous_test/0
**error:undef
    </error>
    <system-out>
    </system-out>
  </testcase>
  <testcase time="0.002" name="erlmcp_metrology_validator_tests:0 detect_bare_mem_as_ambiguous_test">
    <error type="error">
::in function erlmcp_metrology_validator:detect_ambiguous_units/1
  called as detect_ambiguous_units(#{&lt;&lt;"mem"&gt;&gt; =&gt; 512})
in call from erlmcp_metrology_validator_tests:detect_bare_mem_as_ambiguous_test/0 (/Users/sac/erlmcp/_build/test/extras/apps/erlmcp_observability/test/erlmcp_metrology_validator_tests.erl, line 196)
in call from erlmcp_metrology_validator_tests:detect_bare_mem_as_ambiguous_test/0
**error:undef
    </error>
    <system-out>
    </system-out>
  </testcase>
  <testcase time="0.001" name="erlmcp_metrology_validator_tests:0 no_violations_for_canonical_units_test">
    <error type="error">
::in function erlmcp_metrology_validator:detect_ambiguous_units/1
  called as detect_ambiguous_units(#{throughput_msg_per_s =&gt; 1000000,latency_p50_us =&gt; 1,latency_p95_us =&gt; 5,
  latency_p99_us =&gt; 10,memory_heap_mib_per_conn =&gt; 0.5,
  memory_rss_mib_per_node =&gt; 256})
in call from erlmcp_metrology_validator_tests:no_violations_for_canonical_units_test/0 (/Users/sac/erlmcp/_build/test/extras/apps/erlmcp_observability/test/erlmcp_metrology_validator_tests.erl, line 209)
in call from erlmcp_metrology_validator_tests:no_violations_for_canonical_units_test/0
**error:undef
    </error>
    <system-out>
    </system-out>
  </testcase>
  <testcase time="0.001" name="erlmcp_metrology_validator_tests:0 detect_multiple_ambiguous_units_test">
    <error type="error">
::in function erlmcp_metrology_validator:detect_ambiguous_units/1
  called as detect_ambiguous_units(#{&lt;&lt;"latency_ms"&gt;&gt; =&gt; 10,&lt;&lt;"memory"&gt;&gt; =&gt; 512,&lt;&lt;"req/s"&gt;&gt; =&gt; 1000000})
in call from erlmcp_metrology_validator_tests:detect_multiple_ambiguous_units_test/0 (/Users/sac/erlmcp/_build/test/extras/apps/erlmcp_observability/test/erlmcp_metrology_validator_tests.erl, line 217)
in call from erlmcp_metrology_validator_tests:detect_multiple_ambiguous_units_test/0
**error:undef
    </error>
    <system-out>
    </system-out>
  </testcase>
  <testcase time="0.001" name="erlmcp_metrology_validator_tests:0 validate_required_fields_all_present_test">
    <error type="error">
::in function erlmcp_metrology_validator:validate_required_fields/1
  called as validate_required_fields(#{scope =&gt; &lt;&lt;"per_node_total"&gt;&gt;,precision =&gt; &lt;&lt;"microsecond"&gt;&gt;,
  transport =&gt; &lt;&lt;"stdio"&gt;&gt;,workload_id =&gt; &lt;&lt;"core_ops_100k"&gt;&gt;,
  duration_s =&gt; 10,throughput_msg_per_s =&gt; 2690000,latency_p50_us =&gt; 1,
  latency_p95_us =&gt; 5,latency_p99_us =&gt; 10,memory_heap_mib_per_conn =&gt; 0.5,
  memory_rss_mib_per_node =&gt; 256})
in call from erlmcp_metrology_validator_tests:validate_required_fields_all_present_test/0 (/Users/sac/erlmcp/_build/test/extras/apps/erlmcp_observability/test/erlmcp_metrology_validator_tests.erl, line 226)
in call from erlmcp_metrology_validator_tests:validate_required_fields_all_present_test/0
**error:undef
    </error>
    <system-out>
    </system-out>
  </testcase>
  <testcase time="0.001" name="erlmcp_metrology_validator_tests:0 detect_missing_workload_id_field_test">
    <error type="error">
::in function erlmcp_metrology_validator:validate_required_fields/1
  called as validate_required_fields(#{scope =&gt; &lt;&lt;"per_node_total"&gt;&gt;,precision =&gt; &lt;&lt;"microsecond"&gt;&gt;,
  transport =&gt; &lt;&lt;"stdio"&gt;&gt;,duration_s =&gt; 10,throughput_msg_per_s =&gt; 2690000,
  latency_p50_us =&gt; 1,latency_p95_us =&gt; 5,latency_p99_us =&gt; 10,
  memory_heap_mib_per_conn =&gt; 0.5,memory_rss_mib_per_node =&gt; 256})
in call from erlmcp_metrology_validator_tests:detect_missing_workload_id_field_test/0 (/Users/sac/erlmcp/_build/test/extras/apps/erlmcp_observability/test/erlmcp_metrology_validator_tests.erl, line 231)
in call from erlmcp_metrology_validator_tests:detect_missing_workload_id_field_test/0
**error:undef
    </error>
    <system-out>
    </system-out>
  </testcase>
  <testcase time="0.001" name="erlmcp_metrology_validator_tests:0 detect_missing_transport_field_test">
    <error type="error">
::in function erlmcp_metrology_validator:validate_required_fields/1
  called as validate_required_fields(#{scope =&gt; &lt;&lt;"per_node_total"&gt;&gt;,precision =&gt; &lt;&lt;"microsecond"&gt;&gt;,
  workload_id =&gt; &lt;&lt;"core_ops_100k"&gt;&gt;,duration_s =&gt; 10,
  throughput_msg_per_s =&gt; 2690000,latency_p50_us =&gt; 1,latency_p95_us =&gt; 5,
  latency_p99_us =&gt; 10,memory_heap_mib_per_conn =&gt; 0.5,
  memory_rss_mib_per_node =&gt; 256})
in call from erlmcp_metrology_validator_tests:detect_missing_transport_field_test/0 (/Users/sac/erlmcp/_build/test/extras/apps/erlmcp_observability/test/erlmcp_metrology_validator_tests.erl, line 238)
in call from erlmcp_metrology_validator_tests:detect_missing_transport_field_test/0
**error:undef
    </error>
    <system-out>
    </system-out>
  </testcase>
  <testcase time="0.002" name="erlmcp_metrology_validator_tests:0 detect_missing_duration_s_field_test">
    <error type="error">
::in function erlmcp_metrology_validator:validate_required_fields/1
  called as validate_required_fields(#{scope =&gt; &lt;&lt;"per_node_total"&gt;&gt;,precision =&gt; &lt;&lt;"microsecond"&gt;&gt;,
  transport =&gt; &lt;&lt;"stdio"&gt;&gt;,workload_id =&gt; &lt;&lt;"core_ops_100k"&gt;&gt;,
  throughput_msg_per_s =&gt; 2690000,latency_p50_us =&gt; 1,latency_p95_us =&gt; 5,
  latency_p99_us =&gt; 10,memory_heap_mib_per_conn =&gt; 0.5,
  memory_rss_mib_per_node =&gt; 256})
in call from erlmcp_metrology_validator_tests:detect_missing_duration_s_field_test/0 (/Users/sac/erlmcp/_build/test/extras/apps/erlmcp_observability/test/erlmcp_metrology_validator_tests.erl, line 245)
in call from erlmcp_metrology_validator_tests:detect_missing_duration_s_field_test/0
**error:undef
    </error>
    <system-out>
    </system-out>
  </testcase>
  <testcase time="0.002" name="erlmcp_metrology_validator_tests:0 detect_missing_scope_field_test">
    <error type="error">
::in function erlmcp_metrology_validator:validate_required_fields/1
  called as validate_required_fields(#{precision =&gt; &lt;&lt;"microsecond"&gt;&gt;,transport =&gt; &lt;&lt;"stdio"&gt;&gt;,
  workload_id =&gt; &lt;&lt;"core_ops_100k"&gt;&gt;,duration_s =&gt; 10,
  throughput_msg_per_s =&gt; 2690000,latency_p50_us =&gt; 1,latency_p95_us =&gt; 5,
  latency_p99_us =&gt; 10,memory_heap_mib_per_conn =&gt; 0.5,
  memory_rss_mib_per_node =&gt; 256})
in call from erlmcp_metrology_validator_tests:detect_missing_scope_field_test/0 (/Users/sac/erlmcp/_build/test/extras/apps/erlmcp_observability/test/erlmcp_metrology_validator_tests.erl, line 252)
in call from erlmcp_metrology_validator_tests:detect_missing_scope_field_test/0
**error:undef
    </error>
    <system-out>
    </system-out>
  </testcase>
  <testcase time="0.002" name="erlmcp_metrology_validator_tests:0 detect_multiple_missing_fields_test">
    <error type="error">
::in function erlmcp_metrology_validator:validate_required_fields/1
  called as validate_required_fields(#{})
in call from erlmcp_metrology_validator_tests:detect_multiple_missing_fields_test/0 (/Users/sac/erlmcp/_build/test/extras/apps/erlmcp_observability/test/erlmcp_metrology_validator_tests.erl, line 259)
in call from erlmcp_metrology_validator_tests:detect_multiple_missing_fields_test/0
**error:undef
    </error>
    <system-out>
    </system-out>
  </testcase>
  <testcase time="0.001" name="erlmcp_metrology_validator_tests:0 allow_extra_fields_beyond_required_test">
    <error type="error">
::in function erlmcp_metrology_validator:validate_required_fields/1
  called as validate_required_fields(#{scope =&gt; &lt;&lt;"per_node_total"&gt;&gt;,precision =&gt; &lt;&lt;"microsecond"&gt;&gt;,
  transport =&gt; &lt;&lt;"stdio"&gt;&gt;,workload_id =&gt; &lt;&lt;"core_ops_100k"&gt;&gt;,
  duration_s =&gt; 10,throughput_msg_per_s =&gt; 2690000,latency_p50_us =&gt; 1,
  latency_p95_us =&gt; 5,latency_p99_us =&gt; 10,memory_heap_mib_per_conn =&gt; 0.5,
  memory_rss_mib_per_node =&gt; 256,&lt;&lt;"custom_field"&gt;&gt; =&gt; &lt;&lt;"value"&gt;&gt;})
in call from erlmcp_metrology_validator_tests:allow_extra_fields_beyond_required_test/0 (/Users/sac/erlmcp/_build/test/extras/apps/erlmcp_observability/test/erlmcp_metrology_validator_tests.erl, line 266)
in call from erlmcp_metrology_validator_tests:allow_extra_fields_beyond_required_test/0
**error:undef
    </error>
    <system-out>
    </system-out>
  </testcase>
  <testcase time="0.002" name="erlmcp_metrology_validator_tests:0 precision_field_is_optional_test">
    <error type="error">
::in function erlmcp_metrology_validator:validate_required_fields/1
  called as validate_required_fields(#{scope =&gt; &lt;&lt;"per_node_total"&gt;&gt;,transport =&gt; &lt;&lt;"stdio"&gt;&gt;,
  workload_id =&gt; &lt;&lt;"core_ops_100k"&gt;&gt;,duration_s =&gt; 10,
  throughput_msg_per_s =&gt; 2690000,latency_p50_us =&gt; 1,latency_p95_us =&gt; 5,
  latency_p99_us =&gt; 10,memory_heap_mib_per_conn =&gt; 0.5,
  memory_rss_mib_per_node =&gt; 256})
in call from erlmcp_metrology_validator_tests:precision_field_is_optional_test/0 (/Users/sac/erlmcp/_build/test/extras/apps/erlmcp_observability/test/erlmcp_metrology_validator_tests.erl, line 271)
in call from erlmcp_metrology_validator_tests:precision_field_is_optional_test/0
**error:undef
    </error>
    <system-out>
    </system-out>
  </testcase>
  <testcase time="0.001" name="erlmcp_metrology_validator_tests:0 validate_per_connection_heap_scope_test">
    <error type="error">
::in function erlmcp_metrology_validator:validate_scope/1
  called as validate_scope(#{scope =&gt; &lt;&lt;"per_connection_heap"&gt;&gt;,precision =&gt; &lt;&lt;"microsecond"&gt;&gt;,
  transport =&gt; &lt;&lt;"stdio"&gt;&gt;,workload_id =&gt; &lt;&lt;"core_ops_100k"&gt;&gt;,
  duration_s =&gt; 10,throughput_msg_per_s =&gt; 2690000,latency_p50_us =&gt; 1,
  latency_p95_us =&gt; 5,latency_p99_us =&gt; 10,memory_heap_mib_per_conn =&gt; 0.5,
  memory_rss_mib_per_node =&gt; 256})
in call from erlmcp_metrology_validator_tests:validate_per_connection_heap_scope_test/0 (/Users/sac/erlmcp/_build/test/extras/apps/erlmcp_observability/test/erlmcp_metrology_validator_tests.erl, line 280)
in call from erlmcp_metrology_validator_tests:validate_per_connection_heap_scope_test/0
**error:undef
    </error>
    <system-out>
    </system-out>
  </testcase>
  <testcase time="0.001" name="erlmcp_metrology_validator_tests:0 validate_per_connection_total_scope_test">
    <error type="error">
::in function erlmcp_metrology_validator:validate_scope/1
  called as validate_scope(#{scope =&gt; &lt;&lt;"per_connection_total"&gt;&gt;,precision =&gt; &lt;&lt;"microsecond"&gt;&gt;,
  transport =&gt; &lt;&lt;"stdio"&gt;&gt;,workload_id =&gt; &lt;&lt;"core_ops_100k"&gt;&gt;,
  duration_s =&gt; 10,throughput_msg_per_s =&gt; 2690000,latency_p50_us =&gt; 1,
  latency_p95_us =&gt; 5,latency_p99_us =&gt; 10,memory_heap_mib_per_conn =&gt; 0.5,
  memory_rss_mib_per_node =&gt; 256})
in call from erlmcp_metrology_validator_tests:validate_per_connection_total_scope_test/0 (/Users/sac/erlmcp/_build/test/extras/apps/erlmcp_observability/test/erlmcp_metrology_validator_tests.erl, line 285)
in call from erlmcp_metrology_validator_tests:validate_per_connection_total_scope_test/0
**error:undef
    </error>
    <system-out>
    </system-out>
  </testcase>
  <testcase time="0.002" name="erlmcp_metrology_validator_tests:0 validate_per_node_heap_scope_test">
    <error type="error">
::in function erlmcp_metrology_validator:validate_scope/1
  called as validate_scope(#{scope =&gt; &lt;&lt;"per_node_heap"&gt;&gt;,precision =&gt; &lt;&lt;"microsecond"&gt;&gt;,
  transport =&gt; &lt;&lt;"stdio"&gt;&gt;,workload_id =&gt; &lt;&lt;"core_ops_100k"&gt;&gt;,
  duration_s =&gt; 10,throughput_msg_per_s =&gt; 2690000,latency_p50_us =&gt; 1,
  latency_p95_us =&gt; 5,latency_p99_us =&gt; 10,memory_heap_mib_per_conn =&gt; 0.5,
  memory_rss_mib_per_node =&gt; 256})
in call from erlmcp_metrology_validator_tests:validate_per_node_heap_scope_test/0 (/Users/sac/erlmcp/_build/test/extras/apps/erlmcp_observability/test/erlmcp_metrology_validator_tests.erl, line 290)
in call from erlmcp_metrology_validator_tests:validate_per_node_heap_scope_test/0
**error:undef
    </error>
    <system-out>
    </system-out>
  </testcase>
  <testcase time="0.001" name="erlmcp_metrology_validator_tests:0 validate_per_node_total_scope_test">
    <error type="error">
::in function erlmcp_metrology_validator:validate_scope/1
  called as validate_scope(#{scope =&gt; &lt;&lt;"per_node_total"&gt;&gt;,precision =&gt; &lt;&lt;"microsecond"&gt;&gt;,
  transport =&gt; &lt;&lt;"stdio"&gt;&gt;,workload_id =&gt; &lt;&lt;"core_ops_100k"&gt;&gt;,
  duration_s =&gt; 10,throughput_msg_per_s =&gt; 2690000,latency_p50_us =&gt; 1,
  latency_p95_us =&gt; 5,latency_p99_us =&gt; 10,memory_heap_mib_per_conn =&gt; 0.5,
  memory_rss_mib_per_node =&gt; 256})
in call from erlmcp_metrology_validator_tests:validate_per_node_total_scope_test/0 (/Users/sac/erlmcp/_build/test/extras/apps/erlmcp_observability/test/erlmcp_metrology_validator_tests.erl, line 295)
in call from erlmcp_metrology_validator_tests:validate_per_node_total_scope_test/0
**error:undef
    </error>
    <system-out>
    </system-out>
  </testcase>
  <testcase time="0.001" name="erlmcp_metrology_validator_tests:0 validate_system_wide_scope_test">
    <error type="error">
::in function erlmcp_metrology_validator:validate_scope/1
  called as validate_scope(#{scope =&gt; &lt;&lt;"system_wide"&gt;&gt;,precision =&gt; &lt;&lt;"microsecond"&gt;&gt;,
  transport =&gt; &lt;&lt;"stdio"&gt;&gt;,workload_id =&gt; &lt;&lt;"core_ops_100k"&gt;&gt;,
  duration_s =&gt; 10,throughput_msg_per_s =&gt; 2690000,latency_p50_us =&gt; 1,
  latency_p95_us =&gt; 5,latency_p99_us =&gt; 10,memory_heap_mib_per_conn =&gt; 0.5,
  memory_rss_mib_per_node =&gt; 256})
in call from erlmcp_metrology_validator_tests:validate_system_wide_scope_test/0 (/Users/sac/erlmcp/_build/test/extras/apps/erlmcp_observability/test/erlmcp_metrology_validator_tests.erl, line 300)
in call from erlmcp_metrology_validator_tests:validate_system_wide_scope_test/0
**error:undef
    </error>
    <system-out>
    </system-out>
  </testcase>
  <testcase time="0.001" name="erlmcp_metrology_validator_tests:0 reject_invalid_scope_test">
    <error type="error">
::in function erlmcp_metrology_validator:validate_scope/1
  called as validate_scope(#{scope =&gt; &lt;&lt;"invalid_scope"&gt;&gt;,precision =&gt; &lt;&lt;"microsecond"&gt;&gt;,
  transport =&gt; &lt;&lt;"stdio"&gt;&gt;,workload_id =&gt; &lt;&lt;"core_ops_100k"&gt;&gt;,
  duration_s =&gt; 10,throughput_msg_per_s =&gt; 2690000,latency_p50_us =&gt; 1,
  latency_p95_us =&gt; 5,latency_p99_us =&gt; 10,memory_heap_mib_per_conn =&gt; 0.5,
  memory_rss_mib_per_node =&gt; 256})
in call from erlmcp_metrology_validator_tests:reject_invalid_scope_test/0 (/Users/sac/erlmcp/_build/test/extras/apps/erlmcp_observability/test/erlmcp_metrology_validator_tests.erl, line 305)
in call from erlmcp_metrology_validator_tests:reject_invalid_scope_test/0
**error:undef
    </error>
    <system-out>
    </system-out>
  </testcase>
  <testcase time="0.001" name="erlmcp_metrology_validator_tests:0 reject_missing_scope_test">
    <error type="error">
::in function erlmcp_metrology_validator:validate_scope/1
  called as validate_scope(#{precision =&gt; &lt;&lt;"microsecond"&gt;&gt;,transport =&gt; &lt;&lt;"stdio"&gt;&gt;,
  workload_id =&gt; &lt;&lt;"core_ops_100k"&gt;&gt;,duration_s =&gt; 10,
  throughput_msg_per_s =&gt; 2690000,latency_p50_us =&gt; 1,latency_p95_us =&gt; 5,
  latency_p99_us =&gt; 10,memory_heap_mib_per_conn =&gt; 0.5,
  memory_rss_mib_per_node =&gt; 256})
in call from erlmcp_metrology_validator_tests:reject_missing_scope_test/0 (/Users/sac/erlmcp/_build/test/extras/apps/erlmcp_observability/test/erlmcp_metrology_validator_tests.erl, line 313)
in call from erlmcp_metrology_validator_tests:reject_missing_scope_test/0
**error:undef
    </error>
    <system-out>
    </system-out>
  </testcase>
  <testcase time="0.004" name="erlmcp_metrology_validator_tests:0 reject_atom_scope_test">
    <error type="error">
::in function erlmcp_metrology_validator:validate_scope/1
  called as validate_scope(#{scope =&gt; per_node_total,precision =&gt; &lt;&lt;"microsecond"&gt;&gt;,
  transport =&gt; &lt;&lt;"stdio"&gt;&gt;,workload_id =&gt; &lt;&lt;"core_ops_100k"&gt;&gt;,
  duration_s =&gt; 10,throughput_msg_per_s =&gt; 2690000,latency_p50_us =&gt; 1,
  latency_p95_us =&gt; 5,latency_p99_us =&gt; 10,memory_heap_mib_per_conn =&gt; 0.5,
  memory_rss_mib_per_node =&gt; 256})
in call from erlmcp_metrology_validator_tests:reject_atom_scope_test/0 (/Users/sac/erlmcp/_build/test/extras/apps/erlmcp_observability/test/erlmcp_metrology_validator_tests.erl, line 320)
in call from erlmcp_metrology_validator_tests:reject_atom_scope_test/0
**error:undef
    </error>
    <system-out>
    </system-out>
  </testcase>
  <testcase time="0.005" name="erlmcp_metrology_validator_tests:0 reject_integer_scope_test">
    <error type="error">
::in function erlmcp_metrology_validator:validate_scope/1
  called as validate_scope(#{scope =&gt; 123,precision =&gt; &lt;&lt;"microsecond"&gt;&gt;,transport =&gt; &lt;&lt;"stdio"&gt;&gt;,
  workload_id =&gt; &lt;&lt;"core_ops_100k"&gt;&gt;,duration_s =&gt; 10,
  throughput_msg_per_s =&gt; 2690000,latency_p50_us =&gt; 1,latency_p95_us =&gt; 5,
  latency_p99_us =&gt; 10,memory_heap_mib_per_conn =&gt; 0.5,
  memory_rss_mib_per_node =&gt; 256})
in call from erlmcp_metrology_validator_tests:reject_integer_scope_test/0 (/Users/sac/erlmcp/_build/test/extras/apps/erlmcp_observability/test/erlmcp_metrology_validator_tests.erl, line 325)
in call from erlmcp_metrology_validator_tests:reject_integer_scope_test/0
**error:undef
    </error>
    <system-out>
    </system-out>
  </testcase>
  <testcase time="0.002" name="erlmcp_metrology_validator_tests:0 generate_clean_report_for_valid_output_test">
    <error type="error">
::in function erlmcp_metrology_validator:generate_violations_report/1
  called as generate_violations_report(#{scope =&gt; &lt;&lt;"per_node_total"&gt;&gt;,precision =&gt; &lt;&lt;"microsecond"&gt;&gt;,
  transport =&gt; &lt;&lt;"stdio"&gt;&gt;,workload_id =&gt; &lt;&lt;"core_ops_100k"&gt;&gt;,
  duration_s =&gt; 10,throughput_msg_per_s =&gt; 2690000,latency_p50_us =&gt; 1,
  latency_p95_us =&gt; 5,latency_p99_us =&gt; 10,memory_heap_mib_per_conn =&gt; 0.5,
  memory_rss_mib_per_node =&gt; 256})
in call from erlmcp_metrology_validator_tests:generate_clean_report_for_valid_output_test/0 (/Users/sac/erlmcp/_build/test/extras/apps/erlmcp_observability/test/erlmcp_metrology_validator_tests.erl, line 334)
in call from erlmcp_metrology_validator_tests:generate_clean_report_for_valid_output_test/0
**error:undef
    </error>
    <system-out>
    </system-out>
  </testcase>
  <testcase time="0.003" name="erlmcp_metrology_validator_tests:0 generate_report_with_ambiguous_units_test">
    <error type="error">
::in function erlmcp_metrology_validator:generate_violations_report/1
  called as generate_violations_report(#{&lt;&lt;"req/s"&gt;&gt; =&gt; 1000000})
in call from erlmcp_metrology_validator_tests:generate_report_with_ambiguous_units_test/0 (/Users/sac/erlmcp/_build/test/extras/apps/erlmcp_observability/test/erlmcp_metrology_validator_tests.erl, line 341)
in call from erlmcp_metrology_validator_tests:generate_report_with_ambiguous_units_test/0
**error:undef
    </error>
    <system-out>
    </system-out>
  </testcase>
  <testcase time="0.001" name="erlmcp_metrology_validator_tests:0 generate_report_with_missing_fields_test">
    <error type="error">
::in function erlmcp_metrology_validator:generate_violations_report/1
  called as generate_violations_report(#{})
in call from erlmcp_metrology_validator_tests:generate_report_with_missing_fields_test/0 (/Users/sac/erlmcp/_build/test/extras/apps/erlmcp_observability/test/erlmcp_metrology_validator_tests.erl, line 349)
in call from erlmcp_metrology_validator_tests:generate_report_with_missing_fields_test/0
**error:undef
    </error>
    <system-out>
    </system-out>
  </testcase>
  <testcase time="0.004" name="erlmcp_metrology_validator_tests:0 generate_report_with_invalid_scope_test">
    <error type="error">
::in function erlmcp_metrology_validator:generate_violations_report/1
  called as generate_violations_report(#{scope =&gt; &lt;&lt;"bad_scope"&gt;&gt;,precision =&gt; &lt;&lt;"microsecond"&gt;&gt;,
  transport =&gt; &lt;&lt;"stdio"&gt;&gt;,workload_id =&gt; &lt;&lt;"core_ops_100k"&gt;&gt;,
  duration_s =&gt; 10,throughput_msg_per_s =&gt; 2690000,latency_p50_us =&gt; 1,
  latency_p95_us =&gt; 5,latency_p99_us =&gt; 10,memory_heap_mib_per_conn =&gt; 0.5,
  memory_rss_mib_per_node =&gt; 256})
in call from erlmcp_metrology_validator_tests:generate_report_with_invalid_scope_test/0 (/Users/sac/erlmcp/_build/test/extras/apps/erlmcp_observability/test/erlmcp_metrology_validator_tests.erl, line 357)
in call from erlmcp_metrology_validator_tests:generate_report_with_invalid_scope_test/0
**error:undef
    </error>
    <system-out>
    </system-out>
  </testcase>
  <testcase time="0.004" name="erlmcp_metrology_validator_tests:0 generate_report_with_multiple_violations_test">
    <error type="error">
::in function erlmcp_metrology_validator:generate_violations_report/1
  called as generate_violations_report(#{&lt;&lt;"latency_ms"&gt;&gt; =&gt; 10,&lt;&lt;"req/s"&gt;&gt; =&gt; 1000000})
in call from erlmcp_metrology_validator_tests:generate_report_with_multiple_violations_test/0 (/Users/sac/erlmcp/_build/test/extras/apps/erlmcp_observability/test/erlmcp_metrology_validator_tests.erl, line 364)
in call from erlmcp_metrology_validator_tests:generate_report_with_multiple_violations_test/0
**error:undef
    </error>
    <system-out>
    </system-out>
  </testcase>
  <testcase time="0.002" name="erlmcp_metrology_validator_tests:0 report_includes_timestamp_test">
    <error type="error">
::in function erlmcp_metrology_validator:generate_violations_report/1
  called as generate_violations_report(#{scope =&gt; &lt;&lt;"per_node_total"&gt;&gt;,precision =&gt; &lt;&lt;"microsecond"&gt;&gt;,
  transport =&gt; &lt;&lt;"stdio"&gt;&gt;,workload_id =&gt; &lt;&lt;"core_ops_100k"&gt;&gt;,
  duration_s =&gt; 10,throughput_msg_per_s =&gt; 2690000,latency_p50_us =&gt; 1,
  latency_p95_us =&gt; 5,latency_p99_us =&gt; 10,memory_heap_mib_per_conn =&gt; 0.5,
  memory_rss_mib_per_node =&gt; 256})
in call from erlmcp_metrology_validator_tests:report_includes_timestamp_test/0 (/Users/sac/erlmcp/_build/test/extras/apps/erlmcp_observability/test/erlmcp_metrology_validator_tests.erl, line 371)
in call from erlmcp_metrology_validator_tests:report_includes_timestamp_test/0
**error:undef
    </error>
    <system-out>
    </system-out>
  </testcase>
  <testcase time="0.003" name="erlmcp_metrology_validator_tests:0 violation_type_is_ambiguous_unit_test">
    <error type="error">
::in function erlmcp_metrology_validator:generate_violations_report/1
  called as generate_violations_report(#{&lt;&lt;"req/s"&gt;&gt; =&gt; 1000000})
in call from erlmcp_metrology_validator_tests:violation_type_is_ambiguous_unit_test/0 (/Users/sac/erlmcp/_build/test/extras/apps/erlmcp_observability/test/erlmcp_metrology_validator_tests.erl, line 379)
in call from erlmcp_metrology_validator_tests:violation_type_is_ambiguous_unit_test/0
**error:undef
    </error>
    <system-out>
    </system-out>
  </testcase>
  <testcase time="0.001" name="erlmcp_metrology_validator_tests:0 violation_type_is_missing_required_test">
    <error type="error">
::in function erlmcp_metrology_validator:generate_violations_report/1
  called as generate_violations_report(#{})
in call from erlmcp_metrology_validator_tests:violation_type_is_missing_required_test/0 (/Users/sac/erlmcp/_build/test/extras/apps/erlmcp_observability/test/erlmcp_metrology_validator_tests.erl, line 386)
in call from erlmcp_metrology_validator_tests:violation_type_is_missing_required_test/0
**error:undef
    </error>
    <system-out>
    </system-out>
  </testcase>
  <testcase time="0.002" name="erlmcp_metrology_validator_tests:0 violation_type_is_invalid_scope_test">
    <error type="error">
::in function erlmcp_metrology_validator:generate_violations_report/1
  called as generate_violations_report(#{scope =&gt; &lt;&lt;"bad"&gt;&gt;,precision =&gt; &lt;&lt;"microsecond"&gt;&gt;,transport =&gt; &lt;&lt;"stdio"&gt;&gt;,
  workload_id =&gt; &lt;&lt;"core_ops_100k"&gt;&gt;,duration_s =&gt; 10,
  throughput_msg_per_s =&gt; 2690000,latency_p50_us =&gt; 1,latency_p95_us =&gt; 5,
  latency_p99_us =&gt; 10,memory_heap_mib_per_conn =&gt; 0.5,
  memory_rss_mib_per_node =&gt; 256})
in call from erlmcp_metrology_validator_tests:violation_type_is_invalid_scope_test/0 (/Users/sac/erlmcp/_build/test/extras/apps/erlmcp_observability/test/erlmcp_metrology_validator_tests.erl, line 393)
in call from erlmcp_metrology_validator_tests:violation_type_is_invalid_scope_test/0
**error:undef
    </error>
    <system-out>
    </system-out>
  </testcase>
  <testcase time="0.002" name="erlmcp_metrology_validator_tests:0 get_validation_rules_test">
    <error type="error">
::in function erlmcp_metrology_validator:start_link/0
  called as start_link()
in call from erlmcp_metrology_validator_tests:get_validation_rules_test/0 (/Users/sac/erlmcp/_build/test/extras/apps/erlmcp_observability/test/erlmcp_metrology_validator_tests.erl, line 402)
in call from erlmcp_metrology_validator_tests:get_validation_rules_test/0
**error:undef
    </error>
    <system-out>
    </system-out>
  </testcase>
  <testcase time="0.001" name="erlmcp_metrology_validator_tests:0 throughput_rules_include_canonical_unit_test">
    <error type="error">
::in function erlmcp_metrology_validator:start_link/0
  called as start_link()
in call from erlmcp_metrology_validator_tests:throughput_rules_include_canonical_unit_test/0 (/Users/sac/erlmcp/_build/test/extras/apps/erlmcp_observability/test/erlmcp_metrology_validator_tests.erl, line 412)
in call from erlmcp_metrology_validator_tests:throughput_rules_include_canonical_unit_test/0
**error:undef
    </error>
    <system-out>
    </system-out>
  </testcase>
  <testcase time="0.002" name="erlmcp_metrology_validator_tests:0 throughput_rules_include_forbidden_units_test">
    <error type="error">
::in function erlmcp_metrology_validator:start_link/0
  called as start_link()
in call from erlmcp_metrology_validator_tests:throughput_rules_include_forbidden_units_test/0 (/Users/sac/erlmcp/_build/test/extras/apps/erlmcp_observability/test/erlmcp_metrology_validator_tests.erl, line 419)
in call from erlmcp_metrology_validator_tests:throughput_rules_include_forbidden_units_test/0
**error:undef
    </error>
    <system-out>
    </system-out>
  </testcase>
  <testcase time="0.001" name="erlmcp_metrology_validator_tests:0 latency_rules_include_canonical_unit_test">
    <error type="error">
::in function erlmcp_metrology_validator:start_link/0
  called as start_link()
in call from erlmcp_metrology_validator_tests:latency_rules_include_canonical_unit_test/0 (/Users/sac/erlmcp/_build/test/extras/apps/erlmcp_observability/test/erlmcp_metrology_validator_tests.erl, line 428)
in call from erlmcp_metrology_validator_tests:latency_rules_include_canonical_unit_test/0
**error:undef
    </error>
    <system-out>
    </system-out>
  </testcase>
  <testcase time="0.002" name="erlmcp_metrology_validator_tests:0 latency_rules_include_percentiles_test">
    <error type="error">
::in function erlmcp_metrology_validator:start_link/0
  called as start_link()
in call from erlmcp_metrology_validator_tests:latency_rules_include_percentiles_test/0 (/Users/sac/erlmcp/_build/test/extras/apps/erlmcp_observability/test/erlmcp_metrology_validator_tests.erl, line 435)
in call from erlmcp_metrology_validator_tests:latency_rules_include_percentiles_test/0
**error:undef
    </error>
    <system-out>
    </system-out>
  </testcase>
  <testcase time="0.001" name="erlmcp_metrology_validator_tests:0 memory_rules_include_scopes_test">
    <error type="error">
::in function erlmcp_metrology_validator:start_link/0
  called as start_link()
in call from erlmcp_metrology_validator_tests:memory_rules_include_scopes_test/0 (/Users/sac/erlmcp/_build/test/extras/apps/erlmcp_observability/test/erlmcp_metrology_validator_tests.erl, line 445)
in call from erlmcp_metrology_validator_tests:memory_rules_include_scopes_test/0
**error:undef
    </error>
    <system-out>
    </system-out>
  </testcase>
  <testcase time="0.002" name="erlmcp_metrology_validator_tests:0 required_fields_list_test">
    <error type="error">
::in function erlmcp_metrology_validator:start_link/0
  called as start_link()
in call from erlmcp_metrology_validator_tests:required_fields_list_test/0 (/Users/sac/erlmcp/_build/test/extras/apps/erlmcp_observability/test/erlmcp_metrology_validator_tests.erl, line 454)
in call from erlmcp_metrology_validator_tests:required_fields_list_test/0
**error:undef
    </error>
    <system-out>
    </system-out>
  </testcase>
  <testcase time="0.002" name="erlmcp_metrology_validator_tests:0 real_world_benchmark_validation_test">
    <error type="error">
::in function erlmcp_metrology_validator:validate_benchmark_output/1
  called as validate_benchmark_output(#{scope =&gt; &lt;&lt;"per_node_total"&gt;&gt;,timestamp =&gt; 1770000963751,
  precision =&gt; &lt;&lt;"high_resolution"&gt;&gt;,transport =&gt; &lt;&lt;"stdio"&gt;&gt;,
  workload_id =&gt; &lt;&lt;"core_ops_100k"&gt;&gt;,duration_s =&gt; 10,
  throughput_msg_per_s =&gt; 2690000,latency_p50_us =&gt; 1,latency_p95_us =&gt; 5,
  latency_p99_us =&gt; 10,memory_heap_mib_per_conn =&gt; 0.5,
  memory_rss_mib_per_node =&gt; 256})
in call from erlmcp_metrology_validator_tests:real_world_benchmark_validation_test/0 (/Users/sac/erlmcp/_build/test/extras/apps/erlmcp_observability/test/erlmcp_metrology_validator_tests.erl, line 482)
in call from erlmcp_metrology_validator_tests:real_world_benchmark_validation_test/0
**error:undef
    </error>
    <system-out>
    </system-out>
  </testcase>
  <testcase time="0.001" name="erlmcp_metrology_validator_tests:0 tcp_benchmark_validation_test">
    <error type="error">
::in function erlmcp_metrology_validator:validate_benchmark_output/1
  called as validate_benchmark_output(#{scope =&gt; &lt;&lt;"per_connection_total"&gt;&gt;,transport =&gt; &lt;&lt;"tcp"&gt;&gt;,
  workload_id =&gt; &lt;&lt;"tcp_sustained_10k"&gt;&gt;,duration_s =&gt; 60,
  throughput_msg_per_s =&gt; 43000,latency_p50_us =&gt; 100,latency_p95_us =&gt; 500,
  latency_p99_us =&gt; 1000,memory_heap_mib_per_conn =&gt; 2.5,
  memory_rss_mib_per_node =&gt; 512})
in call from erlmcp_metrology_validator_tests:tcp_benchmark_validation_test/0 (/Users/sac/erlmcp/_build/test/extras/apps/erlmcp_observability/test/erlmcp_metrology_validator_tests.erl, line 497)
in call from erlmcp_metrology_validator_tests:tcp_benchmark_validation_test/0
**error:undef
    </error>
    <system-out>
    </system-out>
  </testcase>
  <testcase time="0.002" name="erlmcp_metrology_validator_tests:0 http_benchmark_validation_test">
    <error type="error">
::in function erlmcp_metrology_validator:validate_benchmark_output/1
  called as validate_benchmark_output(#{scope =&gt; &lt;&lt;"per_node_total"&gt;&gt;,transport =&gt; &lt;&lt;"http"&gt;&gt;,
  workload_id =&gt; &lt;&lt;"http_sustained_5k"&gt;&gt;,duration_s =&gt; 30,
  throughput_msg_per_s =&gt; 25000,latency_p50_us =&gt; 150,latency_p95_us =&gt; 750,
  latency_p99_us =&gt; 1500,memory_heap_mib_per_conn =&gt; 3.0,
  memory_rss_mib_per_node =&gt; 768})
in call from erlmcp_metrology_validator_tests:http_benchmark_validation_test/0 (/Users/sac/erlmcp/_build/test/extras/apps/erlmcp_observability/test/erlmcp_metrology_validator_tests.erl, line 512)
in call from erlmcp_metrology_validator_tests:http_benchmark_validation_test/0
**error:undef
    </error>
    <system-out>
    </system-out>
  </testcase>
  <testcase time="0.001" name="erlmcp_metrology_validator_tests:0 reject_legacy_benchmark_format_test">
    <error type="error">
::in function erlmcp_metrology_validator:validate_benchmark_output/1
  called as validate_benchmark_output(#{scope =&gt; &lt;&lt;"per_node_total"&gt;&gt;,transport =&gt; &lt;&lt;"stdio"&gt;&gt;,
  workload_id =&gt; &lt;&lt;"legacy_benchmark"&gt;&gt;,duration_s =&gt; 10,
  &lt;&lt;"latency_ms"&gt;&gt; =&gt; 10,&lt;&lt;"memory"&gt;&gt; =&gt; 512,&lt;&lt;"req/s"&gt;&gt; =&gt; 1000000})
in call from erlmcp_metrology_validator_tests:reject_legacy_benchmark_format_test/0 (/Users/sac/erlmcp/_build/test/extras/apps/erlmcp_observability/test/erlmcp_metrology_validator_tests.erl, line 525)
in call from erlmcp_metrology_validator_tests:reject_legacy_benchmark_format_test/0
**error:undef
    </error>
    <system-out>
    </system-out>
  </testcase>
  <testcase time="0.000" name="fixture setup [1,13,1,1]">
    <error type="error">
::in function erlmcp_counters:init/0
  called as init()
in call from erlmcp_prometheus_exporter_tests:setup/0 (/Users/sac/erlmcp/_build/test/extras/apps/erlmcp_observability/test/erlmcp_prometheus_exporter_tests.erl, line 33)
**error:undef
    </error>
    <system-out>
    </system-out>
  </testcase>
  <testcase time="0.000" name="fixture setup [1,13,1,2]">
    <error type="error">
::in function erlmcp_counters:init/0
  called as init()
in call from erlmcp_prometheus_exporter_tests:setup/0 (/Users/sac/erlmcp/_build/test/extras/apps/erlmcp_observability/test/erlmcp_prometheus_exporter_tests.erl, line 33)
**error:undef
    </error>
    <system-out>
    </system-out>
  </testcase>
  <testcase time="0.000" name="fixture setup [1,13,1,3]">
    <error type="error">
::in function erlmcp_counters:init/0
  called as init()
in call from erlmcp_prometheus_exporter_tests:setup/0 (/Users/sac/erlmcp/_build/test/extras/apps/erlmcp_observability/test/erlmcp_prometheus_exporter_tests.erl, line 33)
**error:undef
    </error>
    <system-out>
    </system-out>
  </testcase>
  <testcase time="0.000" name="fixture setup [1,13,1,4]">
    <error type="error">
::in function erlmcp_counters:init/0
  called as init()
in call from erlmcp_prometheus_exporter_tests:setup/0 (/Users/sac/erlmcp/_build/test/extras/apps/erlmcp_observability/test/erlmcp_prometheus_exporter_tests.erl, line 33)
**error:undef
    </error>
    <system-out>
    </system-out>
  </testcase>
  <testcase time="0.000" name="fixture setup [1,13,1,5]">
    <error type="error">
::in function erlmcp_counters:init/0
  called as init()
in call from erlmcp_prometheus_exporter_tests:setup/0 (/Users/sac/erlmcp/_build/test/extras/apps/erlmcp_observability/test/erlmcp_prometheus_exporter_tests.erl, line 33)
**error:undef
    </error>
    <system-out>
    </system-out>
  </testcase>
  <testcase time="0.000" name="fixture setup [1,13,1,6]">
    <error type="error">
::in function erlmcp_counters:init/0
  called as init()
in call from erlmcp_prometheus_exporter_tests:setup/0 (/Users/sac/erlmcp/_build/test/extras/apps/erlmcp_observability/test/erlmcp_prometheus_exporter_tests.erl, line 33)
**error:undef
    </error>
    <system-out>
    </system-out>
  </testcase>
  <testcase time="0.000" name="fixture setup [1,13,1,7]">
    <error type="error">
::in function erlmcp_counters:init/0
  called as init()
in call from erlmcp_prometheus_exporter_tests:setup/0 (/Users/sac/erlmcp/_build/test/extras/apps/erlmcp_observability/test/erlmcp_prometheus_exporter_tests.erl, line 33)
**error:undef
    </error>
    <system-out>
    </system-out>
  </testcase>
  <testcase time="0.001" name="erlmcp_profiler_tests:0 test_memory_snapshot (Memory snapshot)">
    <error type="error">
::in function erlmcp_profiler:memory_snapshot/1
  called as memory_snapshot(#{top =&gt; 10})
in call from erlmcp_profiler_tests:test_memory_snapshot/0 (/Users/sac/erlmcp/_build/test/extras/apps/erlmcp_observability/test/erlmcp_profiler_tests.erl, line 42)
in call from eunit_test:run_testfun/1 (eunit_test.erl, line 83)
in call from eunit_proc:run_test/1 (eunit_proc.erl, line 554)
in call from eunit_proc:with_timeout/3 (eunit_proc.erl, line 379)
in call from eunit_proc:handle_test/2 (eunit_proc.erl, line 537)
in call from eunit_proc:tests_inorder/3 (eunit_proc.erl, line 479)
in call from eunit_proc:with_timeout/3 (eunit_proc.erl, line 369)
**error:undef
    </error>
    <system-out>
    </system-out>
  </testcase>
  <testcase time="0.000" name="fixture cleanup [1,14,1,1]">
    <error type="error">
::in function erlmcp_profiler:stop_profiling/0
  called as stop_profiling()
in call from erlmcp_profiler_tests:cleanup/1 (/Users/sac/erlmcp/_build/test/extras/apps/erlmcp_observability/test/erlmcp_profiler_tests.erl, line 34)
**error:undef
    </error>
    <system-out>
    </system-out>
  </testcase>
  <testcase time="0.002" name="erlmcp_profiler_tests:0 test_process_memory (Process memory inspection)">
    <error type="error">
::in function erlmcp_profiler:process_memory/1
  called as process_memory(&lt;0.10660.0&gt;)
in call from erlmcp_profiler_tests:test_process_memory/0 (/Users/sac/erlmcp/_build/test/extras/apps/erlmcp_observability/test/erlmcp_profiler_tests.erl, line 61)
in call from eunit_test:run_testfun/1 (eunit_test.erl, line 83)
in call from eunit_proc:run_test/1 (eunit_proc.erl, line 554)
in call from eunit_proc:with_timeout/3 (eunit_proc.erl, line 379)
in call from eunit_proc:handle_test/2 (eunit_proc.erl, line 537)
in call from eunit_proc:tests_inorder/3 (eunit_proc.erl, line 479)
in call from eunit_proc:with_timeout/3 (eunit_proc.erl, line 369)
**error:undef
    </error>
    <system-out>
    </system-out>
  </testcase>
  <testcase time="0.000" name="fixture cleanup [1,14,1,2]">
    <error type="error">
::in function erlmcp_profiler:stop_profiling/0
  called as stop_profiling()
in call from erlmcp_profiler_tests:cleanup/1 (/Users/sac/erlmcp/_build/test/extras/apps/erlmcp_observability/test/erlmcp_profiler_tests.erl, line 34)
**error:undef
    </error>
    <system-out>
    </system-out>
  </testcase>
  <testcase time="0.111" name="erlmcp_profiler_tests:0 test_binary_leaks (Binary leak detection)">
    <error type="error">
::in function erlmcp_profiler:binary_leaks/0
  called as binary_leaks()
in call from erlmcp_profiler_tests:test_binary_leaks/0 (/Users/sac/erlmcp/_build/test/extras/apps/erlmcp_observability/test/erlmcp_profiler_tests.erl, line 89)
in call from eunit_test:run_testfun/1 (eunit_test.erl, line 83)
in call from eunit_proc:run_test/1 (eunit_proc.erl, line 554)
in call from eunit_proc:with_timeout/3 (eunit_proc.erl, line 379)
in call from eunit_proc:handle_test/2 (eunit_proc.erl, line 537)
in call from eunit_proc:tests_inorder/3 (eunit_proc.erl, line 479)
in call from eunit_proc:with_timeout/3 (eunit_proc.erl, line 369)
**error:undef
    </error>
    <system-out>
    </system-out>
  </testcase>
  <testcase time="0.000" name="fixture cleanup [1,14,1,3]">
    <error type="error">
::in function erlmcp_profiler:stop_profiling/0
  called as stop_profiling()
in call from erlmcp_profiler_tests:cleanup/1 (/Users/sac/erlmcp/_build/test/extras/apps/erlmcp_observability/test/erlmcp_profiler_tests.erl, line 34)
**error:undef
    </error>
    <system-out>
    </system-out>
  </testcase>
  <testcase time="0.002" name="erlmcp_profiler_tests:0 test_heap_fragmentation (Heap fragmentation)">
    <error type="error">
::in function erlmcp_profiler:heap_fragmentation/1
  called as heap_fragmentation(&lt;0.10669.0&gt;)
in call from erlmcp_profiler_tests:test_heap_fragmentation/0 (/Users/sac/erlmcp/_build/test/extras/apps/erlmcp_observability/test/erlmcp_profiler_tests.erl, line 101)
in call from eunit_test:run_testfun/1 (eunit_test.erl, line 83)
in call from eunit_proc:run_test/1 (eunit_proc.erl, line 554)
in call from eunit_proc:with_timeout/3 (eunit_proc.erl, line 379)
in call from eunit_proc:handle_test/2 (eunit_proc.erl, line 537)
in call from eunit_proc:tests_inorder/3 (eunit_proc.erl, line 479)
in call from eunit_proc:with_timeout/3 (eunit_proc.erl, line 369)
**error:undef
    </error>
    <system-out>
    </system-out>
  </testcase>
  <testcase time="0.000" name="fixture cleanup [1,14,1,4]">
    <error type="error">
::in function erlmcp_profiler:stop_profiling/0
  called as stop_profiling()
in call from erlmcp_profiler_tests:cleanup/1 (/Users/sac/erlmcp/_build/test/extras/apps/erlmcp_observability/test/erlmcp_profiler_tests.erl, line 34)
**error:undef
    </error>
    <system-out>
    </system-out>
  </testcase>
  <testcase time="0.015" name="erlmcp_profiler_tests:0 test_profile_pid (Profile PID)">
    <error type="error">
::in function erlmcp_profiler:profile_pid/2
  called as profile_pid(&lt;0.10673.0&gt;,#{output =&gt; "/tmp/test_profile.out",mode =&gt; fprof,duration =&gt; 100})
in call from erlmcp_profiler_tests:test_profile_pid/0 (/Users/sac/erlmcp/_build/test/extras/apps/erlmcp_observability/test/erlmcp_profiler_tests.erl, line 118)
in call from eunit_test:run_testfun/1 (eunit_test.erl, line 83)
in call from eunit_proc:run_test/1 (eunit_proc.erl, line 554)
in call from eunit_proc:with_timeout/3 (eunit_proc.erl, line 379)
in call from eunit_proc:handle_test/2 (eunit_proc.erl, line 537)
in call from eunit_proc:tests_inorder/3 (eunit_proc.erl, line 479)
in call from eunit_proc:with_timeout/3 (eunit_proc.erl, line 369)
**error:undef
    </error>
    <system-out>
    </system-out>
  </testcase>
  <testcase time="0.000" name="fixture cleanup [1,14,1,5]">
    <error type="error">
::in function erlmcp_profiler:stop_profiling/0
  called as stop_profiling()
in call from erlmcp_profiler_tests:cleanup/1 (/Users/sac/erlmcp/_build/test/extras/apps/erlmcp_observability/test/erlmcp_profiler_tests.erl, line 34)
**error:undef
    </error>
    <system-out>
    </system-out>
  </testcase>
  <testcase time="0.004" name="erlmcp_profiler_tests:0 test_trace_messages (Message tracing)">
    <error type="error">
::in function erlmcp_profiler:trace_messages/2
  called as trace_messages(&lt;0.10677.0&gt;,200)
in call from erlmcp_profiler_tests:test_trace_messages/0 (/Users/sac/erlmcp/_build/test/extras/apps/erlmcp_observability/test/erlmcp_profiler_tests.erl, line 142)
in call from eunit_test:run_testfun/1 (eunit_test.erl, line 83)
in call from eunit_proc:run_test/1 (eunit_proc.erl, line 554)
in call from eunit_proc:with_timeout/3 (eunit_proc.erl, line 379)
in call from eunit_proc:handle_test/2 (eunit_proc.erl, line 537)
in call from eunit_proc:tests_inorder/3 (eunit_proc.erl, line 479)
in call from eunit_proc:with_timeout/3 (eunit_proc.erl, line 369)
**error:undef
    </error>
    <system-out>
    </system-out>
  </testcase>
  <testcase time="0.000" name="fixture cleanup [1,14,1,6]">
    <error type="error">
::in function erlmcp_profiler:stop_profiling/0
  called as stop_profiling()
in call from erlmcp_profiler_tests:cleanup/1 (/Users/sac/erlmcp/_build/test/extras/apps/erlmcp_observability/test/erlmcp_profiler_tests.erl, line 34)
**error:undef
    </error>
    <system-out>
    </system-out>
  </testcase>
  <testcase time="0.000" name="fixture setup [1,15,1,1]">
    <error type="error">
::in function erlmcp_event_manager:start_link/0
  called as start_link()
in call from erlmcp_event_manager_tests:setup/0 (/Users/sac/erlmcp/_build/test/extras/apps/erlmcp_observability/test/erlmcp_event_manager_tests.erl, line 41)
**error:undef
    </error>
    <system-out>
    </system-out>
  </testcase>
  <testcase time="0.000" name="fixture setup [1,15,1,2]">
    <error type="error">
::in function erlmcp_event_manager:start_link/0
  called as start_link()
in call from erlmcp_event_manager_tests:setup/0 (/Users/sac/erlmcp/_build/test/extras/apps/erlmcp_observability/test/erlmcp_event_manager_tests.erl, line 41)
**error:undef
    </error>
    <system-out>
    </system-out>
  </testcase>
  <testcase time="0.000" name="fixture setup [1,15,1,3]">
    <error type="error">
::in function erlmcp_event_manager:start_link/0
  called as start_link()
in call from erlmcp_event_manager_tests:setup/0 (/Users/sac/erlmcp/_build/test/extras/apps/erlmcp_observability/test/erlmcp_event_manager_tests.erl, line 41)
**error:undef
    </error>
    <system-out>
    </system-out>
  </testcase>
  <testcase time="0.000" name="fixture setup [1,15,1,4]">
    <error type="error">
::in function erlmcp_event_manager:start_link/0
  called as start_link()
in call from erlmcp_event_manager_tests:setup/0 (/Users/sac/erlmcp/_build/test/extras/apps/erlmcp_observability/test/erlmcp_event_manager_tests.erl, line 41)
**error:undef
    </error>
    <system-out>
    </system-out>
  </testcase>
  <testcase time="0.000" name="fixture setup [1,15,1,5]">
    <error type="error">
::in function erlmcp_event_manager:start_link/0
  called as start_link()
in call from erlmcp_event_manager_tests:setup/0 (/Users/sac/erlmcp/_build/test/extras/apps/erlmcp_observability/test/erlmcp_event_manager_tests.erl, line 41)
**error:undef
    </error>
    <system-out>
    </system-out>
  </testcase>
  <testcase time="0.000" name="fixture setup [1,15,1,6]">
    <error type="error">
::in function erlmcp_event_manager:start_link/0
  called as start_link()
in call from erlmcp_event_manager_tests:setup/0 (/Users/sac/erlmcp/_build/test/extras/apps/erlmcp_observability/test/erlmcp_event_manager_tests.erl, line 41)
**error:undef
    </error>
    <system-out>
    </system-out>
  </testcase>
  <testcase time="0.000" name="fixture setup [1,15,1,7]">
    <error type="error">
::in function erlmcp_event_manager:start_link/0
  called as start_link()
in call from erlmcp_event_manager_tests:setup/0 (/Users/sac/erlmcp/_build/test/extras/apps/erlmcp_observability/test/erlmcp_event_manager_tests.erl, line 41)
**error:undef
    </error>
    <system-out>
    </system-out>
  </testcase>
  <testcase time="0.000" name="fixture setup [1,15,1,8]">
    <error type="error">
::in function erlmcp_event_manager:start_link/0
  called as start_link()
in call from erlmcp_event_manager_tests:setup/0 (/Users/sac/erlmcp/_build/test/extras/apps/erlmcp_observability/test/erlmcp_event_manager_tests.erl, line 41)
**error:undef
    </error>
    <system-out>
    </system-out>
  </testcase>
  <testcase time="0.000" name="fixture setup [1,15,1,9]">
    <error type="error">
::in function erlmcp_event_manager:start_link/0
  called as start_link()
in call from erlmcp_event_manager_tests:setup/0 (/Users/sac/erlmcp/_build/test/extras/apps/erlmcp_observability/test/erlmcp_event_manager_tests.erl, line 41)
**error:undef
    </error>
    <system-out>
    </system-out>
  </testcase>
  <testcase time="0.000" name="fixture setup [1,15,1,10]">
    <error type="error">
::in function erlmcp_event_manager:start_link/0
  called as start_link()
in call from erlmcp_event_manager_tests:setup/0 (/Users/sac/erlmcp/_build/test/extras/apps/erlmcp_observability/test/erlmcp_event_manager_tests.erl, line 41)
**error:undef
    </error>
    <system-out>
    </system-out>
  </testcase>
  <testcase time="0.000" name="fixture setup [1,15,1,11]">
    <error type="error">
::in function erlmcp_event_manager:start_link/0
  called as start_link()
in call from erlmcp_event_manager_tests:setup/0 (/Users/sac/erlmcp/_build/test/extras/apps/erlmcp_observability/test/erlmcp_event_manager_tests.erl, line 41)
**error:undef
    </error>
    <system-out>
    </system-out>
  </testcase>
  <testcase time="0.000" name="fixture setup [1,15,1,12]">
    <error type="error">
::in function erlmcp_event_manager:start_link/0
  called as start_link()
in call from erlmcp_event_manager_tests:integration_setup/0 (/Users/sac/erlmcp/_build/test/extras/apps/erlmcp_observability/test/erlmcp_event_manager_tests.erl, line 186)
**error:undef
    </error>
    <system-out>
    </system-out>
  </testcase>
  <testcase time="0.000" name="fixture setup [1,16,1,1]">
    <error type="error">
::in function erlmcp_observability_sup:start_link/1
  called as start_link([{intensity,5},{period,30}])
in call from erlmcp_observability_supervisor_simple_tests:setup/0 (/Users/sac/erlmcp/_build/test/extras/apps/erlmcp_observability/test/erlmcp_observability_supervisor_simple_tests.erl, line 31)
**error:undef
    </error>
    <system-out>
    </system-out>
  </testcase>
  <testcase time="0.002" name="erlmcp_observability_supervisor_simple_tests:0 child_spec_format_test">
    <error type="error">
::in function erlmcp_observability_sup:child_spec/5
  called as child_spec(test_worker,worker,permanent,5000,[test_worker])
in call from erlmcp_observability_supervisor_simple_tests:child_spec_format_test/0 (/Users/sac/erlmcp/_build/test/extras/apps/erlmcp_observability/test/erlmcp_observability_supervisor_simple_tests.erl, line 81)
in call from erlmcp_observability_supervisor_simple_tests:child_spec_format_test/0
**error:undef
    </error>
    <system-out>
    </system-out>
  </testcase>
  <testcase time="0.002" name="erlmcp_observability_supervisor_simple_tests:0 supervisor_flags_test">
    <error type="error">
::in function erlmcp_observability_sup:init/1
  called as init([{intensity,7},{period,45}])
in call from erlmcp_observability_supervisor_simple_tests:supervisor_flags_test/0 (/Users/sac/erlmcp/_build/test/extras/apps/erlmcp_observability/test/erlmcp_observability_supervisor_simple_tests.erl, line 90)
in call from erlmcp_observability_supervisor_simple_tests:supervisor_flags_test/0
**error:undef
    </error>
    <system-out>
    </system-out>
  </testcase>
  <testcase time="0.000" name="fixture setup [1,17,1,1]">
    <error type="error">
::in function erlmcp_health_monitor:start_link/1
  called as start_link([])
in call from erlmcp_health_monitor_priority_tests:setup/0 (/Users/sac/erlmcp/_build/test/extras/apps/erlmcp_observability/test/erlmcp_health_monitor_priority_tests.erl, line 23)
**error:undef
    </error>
    <system-out>
    </system-out>
  </testcase>
  <testcase time="0.000" name="fixture setup [1,17,1,2]">
    <error type="error">
::in function erlmcp_health_monitor:start_link/1
  called as start_link([])
in call from erlmcp_health_monitor_priority_tests:setup/0 (/Users/sac/erlmcp/_build/test/extras/apps/erlmcp_observability/test/erlmcp_health_monitor_priority_tests.erl, line 23)
**error:undef
    </error>
    <system-out>
    </system-out>
  </testcase>
  <testcase time="0.000" name="fixture setup [1,17,1,3]">
    <error type="error">
::in function erlmcp_health_monitor:start_link/1
  called as start_link([])
in call from erlmcp_health_monitor_priority_tests:setup/0 (/Users/sac/erlmcp/_build/test/extras/apps/erlmcp_observability/test/erlmcp_health_monitor_priority_tests.erl, line 23)
**error:undef
    </error>
    <system-out>
    </system-out>
  </testcase>
  <testcase time="0.000" name="fixture setup [1,17,1,4]">
    <error type="error">
::in function erlmcp_health_monitor:start_link/1
  called as start_link([])
in call from erlmcp_health_monitor_priority_tests:setup/0 (/Users/sac/erlmcp/_build/test/extras/apps/erlmcp_observability/test/erlmcp_health_monitor_priority_tests.erl, line 23)
**error:undef
    </error>
    <system-out>
    </system-out>
  </testcase>
  <testcase time="0.000" name="fixture setup [1,17,1,5]">
    <error type="error">
::in function erlmcp_health_monitor:start_link/1
  called as start_link([])
in call from erlmcp_health_monitor_priority_tests:setup/0 (/Users/sac/erlmcp/_build/test/extras/apps/erlmcp_observability/test/erlmcp_health_monitor_priority_tests.erl, line 23)
**error:undef
    </error>
    <system-out>
    </system-out>
  </testcase>
  <testcase time="0.000" name="fixture setup [1,17,1,6]">
    <error type="error">
::in function erlmcp_health_monitor:start_link/1
  called as start_link([])
in call from erlmcp_health_monitor_priority_tests:setup/0 (/Users/sac/erlmcp/_build/test/extras/apps/erlmcp_observability/test/erlmcp_health_monitor_priority_tests.erl, line 23)
**error:undef
    </error>
    <system-out>
    </system-out>
  </testcase>
  <testcase time="0.000" name="fixture setup [1,17,1,7]">
    <error type="error">
::in function erlmcp_health_monitor:start_link/1
  called as start_link([])
in call from erlmcp_health_monitor_priority_tests:setup/0 (/Users/sac/erlmcp/_build/test/extras/apps/erlmcp_observability/test/erlmcp_health_monitor_priority_tests.erl, line 23)
**error:undef
    </error>
    <system-out>
    </system-out>
  </testcase>
  <testcase time="0.000" name="fixture setup [1,18,1,1]">
    <error type="error">
::in function erlmcp_metrics:start_link/0
  called as start_link()
in call from erlmcp_metrics_tests:setup_metrics/0 (/Users/sac/erlmcp/_build/test/extras/apps/erlmcp_observability/test/erlmcp_metrics_tests.erl, line 39)
**error:undef
    </error>
    <system-out>
    </system-out>
  </testcase>
  <testcase time="0.000" name="fixture setup [1,18,1,2]">
    <error type="error">
::in function erlmcp_metrics:start_link/0
  called as start_link()
in call from erlmcp_metrics_tests:setup_metrics/0 (/Users/sac/erlmcp/_build/test/extras/apps/erlmcp_observability/test/erlmcp_metrics_tests.erl, line 39)
**error:undef
    </error>
    <system-out>
    </system-out>
  </testcase>
  <testcase time="0.000" name="fixture setup [1,18,1,3]">
    <error type="error">
::in function erlmcp_metrics:start_link/0
  called as start_link()
in call from erlmcp_metrics_tests:setup_metrics/0 (/Users/sac/erlmcp/_build/test/extras/apps/erlmcp_observability/test/erlmcp_metrics_tests.erl, line 39)
**error:undef
    </error>
    <system-out>
    </system-out>
  </testcase>
  <testcase time="0.000" name="fixture setup [1,18,1,4]">
    <error type="error">
::in function erlmcp_metrics:start_link/0
  called as start_link()
in call from erlmcp_metrics_tests:setup_metrics/0 (/Users/sac/erlmcp/_build/test/extras/apps/erlmcp_observability/test/erlmcp_metrics_tests.erl, line 39)
**error:undef
    </error>
    <system-out>
    </system-out>
  </testcase>
  <testcase time="0.000" name="fixture setup [1,18,1,5]">
    <error type="error">
::in function erlmcp_metrics:start_link/0
  called as start_link()
in call from erlmcp_metrics_tests:setup_metrics/0 (/Users/sac/erlmcp/_build/test/extras/apps/erlmcp_observability/test/erlmcp_metrics_tests.erl, line 39)
**error:undef
    </error>
    <system-out>
    </system-out>
  </testcase>
  <testcase time="0.000" name="fixture setup [1,18,1,6]">
    <error type="error">
::in function erlmcp_metrics:start_link/0
  called as start_link()
in call from erlmcp_metrics_tests:setup_metrics/0 (/Users/sac/erlmcp/_build/test/extras/apps/erlmcp_observability/test/erlmcp_metrics_tests.erl, line 39)
**error:undef
    </error>
    <system-out>
    </system-out>
  </testcase>
  <testcase time="0.000" name="fixture setup [1,19,1,1]">
    <error type="error">
::in function erlmcp_otel:init/1
  called as init(#{sampling =&gt; always_on,service_name =&gt; &lt;&lt;"test_service"&gt;&gt;,
  service_version =&gt; &lt;&lt;"test_1.0.0"&gt;&gt;,
  exporters =&gt; [console]})
in call from erlmcp_otel_tests:setup_otel/0 (/Users/sac/erlmcp/_build/test/extras/apps/erlmcp_observability/test/erlmcp_otel_tests.erl, line 43)
**error:undef
    </error>
    <system-out>
    </system-out>
  </testcase>
  <testcase time="0.001" name="erlmcp_otel_tests:0 with_span_error_test">
    <error type="error">
::in function erlmcp_otel_tests:with_span_error_test/0 (/Users/sac/erlmcp/_build/test/extras/apps/erlmcp_observability/test/erlmcp_otel_tests.erl, line 217)
in call from eunit_test:'-mf_wrapper/2-fun-0-'/2 (eunit_test.erl, line 285)
in call from eunit_test:run_testfun/1 (eunit_test.erl, line 83)
in call from eunit_proc:run_test/1 (eunit_proc.erl, line 554)
in call from eunit_proc:with_timeout/3 (eunit_proc.erl, line 379)
in call from eunit_proc:handle_test/2 (eunit_proc.erl, line 537)
in call from eunit_proc:tests_inorder/3 (eunit_proc.erl, line 479)
in call from eunit_proc:with_timeout/3 (eunit_proc.erl, line 369)
**error:{assertException,
    [{module,erlmcp_otel_tests},
     {line,217},
     {expression,
         "erlmcp_otel : with_span ( &lt;&lt; \"error.span\" &gt;&gt; , # { } , ErrorFun )"},
     {pattern,"{ throw , test_error , [...] }"},
     {unexpected_exception,
         {error,undef,
             [{erlmcp_otel,with_span,
                  [&lt;&lt;"error.span"&gt;&gt;,#{},#Fun&lt;erlmcp_otel_tests.13.33016220&gt;],
                  []},
              {erlmcp_otel_tests,with_span_error_test,0,
                  [{file,
                       "/Users/sac/erlmcp/_build/test/extras/apps/erlmcp_observability/test/erlmcp_otel_tests.erl"},
                   {line,217}]},
              {eunit_test,'-mf_wrapper/2-fun-0-',2,
                  [{file,"eunit_test.erl"},{line,285}]},
              {eunit_test,run_testfun,1,[{file,"eunit_test.erl"},{line,83}]},
              {eunit_proc,run_test,1,[{file,"eunit_proc.erl"},{line,554}]},
              {eunit_proc,with_timeout,3,[{file,"eunit_proc.erl"},{line,379}]},
              {eunit_proc,handle_test,2,[{file,"eunit_proc.erl"},{line,537}]},
              {eunit_proc,tests_inorder,3,
                  [{file,"eunit_proc.erl"},{line,479}]}]}}]}
    </error>
    <system-out>
    </system-out>
  </testcase>
  <testcase time="0.005" name="erlmcp_otel_tests:0 with_span_multiple_errors_test">
    <error type="error">
::in function erlmcp_otel_tests:with_span_multiple_errors_test/0 (/Users/sac/erlmcp/_build/test/extras/apps/erlmcp_observability/test/erlmcp_otel_tests.erl, line 222)
in call from eunit_test:'-mf_wrapper/2-fun-0-'/2 (eunit_test.erl, line 285)
in call from eunit_test:run_testfun/1 (eunit_test.erl, line 83)
in call from eunit_proc:run_test/1 (eunit_proc.erl, line 554)
in call from eunit_proc:with_timeout/3 (eunit_proc.erl, line 379)
in call from eunit_proc:handle_test/2 (eunit_proc.erl, line 537)
in call from eunit_proc:tests_inorder/3 (eunit_proc.erl, line 479)
in call from eunit_proc:with_timeout/3 (eunit_proc.erl, line 369)
**error:{assertException,
    [{module,erlmcp_otel_tests},
     {line,222},
     {expression,
         "erlmcp_otel : with_span ( &lt;&lt; \"error.span\" &gt;&gt; , # { } , fun ( ) -&gt; erlang : error ( { test_error , reason } ) end )"},
     {pattern,"{ throw , { test_error , reason } , [...] }"},
     {unexpected_exception,
         {error,undef,
             [{erlmcp_otel,with_span,
                  [&lt;&lt;"error.span"&gt;&gt;,#{},#Fun&lt;erlmcp_otel_tests.14.33016220&gt;],
                  []},
              {erlmcp_otel_tests,with_span_multiple_errors_test,0,
                  [{file,
                       "/Users/sac/erlmcp/_build/test/extras/apps/erlmcp_observability/test/erlmcp_otel_tests.erl"},
                   {line,223}]},
              {eunit_test,'-mf_wrapper/2-fun-0-',2,
                  [{file,"eunit_test.erl"},{line,285}]},
              {eunit_test,run_testfun,1,[{file,"eunit_test.erl"},{line,83}]},
              {eunit_proc,run_test,1,[{file,"eunit_proc.erl"},{line,554}]},
              {eunit_proc,with_timeout,3,[{file,"eunit_proc.erl"},{line,379}]},
              {eunit_proc,handle_test,2,[{file,"eunit_proc.erl"},{line,537}]},
              {eunit_proc,tests_inorder,3,
                  [{file,"eunit_proc.erl"},{line,479}]}]}}]}
    </error>
    <system-out>
    </system-out>
  </testcase>
  <testcase time="0.004" name="erlmcp_otel_tests:0 span_empty_attributes_test">
    <error type="error">
::in function erlmcp_otel:start_span/2
  called as start_span(&lt;&lt;"empty.span"&gt;&gt;,#{})
in call from erlmcp_otel_tests:span_empty_attributes_test/0 (/Users/sac/erlmcp/_build/test/extras/apps/erlmcp_observability/test/erlmcp_otel_tests.erl, line 232)
in call from erlmcp_otel_tests:span_empty_attributes_test/0
**error:undef
    </error>
    <system-out>
    </system-out>
  </testcase>
  <testcase time="0.002" name="erlmcp_otel_tests:0 add_empty_attributes_test">
    <error type="error">
::in function erlmcp_otel:start_span/2
  called as start_span(&lt;&lt;"test.span"&gt;&gt;,#{})
in call from erlmcp_otel_tests:add_empty_attributes_test/0 (/Users/sac/erlmcp/_build/test/extras/apps/erlmcp_observability/test/erlmcp_otel_tests.erl, line 238)
in call from erlmcp_otel_tests:add_empty_attributes_test/0
**error:undef
    </error>
    <system-out>
    </system-out>
  </testcase>
  <testcase time="0.002" name="erlmcp_otel_tests:0 multiple_sequential_spans_test">
    <error type="error">
::in function erlmcp_otel:start_span/2
  called as start_span(&lt;&lt;"span.1"&gt;&gt;,#{})
in call from erlmcp_otel_tests:'-multiple_sequential_spans_test/0-fun-1-'/1 (/Users/sac/erlmcp/_build/test/extras/apps/erlmcp_observability/test/erlmcp_otel_tests.erl, line 247)
in call from lists:foreach_1/2 (lists.erl, line 2641)
in call from erlmcp_otel_tests:multiple_sequential_spans_test/0
**error:undef
    </error>
    <system-out>
    </system-out>
  </testcase>
  <testcase time="0.000" name="fixture setup [1,19,1,7]">
    <error type="error">
::in function erlmcp_otel:init/1
  called as init(#{sampling =&gt; always_on,service_name =&gt; &lt;&lt;"test_service"&gt;&gt;,
  service_version =&gt; &lt;&lt;"test_1.0.0"&gt;&gt;,
  exporters =&gt; [console]})
in call from erlmcp_otel_tests:setup_otel/0 (/Users/sac/erlmcp/_build/test/extras/apps/erlmcp_observability/test/erlmcp_otel_tests.erl, line 43)
**error:undef
    </error>
    <system-out>
    </system-out>
  </testcase>
  <testcase time="0.000" name="fixture setup [1,19,1,8]">
    <error type="error">
::in function erlmcp_otel:init/1
  called as init(#{sampling =&gt; always_on,service_name =&gt; &lt;&lt;"test_service"&gt;&gt;,
  service_version =&gt; &lt;&lt;"test_1.0.0"&gt;&gt;,
  exporters =&gt; [console]})
in call from erlmcp_otel_tests:setup_otel/0 (/Users/sac/erlmcp/_build/test/extras/apps/erlmcp_observability/test/erlmcp_otel_tests.erl, line 43)
**error:undef
    </error>
    <system-out>
    </system-out>
  </testcase>
  <testcase time="0.007" name="erlmcp_dashboard_filter_unit_tests:0 filter_empty_test">
    <error type="error">
::in function erlmcp_dashboard_server:filter_metrics_message/2
  called as filter_metrics_message(&lt;&lt;"{\"data\":{\"cpu_percent\":50,\"memory_mb\":1024},\"type\":\"metr"...&gt;&gt;,#{})
in call from erlmcp_dashboard_filter_unit_tests:filter_empty_test/0 (/Users/sac/erlmcp/_build/test/extras/apps/erlmcp_observability/test/erlmcp_dashboard_filter_unit_tests.erl, line 21)
in call from erlmcp_dashboard_filter_unit_tests:filter_empty_test/0
**error:undef
    </error>
    <system-out>
    </system-out>
  </testcase>
  <testcase time="0.002" name="erlmcp_dashboard_filter_unit_tests:0 filter_cpu_only_test">
    <error type="error">
::in function erlmcp_dashboard_server:filter_metrics_message/2
  called as filter_metrics_message(&lt;&lt;"{\"data\":{\"cpu_percent\":75.5,\"memory_mb\":2048,\"throughput"...&gt;&gt;,#{&lt;&lt;"types"&gt;&gt; =&gt; [&lt;&lt;"cpu_percent"&gt;&gt;]})
in call from erlmcp_dashboard_filter_unit_tests:filter_cpu_only_test/0 (/Users/sac/erlmcp/_build/test/extras/apps/erlmcp_observability/test/erlmcp_dashboard_filter_unit_tests.erl, line 33)
in call from erlmcp_dashboard_filter_unit_tests:filter_cpu_only_test/0
**error:undef
    </error>
    <system-out>
    </system-out>
  </testcase>
  <testcase time="0.001" name="erlmcp_dashboard_filter_unit_tests:0 filter_multiple_types_test">
    <error type="error">
::in function erlmcp_dashboard_server:filter_metrics_message/2
  called as filter_metrics_message(&lt;&lt;"{\"data\":{\"connections\":50,\"cpu_percent\":60.0,\"memory_mb\""...&gt;&gt;,#{&lt;&lt;"types"&gt;&gt; =&gt; [&lt;&lt;"cpu_percent"&gt;&gt;,&lt;&lt;"memory_mb"&gt;&gt;]})
in call from erlmcp_dashboard_filter_unit_tests:filter_multiple_types_test/0 (/Users/sac/erlmcp/_build/test/extras/apps/erlmcp_observability/test/erlmcp_dashboard_filter_unit_tests.erl, line 51)
in call from erlmcp_dashboard_filter_unit_tests:filter_multiple_types_test/0
**error:undef
    </error>
    <system-out>
    </system-out>
  </testcase>
  <testcase time="0.003" name="erlmcp_dashboard_filter_unit_tests:0 filter_reduces_size_test">
    <error type="error">
::in function erlmcp_dashboard_server:filter_metrics_message/2
  called as filter_metrics_message(&lt;&lt;"{\"data\":{\"connections\":100,\"cpu_percent\":55.0,\"errors\":5"...&gt;&gt;,#{&lt;&lt;"types"&gt;&gt; =&gt; [&lt;&lt;"cpu_percent"&gt;&gt;]})
in call from erlmcp_dashboard_filter_unit_tests:filter_reduces_size_test/0 (/Users/sac/erlmcp/_build/test/extras/apps/erlmcp_observability/test/erlmcp_dashboard_filter_unit_tests.erl, line 73)
in call from erlmcp_dashboard_filter_unit_tests:filter_reduces_size_test/0
**error:undef
    </error>
    <system-out>
    </system-out>
  </testcase>
  <testcase time="0.001" name="erlmcp_dashboard_filter_unit_tests:0 filter_preserves_structure_test">
    <error type="error">
::in function erlmcp_dashboard_server:filter_metrics_message/2
  called as filter_metrics_message(&lt;&lt;"{\"data\":{\"cpu_percent\":45.0},\"type\":\"metrics\"}"&gt;&gt;,#{&lt;&lt;"types"&gt;&gt; =&gt; [&lt;&lt;"cpu_percent"&gt;&gt;]})
in call from erlmcp_dashboard_filter_unit_tests:filter_preserves_structure_test/0 (/Users/sac/erlmcp/_build/test/extras/apps/erlmcp_observability/test/erlmcp_dashboard_filter_unit_tests.erl, line 85)
in call from erlmcp_dashboard_filter_unit_tests:filter_preserves_structure_test/0
**error:undef
    </error>
    <system-out>
    </system-out>
  </testcase>
  <testcase time="0.002" name="erlmcp_dashboard_filter_unit_tests:0 filter_nonexistent_type_test">
    <error type="error">
::in function erlmcp_dashboard_server:filter_metrics_message/2
  called as filter_metrics_message(&lt;&lt;"{\"data\":{\"cpu_percent\":65.0,\"memory_mb\":768},\"type\":\"met"...&gt;&gt;,#{&lt;&lt;"types"&gt;&gt; =&gt; [&lt;&lt;"nonexistent_metric"&gt;&gt;]})
in call from erlmcp_dashboard_filter_unit_tests:filter_nonexistent_type_test/0 (/Users/sac/erlmcp/_build/test/extras/apps/erlmcp_observability/test/erlmcp_dashboard_filter_unit_tests.erl, line 97)
in call from erlmcp_dashboard_filter_unit_tests:filter_nonexistent_type_test/0
**error:undef
    </error>
    <system-out>
    </system-out>
  </testcase>
  <testcase time="0.003" name="erlmcp_dashboard_filter_unit_tests:0 filter_latency_metrics_test">
    <error type="error">
::in function erlmcp_dashboard_server:filter_metrics_message/2
  called as filter_metrics_message(&lt;&lt;"{\"data\":{\"cpu_percent\":50.0,\"latency_p50_us\":15000,\"late"...&gt;&gt;,#{&lt;&lt;"types"&gt;&gt; =&gt;
      [&lt;&lt;"latency_p50_us"&gt;&gt;,&lt;&lt;"latency_p95_us"&gt;&gt;,&lt;&lt;"latency_p99_us"&gt;&gt;]})
in call from erlmcp_dashboard_filter_unit_tests:filter_latency_metrics_test/0 (/Users/sac/erlmcp/_build/test/extras/apps/erlmcp_observability/test/erlmcp_dashboard_filter_unit_tests.erl, line 114)
in call from erlmcp_dashboard_filter_unit_tests:filter_latency_metrics_test/0
**error:undef
    </error>
    <system-out>
    </system-out>
  </testcase>
  <testcase time="0.001" name="erlmcp_dashboard_filter_unit_tests:0 filter_no_types_key_test">
    <error type="error">
::in function erlmcp_dashboard_server:filter_metrics_message/2
  called as filter_metrics_message(&lt;&lt;"{\"data\":{\"cpu_percent\":70.0,\"memory_mb\":512},\"type\":\"met"...&gt;&gt;,#{&lt;&lt;"other_key"&gt;&gt; =&gt; &lt;&lt;"value"&gt;&gt;})
in call from erlmcp_dashboard_filter_unit_tests:filter_no_types_key_test/0 (/Users/sac/erlmcp/_build/test/extras/apps/erlmcp_observability/test/erlmcp_dashboard_filter_unit_tests.erl, line 129)
in call from erlmcp_dashboard_filter_unit_tests:filter_no_types_key_test/0
**error:undef
    </error>
    <system-out>
    </system-out>
  </testcase>
  <testcase time="0.002" name="erlmcp_dashboard_filter_unit_tests:0 filter_preserves_types_test">
    <error type="error">
::in function erlmcp_dashboard_server:filter_metrics_message/2
  called as filter_metrics_message(&lt;&lt;"{\"data\":{\"cpu_percent\":55.5,\"throughput\":1000,\"timestamp"...&gt;&gt;,#{&lt;&lt;"types"&gt;&gt; =&gt; [&lt;&lt;"cpu_percent"&gt;&gt;,&lt;&lt;"throughput"&gt;&gt;,&lt;&lt;"timestamp"&gt;&gt;]})
in call from erlmcp_dashboard_filter_unit_tests:filter_preserves_types_test/0 (/Users/sac/erlmcp/_build/test/extras/apps/erlmcp_observability/test/erlmcp_dashboard_filter_unit_tests.erl, line 145)
in call from erlmcp_dashboard_filter_unit_tests:filter_preserves_types_test/0
**error:undef
    </error>
    <system-out>
    </system-out>
  </testcase>
  <testcase time="0.002" name="erlmcp_dashboard_filter_unit_tests:0 apply_filter_empty_list_test">
    <error type="error">
::in function erlmcp_dashboard_server:apply_metric_filter/2
  called as apply_metric_filter(#{&lt;&lt;"cpu_percent"&gt;&gt; =&gt; 50.0,&lt;&lt;"memory_mb"&gt;&gt; =&gt; 1024},#{&lt;&lt;"types"&gt;&gt; =&gt; []})
in call from erlmcp_dashboard_filter_unit_tests:apply_filter_empty_list_test/0 (/Users/sac/erlmcp/_build/test/extras/apps/erlmcp_observability/test/erlmcp_dashboard_filter_unit_tests.erl, line 161)
in call from erlmcp_dashboard_filter_unit_tests:apply_filter_empty_list_test/0
**error:undef
    </error>
    <system-out>
    </system-out>
  </testcase>
  <testcase time="0.001" name="erlmcp_dashboard_filter_unit_tests:0 apply_filter_single_type_test">
    <error type="error">
::in function erlmcp_dashboard_server:apply_metric_filter/2
  called as apply_metric_filter(#{&lt;&lt;"cpu_percent"&gt;&gt; =&gt; 60.0,&lt;&lt;"memory_mb"&gt;&gt; =&gt; 768,&lt;&lt;"throughput"&gt;&gt; =&gt; 500},#{&lt;&lt;"types"&gt;&gt; =&gt; [&lt;&lt;"throughput"&gt;&gt;]})
in call from erlmcp_dashboard_filter_unit_tests:apply_filter_single_type_test/0 (/Users/sac/erlmcp/_build/test/extras/apps/erlmcp_observability/test/erlmcp_dashboard_filter_unit_tests.erl, line 171)
in call from erlmcp_dashboard_filter_unit_tests:apply_filter_single_type_test/0
**error:undef
    </error>
    <system-out>
    </system-out>
  </testcase>
  <testcase time="0.002" name="erlmcp_dashboard_filter_unit_tests:0 apply_filter_preserves_values_test">
    <error type="error">
::in function erlmcp_dashboard_server:apply_metric_filter/2
  called as apply_metric_filter(#{&lt;&lt;"connections"&gt;&gt; =&gt; 75,&lt;&lt;"cpu_percent"&gt;&gt; =&gt; 45.5,&lt;&lt;"memory_mb"&gt;&gt; =&gt; 2048.0,
  &lt;&lt;"throughput"&gt;&gt; =&gt; 2500},#{&lt;&lt;"types"&gt;&gt; =&gt; [&lt;&lt;"cpu_percent"&gt;&gt;,&lt;&lt;"memory_mb"&gt;&gt;]})
in call from erlmcp_dashboard_filter_unit_tests:apply_filter_preserves_values_test/0 (/Users/sac/erlmcp/_build/test/extras/apps/erlmcp_observability/test/erlmcp_dashboard_filter_unit_tests.erl, line 182)
in call from erlmcp_dashboard_filter_unit_tests:apply_filter_preserves_values_test/0
**error:undef
    </error>
    <system-out>
    </system-out>
  </testcase>
  <testcase time="0.001" name="erlmcp_introspect_tests:0 test_status (status/0 returns system health map)">
    <error type="error">
::in function erlmcp_introspect:status/0
  called as status()
in call from erlmcp_introspect_tests:test_status/0 (/Users/sac/erlmcp/_build/test/extras/apps/erlmcp_observability/test/erlmcp_introspect_tests.erl, line 45)
in call from eunit_test:run_testfun/1 (eunit_test.erl, line 83)
in call from eunit_proc:run_test/1 (eunit_proc.erl, line 554)
in call from eunit_proc:with_timeout/3 (eunit_proc.erl, line 379)
in call from eunit_proc:handle_test/2 (eunit_proc.erl, line 537)
in call from eunit_proc:tests_inorder/3 (eunit_proc.erl, line 479)
in call from eunit_proc:with_timeout/3 (eunit_proc.erl, line 369)
**error:undef
    </error>
    <system-out>
    </system-out>
  </testcase>
  <testcase time="0.001" name="erlmcp_introspect_tests:0 test_health_check (health_check/0 runs immediate health probe)">
    <error type="error">
::in function erlmcp_introspect:health_check/0
  called as health_check()
in call from erlmcp_introspect_tests:test_health_check/0 (/Users/sac/erlmcp/_build/test/extras/apps/erlmcp_observability/test/erlmcp_introspect_tests.erl, line 72)
in call from eunit_test:run_testfun/1 (eunit_test.erl, line 83)
in call from eunit_proc:run_test/1 (eunit_proc.erl, line 554)
in call from eunit_proc:with_timeout/3 (eunit_proc.erl, line 379)
in call from eunit_proc:handle_test/2 (eunit_proc.erl, line 537)
in call from eunit_proc:tests_inorder/3 (eunit_proc.erl, line 479)
in call from eunit_proc:with_timeout/3 (eunit_proc.erl, line 369)
**error:undef
    </error>
    <system-out>
    </system-out>
  </testcase>
  <testcase time="0.006" name="erlmcp_introspect_tests:0 test_tasks (tasks/0 returns task status)">
    <error type="error">
::in function erlmcp_introspect:tasks/0
  called as tasks()
in call from erlmcp_introspect_tests:test_tasks/0 (/Users/sac/erlmcp/_build/test/extras/apps/erlmcp_observability/test/erlmcp_introspect_tests.erl, line 96)
in call from eunit_test:run_testfun/1 (eunit_test.erl, line 83)
in call from eunit_proc:run_test/1 (eunit_proc.erl, line 554)
in call from eunit_proc:with_timeout/3 (eunit_proc.erl, line 379)
in call from eunit_proc:handle_test/2 (eunit_proc.erl, line 537)
in call from eunit_proc:tests_inorder/3 (eunit_proc.erl, line 479)
in call from eunit_proc:with_timeout/3 (eunit_proc.erl, line 369)
**error:undef
    </error>
    <system-out>
    </system-out>
  </testcase>
  <testcase time="0.002" name="erlmcp_introspect_tests:0 test_queues (queues/0 returns queue depths)">
    <error type="error">
::in function erlmcp_introspect:queues/0
  called as queues()
in call from erlmcp_introspect_tests:test_queues/0 (/Users/sac/erlmcp/_build/test/extras/apps/erlmcp_observability/test/erlmcp_introspect_tests.erl, line 115)
in call from eunit_test:run_testfun/1 (eunit_test.erl, line 83)
in call from eunit_proc:run_test/1 (eunit_proc.erl, line 554)
in call from eunit_proc:with_timeout/3 (eunit_proc.erl, line 379)
in call from eunit_proc:handle_test/2 (eunit_proc.erl, line 537)
in call from eunit_proc:tests_inorder/3 (eunit_proc.erl, line 479)
in call from eunit_proc:with_timeout/3 (eunit_proc.erl, line 369)
**error:undef
    </error>
    <system-out>
    </system-out>
  </testcase>
  <testcase time="0.003" name="erlmcp_introspect_tests:0 test_session_dump_not_found (session_dump/1 returns error for nonexistent session)">
    <error type="error">
::in function erlmcp_introspect:session_dump/1
  called as session_dump(&lt;&lt;"nonexistent-session-id"&gt;&gt;)
in call from erlmcp_introspect_tests:test_session_dump_not_found/0 (/Users/sac/erlmcp/_build/test/extras/apps/erlmcp_observability/test/erlmcp_introspect_tests.erl, line 143)
in call from eunit_test:run_testfun/1 (eunit_test.erl, line 83)
in call from eunit_proc:run_test/1 (eunit_proc.erl, line 554)
in call from eunit_proc:with_timeout/3 (eunit_proc.erl, line 379)
in call from eunit_proc:handle_test/2 (eunit_proc.erl, line 537)
in call from eunit_proc:tests_inorder/3 (eunit_proc.erl, line 479)
in call from eunit_proc:with_timeout/3 (eunit_proc.erl, line 369)
**error:undef
    </error>
    <system-out>
    </system-out>
  </testcase>
  <testcase time="0.002" name="erlmcp_introspect_tests:0 test_streams_not_found (streams/1 returns error for nonexistent session)">
    <error type="error">
::in function erlmcp_introspect:streams/1
  called as streams(&lt;&lt;"nonexistent-session-id"&gt;&gt;)
in call from erlmcp_introspect_tests:test_streams_not_found/0 (/Users/sac/erlmcp/_build/test/extras/apps/erlmcp_observability/test/erlmcp_introspect_tests.erl, line 150)
in call from eunit_test:run_testfun/1 (eunit_test.erl, line 83)
in call from eunit_proc:run_test/1 (eunit_proc.erl, line 554)
in call from eunit_proc:with_timeout/3 (eunit_proc.erl, line 379)
in call from eunit_proc:handle_test/2 (eunit_proc.erl, line 537)
in call from eunit_proc:tests_inorder/3 (eunit_proc.erl, line 479)
in call from eunit_proc:with_timeout/3 (eunit_proc.erl, line 369)
**error:undef
    </error>
    <system-out>
    </system-out>
  </testcase>
  <testcase time="0.000" name="fixture setup [1,21,1,2]">
    <error type="error">
::in function erlmcp_registry:find_server/1
  called as find_server(test_server_introspect)
in call from erlmcp_introspect_tests:integration_setup/0 (/Users/sac/erlmcp/_build/test/extras/apps/erlmcp_observability/test/erlmcp_introspect_tests.erl, line 178)
**error:undef
    </error>
    <system-out>
    </system-out>
  </testcase>
  <testcase time="0.004" name="erlmcp_introspect_tests:0 -structure_test_/0-fun-9- (status/0 always returns valid structure)">
    <error type="error">
::in function erlmcp_introspect:status/0
  called as status()
in call from erlmcp_introspect_tests:'-structure_test_/0-fun-8-'/1 (/Users/sac/erlmcp/_build/test/extras/apps/erlmcp_observability/test/erlmcp_introspect_tests.erl, line 235)
in call from lists:foreach_1/2 (lists.erl, line 2641)
in call from eunit_test:run_testfun/1 (eunit_test.erl, line 83)
in call from eunit_proc:run_test/1 (eunit_proc.erl, line 554)
in call from eunit_proc:with_timeout/3 (eunit_proc.erl, line 379)
in call from eunit_proc:handle_test/2 (eunit_proc.erl, line 537)
in call from eunit_proc:tests_inorder/3 (eunit_proc.erl, line 479)
**error:undef
    </error>
    <system-out>
    </system-out>
  </testcase>
  <testcase time="0.001" name="erlmcp_introspect_tests:0 -structure_test_/0-fun-4- (health_check/0 always returns consistent format)">
    <error type="error">
::in function erlmcp_introspect:health_check/0
  called as health_check()
in call from erlmcp_introspect_tests:'-structure_test_/0-fun-3-'/1 (/Users/sac/erlmcp/_build/test/extras/apps/erlmcp_observability/test/erlmcp_introspect_tests.erl, line 248)
in call from lists:foreach_1/2 (lists.erl, line 2641)
in call from eunit_test:run_testfun/1 (eunit_test.erl, line 83)
in call from eunit_proc:run_test/1 (eunit_proc.erl, line 554)
in call from eunit_proc:with_timeout/3 (eunit_proc.erl, line 379)
in call from eunit_proc:handle_test/2 (eunit_proc.erl, line 537)
in call from eunit_proc:tests_inorder/3 (eunit_proc.erl, line 479)
**error:undef
    </error>
    <system-out>
    </system-out>
  </testcase>
  <testcase time="0.000" name="fixture setup [1,22,1] (module 'erlmcp_observability_supervisor_tests')">
    <error type="error">
::in function erlmcp_observability_sup:start_link/0
  called as start_link()
in call from erlmcp_observability_supervisor_tests:setup_supervisor/0 (/Users/sac/erlmcp/_build/test/extras/apps/erlmcp_observability/test/erlmcp_observability_supervisor_tests.erl, line 52)
**error:undef
    </error>
    <system-out>
    </system-out>
  </testcase>
  <testcase time="0.000" name="fixture setup [1,24,1,1]">
    <error type="error">
::in function erlmcp_counters:init/0
  called as init()
in call from erlmcp_counters_tests:setup/0 (/Users/sac/erlmcp/_build/test/extras/apps/erlmcp_observability/test/erlmcp_counters_tests.erl, line 42)
**error:undef
    </error>
    <system-out>
    </system-out>
  </testcase>
  <testcase time="0.000" name="fixture setup [1,24,1,2]">
    <error type="error">
::in function erlmcp_counters:init/0
  called as init()
in call from erlmcp_counters_tests:setup/0 (/Users/sac/erlmcp/_build/test/extras/apps/erlmcp_observability/test/erlmcp_counters_tests.erl, line 42)
**error:undef
    </error>
    <system-out>
    </system-out>
  </testcase>
  <testcase time="0.000" name="fixture setup [1,24,1,3]">
    <error type="error">
::in function erlmcp_counters:init/0
  called as init()
in call from erlmcp_counters_tests:setup/0 (/Users/sac/erlmcp/_build/test/extras/apps/erlmcp_observability/test/erlmcp_counters_tests.erl, line 42)
**error:undef
    </error>
    <system-out>
    </system-out>
  </testcase>
  <testcase time="0.000" name="fixture setup [1,24,1,4]">
    <error type="error">
::in function erlmcp_counters:init/0
  called as init()
in call from erlmcp_counters_tests:setup/0 (/Users/sac/erlmcp/_build/test/extras/apps/erlmcp_observability/test/erlmcp_counters_tests.erl, line 42)
**error:undef
    </error>
    <system-out>
    </system-out>
  </testcase>
  <testcase time="0.000" name="fixture setup [1,24,1,5]">
    <error type="error">
::in function erlmcp_counters:init/0
  called as init()
in call from erlmcp_counters_tests:setup/0 (/Users/sac/erlmcp/_build/test/extras/apps/erlmcp_observability/test/erlmcp_counters_tests.erl, line 42)
**error:undef
    </error>
    <system-out>
    </system-out>
  </testcase>
  <testcase time="0.000" name="fixture setup [1,24,1,6]">
    <error type="error">
::in function erlmcp_counters:init/0
  called as init()
in call from erlmcp_counters_tests:setup/0 (/Users/sac/erlmcp/_build/test/extras/apps/erlmcp_observability/test/erlmcp_counters_tests.erl, line 42)
**error:undef
    </error>
    <system-out>
    </system-out>
  </testcase>
  <testcase time="0.000" name="fixture setup [1,24,1,7]">
    <error type="error">
::in function erlmcp_counters:init/0
  called as init()
in call from erlmcp_counters_tests:setup/0 (/Users/sac/erlmcp/_build/test/extras/apps/erlmcp_observability/test/erlmcp_counters_tests.erl, line 42)
**error:undef
    </error>
    <system-out>
    </system-out>
  </testcase>
  <testcase time="0.000" name="fixture setup [1,24,1,8]">
    <error type="error">
::in function erlmcp_counters:init/0
  called as init()
in call from erlmcp_counters_tests:setup/0 (/Users/sac/erlmcp/_build/test/extras/apps/erlmcp_observability/test/erlmcp_counters_tests.erl, line 42)
**error:undef
    </error>
    <system-out>
    </system-out>
  </testcase>
  <testcase time="0.000" name="fixture setup [1,24,1,9]">
    <error type="error">
::in function erlmcp_counters:init/0
  called as init()
in call from erlmcp_counters_tests:setup/0 (/Users/sac/erlmcp/_build/test/extras/apps/erlmcp_observability/test/erlmcp_counters_tests.erl, line 42)
**error:undef
    </error>
    <system-out>
    </system-out>
  </testcase>
  <testcase time="0.000" name="fixture setup [1,24,1,10]">
    <error type="error">
::in function erlmcp_counters:init/0
  called as init()
in call from erlmcp_counters_tests:setup/0 (/Users/sac/erlmcp/_build/test/extras/apps/erlmcp_observability/test/erlmcp_counters_tests.erl, line 42)
**error:undef
    </error>
    <system-out>
    </system-out>
  </testcase>
  <testcase time="0.000" name="fixture setup [1,24,1,11]">
    <error type="error">
::in function erlmcp_counters:init/0
  called as init()
in call from erlmcp_counters_tests:setup/0 (/Users/sac/erlmcp/_build/test/extras/apps/erlmcp_observability/test/erlmcp_counters_tests.erl, line 42)
**error:undef
    </error>
    <system-out>
    </system-out>
  </testcase>
  <testcase time="0.000" name="fixture setup [1,24,1,12]">
    <error type="error">
::in function erlmcp_counters:init/0
  called as init()
in call from erlmcp_counters_tests:setup/0 (/Users/sac/erlmcp/_build/test/extras/apps/erlmcp_observability/test/erlmcp_counters_tests.erl, line 42)
**error:undef
    </error>
    <system-out>
    </system-out>
  </testcase>
  <testcase time="0.000" name="fixture setup [1,24,1,13]">
    <error type="error">
::in function erlmcp_counters:init/0
  called as init()
in call from erlmcp_counters_tests:setup/0 (/Users/sac/erlmcp/_build/test/extras/apps/erlmcp_observability/test/erlmcp_counters_tests.erl, line 42)
**error:undef
    </error>
    <system-out>
    </system-out>
  </testcase>
  <testcase time="0.000" name="fixture setup [1,24,1,14]">
    <error type="error">
::in function erlmcp_counters:init/0
  called as init()
in call from erlmcp_counters_tests:setup/0 (/Users/sac/erlmcp/_build/test/extras/apps/erlmcp_observability/test/erlmcp_counters_tests.erl, line 42)
**error:undef
    </error>
    <system-out>
    </system-out>
  </testcase>
  <testcase time="0.000" name="fixture setup [1,24,1,15]">
    <error type="error">
::in function erlmcp_counters:init/0
  called as init()
in call from erlmcp_counters_tests:setup/0 (/Users/sac/erlmcp/_build/test/extras/apps/erlmcp_observability/test/erlmcp_counters_tests.erl, line 42)
**error:undef
    </error>
    <system-out>
    </system-out>
  </testcase>
  <testcase time="0.000" name="fixture setup [1,25,1,1]">
    <error type="error">
::in function erlmcp_flags:init/0
  called as init()
in call from erlmcp_flags_tests:setup/0 (/Users/sac/erlmcp/_build/test/extras/apps/erlmcp_observability/test/erlmcp_flags_tests.erl, line 37)
**error:undef
    </error>
    <system-out>
    </system-out>
  </testcase>
  <testcase time="0.000" name="fixture setup [1,25,1,2]">
    <error type="error">
::in function erlmcp_flags:init/0
  called as init()
in call from erlmcp_flags_tests:setup/0 (/Users/sac/erlmcp/_build/test/extras/apps/erlmcp_observability/test/erlmcp_flags_tests.erl, line 37)
**error:undef
    </error>
    <system-out>
    </system-out>
  </testcase>
  <testcase time="0.000" name="fixture setup [1,25,1,3]">
    <error type="error">
::in function erlmcp_flags:init/0
  called as init()
in call from erlmcp_flags_tests:setup/0 (/Users/sac/erlmcp/_build/test/extras/apps/erlmcp_observability/test/erlmcp_flags_tests.erl, line 37)
**error:undef
    </error>
    <system-out>
    </system-out>
  </testcase>
  <testcase time="0.000" name="fixture setup [1,25,1,4]">
    <error type="error">
::in function erlmcp_flags:init/0
  called as init()
in call from erlmcp_flags_tests:setup/0 (/Users/sac/erlmcp/_build/test/extras/apps/erlmcp_observability/test/erlmcp_flags_tests.erl, line 37)
**error:undef
    </error>
    <system-out>
    </system-out>
  </testcase>
  <testcase time="0.000" name="fixture setup [1,25,1,5]">
    <error type="error">
::in function erlmcp_flags:init/0
  called as init()
in call from erlmcp_flags_tests:setup/0 (/Users/sac/erlmcp/_build/test/extras/apps/erlmcp_observability/test/erlmcp_flags_tests.erl, line 37)
**error:undef
    </error>
    <system-out>
    </system-out>
  </testcase>
  <testcase time="0.000" name="fixture setup [1,25,1,6]">
    <error type="error">
::in function erlmcp_flags:init/0
  called as init()
in call from erlmcp_flags_tests:setup/0 (/Users/sac/erlmcp/_build/test/extras/apps/erlmcp_observability/test/erlmcp_flags_tests.erl, line 37)
**error:undef
    </error>
    <system-out>
    </system-out>
  </testcase>
  <testcase time="0.000" name="fixture setup [1,25,1,7]">
    <error type="error">
::in function erlmcp_flags:init/0
  called as init()
in call from erlmcp_flags_tests:setup/0 (/Users/sac/erlmcp/_build/test/extras/apps/erlmcp_observability/test/erlmcp_flags_tests.erl, line 37)
**error:undef
    </error>
    <system-out>
    </system-out>
  </testcase>
  <testcase time="0.000" name="fixture setup [1,25,1,8]">
    <error type="error">
::in function erlmcp_flags:init/0
  called as init()
in call from erlmcp_flags_tests:setup/0 (/Users/sac/erlmcp/_build/test/extras/apps/erlmcp_observability/test/erlmcp_flags_tests.erl, line 37)
**error:undef
    </error>
    <system-out>
    </system-out>
  </testcase>
  <testcase time="0.000" name="fixture setup [1,25,1,9]">
    <error type="error">
::in function erlmcp_flags:init/0
  called as init()
in call from erlmcp_flags_tests:setup/0 (/Users/sac/erlmcp/_build/test/extras/apps/erlmcp_observability/test/erlmcp_flags_tests.erl, line 37)
**error:undef
    </error>
    <system-out>
    </system-out>
  </testcase>
  <testcase time="0.000" name="fixture setup [1,25,1,10]">
    <error type="error">
::in function erlmcp_flags:init/0
  called as init()
in call from erlmcp_flags_tests:setup/0 (/Users/sac/erlmcp/_build/test/extras/apps/erlmcp_observability/test/erlmcp_flags_tests.erl, line 37)
**error:undef
    </error>
    <system-out>
    </system-out>
  </testcase>
  <testcase time="0.001" name="test_missing_entries:0 debug_missing_entries_test (module 'test_missing_entries')">
    <error type="error">
::in function erlmcp_audit_log:start_link/1
  called as start_link(#{buffer_size =&gt; 5,log_path =&gt; "/tmp/test_missing_3138/audit.log",
  flush_interval_ms =&gt; 100})
in call from test_missing_entries:debug_missing_entries_test/0 (/Users/sac/erlmcp/_build/test/extras/apps/erlmcp_observability/test/test_missing_entries.erl, line 15)
in call from test_missing_entries:debug_missing_entries_test/0
**error:undef
    </error>
    <system-out>
    </system-out>
  </testcase>
  <testcase time="0.000" name="fixture setup [1,27,1,1]">
    <error type="error">
::in function erlmcp_event_manager:start_link/0
  called as start_link()
in call from erlmcp_event_logger_tests:setup/0 (/Users/sac/erlmcp/_build/test/extras/apps/erlmcp_observability/test/erlmcp_event_logger_tests.erl, line 36)
**error:undef
    </error>
    <system-out>
    </system-out>
  </testcase>
  <testcase time="0.000" name="fixture setup [1,27,1,2]">
    <error type="error">
::in function erlmcp_event_manager:start_link/0
  called as start_link()
in call from erlmcp_event_logger_tests:setup/0 (/Users/sac/erlmcp/_build/test/extras/apps/erlmcp_observability/test/erlmcp_event_logger_tests.erl, line 36)
**error:undef
    </error>
    <system-out>
    </system-out>
  </testcase>
  <testcase time="0.000" name="fixture setup [1,27,1,3]">
    <error type="error">
::in function erlmcp_event_manager:start_link/0
  called as start_link()
in call from erlmcp_event_logger_tests:setup/0 (/Users/sac/erlmcp/_build/test/extras/apps/erlmcp_observability/test/erlmcp_event_logger_tests.erl, line 36)
**error:undef
    </error>
    <system-out>
    </system-out>
  </testcase>
  <testcase time="0.000" name="fixture setup [1,27,1,4]">
    <error type="error">
::in function erlmcp_event_manager:start_link/0
  called as start_link()
in call from erlmcp_event_logger_tests:setup/0 (/Users/sac/erlmcp/_build/test/extras/apps/erlmcp_observability/test/erlmcp_event_logger_tests.erl, line 36)
**error:undef
    </error>
    <system-out>
    </system-out>
  </testcase>
  <testcase time="0.000" name="fixture setup [1,27,1,5]">
    <error type="error">
::in function erlmcp_event_manager:start_link/0
  called as start_link()
in call from erlmcp_event_logger_tests:setup/0 (/Users/sac/erlmcp/_build/test/extras/apps/erlmcp_observability/test/erlmcp_event_logger_tests.erl, line 36)
**error:undef
    </error>
    <system-out>
    </system-out>
  </testcase>
  <testcase time="0.000" name="fixture setup [1,27,1,6]">
    <error type="error">
::in function erlmcp_event_manager:start_link/0
  called as start_link()
in call from erlmcp_event_logger_tests:setup/0 (/Users/sac/erlmcp/_build/test/extras/apps/erlmcp_observability/test/erlmcp_event_logger_tests.erl, line 36)
**error:undef
    </error>
    <system-out>
    </system-out>
  </testcase>
  <testcase time="0.000" name="fixture setup [1,27,1,7]">
    <error type="error">
::in function erlmcp_event_manager:start_link/0
  called as start_link()
in call from erlmcp_event_logger_tests:setup/0 (/Users/sac/erlmcp/_build/test/extras/apps/erlmcp_observability/test/erlmcp_event_logger_tests.erl, line 36)
**error:undef
    </error>
    <system-out>
    </system-out>
  </testcase>
  <testcase time="0.000" name="fixture setup [1,27,1,8]">
    <error type="error">
::in function erlmcp_event_manager:start_link/0
  called as start_link()
in call from erlmcp_event_logger_tests:setup/0 (/Users/sac/erlmcp/_build/test/extras/apps/erlmcp_observability/test/erlmcp_event_logger_tests.erl, line 36)
**error:undef
    </error>
    <system-out>
    </system-out>
  </testcase>
  <testcase time="0.000" name="fixture setup [1,27,1,9]">
    <error type="error">
::in function erlmcp_event_manager:start_link/0
  called as start_link()
in call from erlmcp_event_logger_tests:setup/0 (/Users/sac/erlmcp/_build/test/extras/apps/erlmcp_observability/test/erlmcp_event_logger_tests.erl, line 36)
**error:undef
    </error>
    <system-out>
    </system-out>
  </testcase>
  <testcase time="0.000" name="fixture setup [1,27,1,10]">
    <error type="error">
::in function erlmcp_event_manager:start_link/0
  called as start_link()
in call from erlmcp_event_logger_tests:'-custom_log_level_test_/0-fun-4-'/0 (/Users/sac/erlmcp/_build/test/extras/apps/erlmcp_observability/test/erlmcp_event_logger_tests.erl, line 149)
**error:undef
    </error>
    <system-out>
    </system-out>
  </testcase>
  <testcase time="0.000" name="fixture setup [1,28,1,1]">
    <error type="error">
::in function erlmcp_event_manager:start_link/0
  called as start_link()
in call from erlmcp_event_metrics_tests:setup/0 (/Users/sac/erlmcp/_build/test/extras/apps/erlmcp_observability/test/erlmcp_event_metrics_tests.erl, line 38)
**error:undef
    </error>
    <system-out>
    </system-out>
  </testcase>
  <testcase time="0.000" name="fixture setup [1,28,1,2]">
    <error type="error">
::in function erlmcp_event_manager:start_link/0
  called as start_link()
in call from erlmcp_event_metrics_tests:setup/0 (/Users/sac/erlmcp/_build/test/extras/apps/erlmcp_observability/test/erlmcp_event_metrics_tests.erl, line 38)
**error:undef
    </error>
    <system-out>
    </system-out>
  </testcase>
  <testcase time="0.000" name="fixture setup [1,28,1,3]">
    <error type="error">
::in function erlmcp_event_manager:start_link/0
  called as start_link()
in call from erlmcp_event_metrics_tests:setup/0 (/Users/sac/erlmcp/_build/test/extras/apps/erlmcp_observability/test/erlmcp_event_metrics_tests.erl, line 38)
**error:undef
    </error>
    <system-out>
    </system-out>
  </testcase>
  <testcase time="0.000" name="fixture setup [1,28,1,4]">
    <error type="error">
::in function erlmcp_event_manager:start_link/0
  called as start_link()
in call from erlmcp_event_metrics_tests:setup/0 (/Users/sac/erlmcp/_build/test/extras/apps/erlmcp_observability/test/erlmcp_event_metrics_tests.erl, line 38)
**error:undef
    </error>
    <system-out>
    </system-out>
  </testcase>
  <testcase time="0.000" name="fixture setup [1,28,1,5]">
    <error type="error">
::in function erlmcp_event_manager:start_link/0
  called as start_link()
in call from erlmcp_event_metrics_tests:setup/0 (/Users/sac/erlmcp/_build/test/extras/apps/erlmcp_observability/test/erlmcp_event_metrics_tests.erl, line 38)
**error:undef
    </error>
    <system-out>
    </system-out>
  </testcase>
  <testcase time="0.000" name="fixture setup [1,28,1,6]">
    <error type="error">
::in function erlmcp_event_manager:start_link/0
  called as start_link()
in call from erlmcp_event_metrics_tests:setup/0 (/Users/sac/erlmcp/_build/test/extras/apps/erlmcp_observability/test/erlmcp_event_metrics_tests.erl, line 38)
**error:undef
    </error>
    <system-out>
    </system-out>
  </testcase>
  <testcase time="0.000" name="fixture setup [1,28,1,7]">
    <error type="error">
::in function erlmcp_event_manager:start_link/0
  called as start_link()
in call from erlmcp_event_metrics_tests:setup/0 (/Users/sac/erlmcp/_build/test/extras/apps/erlmcp_observability/test/erlmcp_event_metrics_tests.erl, line 38)
**error:undef
    </error>
    <system-out>
    </system-out>
  </testcase>
  <testcase time="0.000" name="fixture setup [1,28,1,8]">
    <error type="error">
::in function erlmcp_event_manager:start_link/0
  called as start_link()
in call from erlmcp_event_metrics_tests:setup/0 (/Users/sac/erlmcp/_build/test/extras/apps/erlmcp_observability/test/erlmcp_event_metrics_tests.erl, line 38)
**error:undef
    </error>
    <system-out>
    </system-out>
  </testcase>
  <testcase time="0.000" name="fixture setup [1,28,1,9]">
    <error type="error">
::in function erlmcp_event_manager:start_link/0
  called as start_link()
in call from erlmcp_event_metrics_tests:setup/0 (/Users/sac/erlmcp/_build/test/extras/apps/erlmcp_observability/test/erlmcp_event_metrics_tests.erl, line 38)
**error:undef
    </error>
    <system-out>
    </system-out>
  </testcase>
  <testcase time="0.000" name="fixture setup [1,28,1,10]">
    <error type="error">
::in function erlmcp_event_manager:start_link/0
  called as start_link()
in call from erlmcp_event_metrics_tests:setup/0 (/Users/sac/erlmcp/_build/test/extras/apps/erlmcp_observability/test/erlmcp_event_metrics_tests.erl, line 38)
**error:undef
    </error>
    <system-out>
    </system-out>
  </testcase>
  <testcase time="0.000" name="fixture setup [1,28,1,11]">
    <error type="error">
::in function erlmcp_event_manager:start_link/0
  called as start_link()
in call from erlmcp_event_metrics_tests:'-integration_test_/0-fun-1-'/0 (/Users/sac/erlmcp/_build/test/extras/apps/erlmcp_observability/test/erlmcp_event_metrics_tests.erl, line 184)
**error:undef
    </error>
    <system-out>
    </system-out>
  </testcase>
  <testcase time="0.000" name="fixture setup [1,29,1] (module 'erlmcp_otel_enhanced_tests')">
    <error type="error">
::in function erlmcp_otel:init/1
  called as init(#{sampling =&gt; always_on,service_name =&gt; &lt;&lt;"erlmcp-test"&gt;&gt;,
  service_version =&gt; &lt;&lt;"2.0.0"&gt;&gt;,
  exporters =&gt; [console],
  sampling_rate =&gt; 1.0})
in call from erlmcp_otel_enhanced_tests:setup/0 (/Users/sac/erlmcp/_build/test/extras/apps/erlmcp_observability/test/erlmcp_otel_enhanced_tests.erl, line 59)
**error:undef
    </error>
    <system-out>
    </system-out>
  </testcase>
  <testcase time="0.000" name="fixture setup [1,31,1,1]">
    <error type="error">
::in function erlmcp_dashboard_tests:setup/0 (/Users/sac/erlmcp/_build/test/extras/apps/erlmcp_observability/test/erlmcp_dashboard_tests.erl, line 45)
**error:{badmatch,{error,{erlmcp_core,{"no such file or directory",
                               "erlmcp_core.app"}}}}
    </error>
    <system-out>
    </system-out>
  </testcase>
  <testcase time="0.000" name="fixture setup [1,31,1,2]">
    <error type="error">
::in function erlmcp_dashboard_tests:setup/0 (/Users/sac/erlmcp/_build/test/extras/apps/erlmcp_observability/test/erlmcp_dashboard_tests.erl, line 45)
**error:{badmatch,{error,{erlmcp_core,{"no such file or directory",
                               "erlmcp_core.app"}}}}
    </error>
    <system-out>
    </system-out>
  </testcase>
  <testcase time="0.000" name="fixture setup [1,31,1,3]">
    <error type="error">
::in function erlmcp_dashboard_tests:setup/0 (/Users/sac/erlmcp/_build/test/extras/apps/erlmcp_observability/test/erlmcp_dashboard_tests.erl, line 45)
**error:{badmatch,{error,{erlmcp_core,{"no such file or directory",
                               "erlmcp_core.app"}}}}
    </error>
    <system-out>
    </system-out>
  </testcase>
  <testcase time="0.000" name="fixture setup [1,31,1,4]">
    <error type="error">
::in function erlmcp_dashboard_tests:setup/0 (/Users/sac/erlmcp/_build/test/extras/apps/erlmcp_observability/test/erlmcp_dashboard_tests.erl, line 45)
**error:{badmatch,{error,{erlmcp_core,{"no such file or directory",
                               "erlmcp_core.app"}}}}
    </error>
    <system-out>
    </system-out>
  </testcase>
  <testcase time="0.000" name="fixture setup [1,31,1,5]">
    <error type="error">
::in function erlmcp_dashboard_tests:setup/0 (/Users/sac/erlmcp/_build/test/extras/apps/erlmcp_observability/test/erlmcp_dashboard_tests.erl, line 45)
**error:{badmatch,{error,{erlmcp_core,{"no such file or directory",
                               "erlmcp_core.app"}}}}
    </error>
    <system-out>
    </system-out>
  </testcase>
  <testcase time="0.000" name="fixture setup [1,31,1,6]">
    <error type="error">
::in function erlmcp_dashboard_tests:setup/0 (/Users/sac/erlmcp/_build/test/extras/apps/erlmcp_observability/test/erlmcp_dashboard_tests.erl, line 45)
**error:{badmatch,{error,{erlmcp_core,{"no such file or directory",
                               "erlmcp_core.app"}}}}
    </error>
    <system-out>
    </system-out>
  </testcase>
  <testcase time="0.000" name="fixture setup [1,31,1,7]">
    <error type="error">
::in function erlmcp_dashboard_tests:setup/0 (/Users/sac/erlmcp/_build/test/extras/apps/erlmcp_observability/test/erlmcp_dashboard_tests.erl, line 45)
**error:{badmatch,{error,{erlmcp_core,{"no such file or directory",
                               "erlmcp_core.app"}}}}
    </error>
    <system-out>
    </system-out>
  </testcase>
  <testcase time="0.000" name="fixture setup [1,31,1,8]">
    <error type="error">
::in function erlmcp_dashboard_tests:setup/0 (/Users/sac/erlmcp/_build/test/extras/apps/erlmcp_observability/test/erlmcp_dashboard_tests.erl, line 45)
**error:{badmatch,{error,{erlmcp_core,{"no such file or directory",
                               "erlmcp_core.app"}}}}
    </error>
    <system-out>
    </system-out>
  </testcase>
  <testcase time="0.000" name="fixture setup [1,31,1,9]">
    <error type="error">
::in function erlmcp_dashboard_tests:setup/0 (/Users/sac/erlmcp/_build/test/extras/apps/erlmcp_observability/test/erlmcp_dashboard_tests.erl, line 45)
**error:{badmatch,{error,{erlmcp_core,{"no such file or directory",
                               "erlmcp_core.app"}}}}
    </error>
    <system-out>
    </system-out>
  </testcase>
  <testcase time="0.000" name="fixture setup [1,31,1,10]">
    <error type="error">
::in function erlmcp_dashboard_tests:setup/0 (/Users/sac/erlmcp/_build/test/extras/apps/erlmcp_observability/test/erlmcp_dashboard_tests.erl, line 45)
**error:{badmatch,{error,{erlmcp_core,{"no such file or directory",
                               "erlmcp_core.app"}}}}
    </error>
    <system-out>
    </system-out>
  </testcase>
  <testcase time="0.000" name="fixture setup [1,31,1,11]">
    <error type="error">
::in function erlmcp_dashboard_tests:setup/0 (/Users/sac/erlmcp/_build/test/extras/apps/erlmcp_observability/test/erlmcp_dashboard_tests.erl, line 45)
**error:{badmatch,{error,{erlmcp_core,{"no such file or directory",
                               "erlmcp_core.app"}}}}
    </error>
    <system-out>
    </system-out>
  </testcase>
  <testcase time="0.000" name="fixture setup [1,31,1,12]">
    <error type="error">
::in function erlmcp_dashboard_tests:setup/0 (/Users/sac/erlmcp/_build/test/extras/apps/erlmcp_observability/test/erlmcp_dashboard_tests.erl, line 45)
**error:{badmatch,{error,{erlmcp_core,{"no such file or directory",
                               "erlmcp_core.app"}}}}
    </error>
    <system-out>
    </system-out>
  </testcase>
  <testcase time="0.000" name="fixture setup [1,31,1,13]">
    <error type="error">
::in function erlmcp_dashboard_tests:setup/0 (/Users/sac/erlmcp/_build/test/extras/apps/erlmcp_observability/test/erlmcp_dashboard_tests.erl, line 45)
**error:{badmatch,{error,{erlmcp_core,{"no such file or directory",
                               "erlmcp_core.app"}}}}
    </error>
    <system-out>
    </system-out>
  </testcase>
  <testcase time="0.000" name="fixture setup [1,31,1,14]">
    <error type="error">
::in function erlmcp_dashboard_tests:setup/0 (/Users/sac/erlmcp/_build/test/extras/apps/erlmcp_observability/test/erlmcp_dashboard_tests.erl, line 45)
**error:{badmatch,{error,{erlmcp_core,{"no such file or directory",
                               "erlmcp_core.app"}}}}
    </error>
    <system-out>
    </system-out>
  </testcase>
  <testcase time="0.000" name="fixture setup [1,31,1,15]">
    <error type="error">
::in function erlmcp_dashboard_tests:setup/0 (/Users/sac/erlmcp/_build/test/extras/apps/erlmcp_observability/test/erlmcp_dashboard_tests.erl, line 45)
**error:{badmatch,{error,{erlmcp_core,{"no such file or directory",
                               "erlmcp_core.app"}}}}
    </error>
    <system-out>
    </system-out>
  </testcase>
  <testcase time="0.006" name="erlmcp_process_monitor_tests:0 start_stop_test">
    <error type="error">
::in function erlmcp_process_monitor:start_link/0
  called as start_link()
in call from erlmcp_process_monitor_tests:start_stop_test/0 (/Users/sac/erlmcp/_build/test/extras/apps/erlmcp_observability/test/erlmcp_process_monitor_tests.erl, line 48)
in call from erlmcp_process_monitor_tests:start_stop_test/0
**error:undef
    </error>
    <system-out>
    </system-out>
  </testcase>
  <testcase time="0.002" name="erlmcp_process_monitor_tests:0 start_with_options_test">
    <error type="error">
::in function erlmcp_process_monitor:start_link/1
  called as start_link([{check_interval,5000},{warning_threshold,0.6},{critical_threshold,0.8}])
in call from erlmcp_process_monitor_tests:start_with_options_test/0 (/Users/sac/erlmcp/_build/test/extras/apps/erlmcp_observability/test/erlmcp_process_monitor_tests.erl, line 56)
in call from erlmcp_process_monitor_tests:start_with_options_test/0
**error:undef
    </error>
    <system-out>
    </system-out>
  </testcase>
  <testcase time="0.008" name="erlmcp_process_monitor_tests:0 start_default_options_test">
    <error type="error">
::in function erlmcp_process_monitor:start_link/1
  called as start_link([])
in call from erlmcp_process_monitor_tests:start_default_options_test/0 (/Users/sac/erlmcp/_build/test/extras/apps/erlmcp_observability/test/erlmcp_process_monitor_tests.erl, line 63)
in call from erlmcp_process_monitor_tests:start_default_options_test/0
**error:undef
    </error>
    <system-out>
    </system-out>
  </testcase>
  <testcase time="0.000" name="fixture setup [1,32,1,4]">
    <error type="error">
::in function erlmcp_process_monitor:start_link/1
  called as start_link([{check_interval,1000},{warning_threshold,0.7},{critical_threshold,0.9}])
in call from erlmcp_process_monitor_tests:setup/0 (/Users/sac/erlmcp/_build/test/extras/apps/erlmcp_observability/test/erlmcp_process_monitor_tests.erl, line 35)
**error:undef
    </error>
    <system-out>
    </system-out>
  </testcase>
  <testcase time="0.000" name="fixture setup [1,32,1,5]">
    <error type="error">
::in function erlmcp_process_monitor:start_link/1
  called as start_link([{check_interval,1000},{warning_threshold,0.7},{critical_threshold,0.9}])
in call from erlmcp_process_monitor_tests:setup/0 (/Users/sac/erlmcp/_build/test/extras/apps/erlmcp_observability/test/erlmcp_process_monitor_tests.erl, line 35)
**error:undef
    </error>
    <system-out>
    </system-out>
  </testcase>
  <testcase time="0.000" name="fixture setup [1,32,1,6]">
    <error type="error">
::in function erlmcp_process_monitor:start_link/1
  called as start_link([{check_interval,1000},{warning_threshold,0.7},{critical_threshold,0.9}])
in call from erlmcp_process_monitor_tests:setup/0 (/Users/sac/erlmcp/_build/test/extras/apps/erlmcp_observability/test/erlmcp_process_monitor_tests.erl, line 35)
**error:undef
    </error>
    <system-out>
    </system-out>
  </testcase>
  <testcase time="0.000" name="fixture setup [1,32,1,7]">
    <error type="error">
::in function erlmcp_process_monitor:start_link/1
  called as start_link([{check_interval,1000},{warning_threshold,0.7},{critical_threshold,0.9}])
in call from erlmcp_process_monitor_tests:setup/0 (/Users/sac/erlmcp/_build/test/extras/apps/erlmcp_observability/test/erlmcp_process_monitor_tests.erl, line 35)
**error:undef
    </error>
    <system-out>
    </system-out>
  </testcase>
  <testcase time="0.000" name="fixture setup [1,32,1,8]">
    <error type="error">
::in function erlmcp_process_monitor:start_link/1
  called as start_link([{check_interval,1000},{warning_threshold,0.7},{critical_threshold,0.9}])
in call from erlmcp_process_monitor_tests:setup/0 (/Users/sac/erlmcp/_build/test/extras/apps/erlmcp_observability/test/erlmcp_process_monitor_tests.erl, line 35)
**error:undef
    </error>
    <system-out>
    </system-out>
  </testcase>
  <testcase time="0.000" name="fixture setup [1,32,1,9]">
    <error type="error">
::in function erlmcp_process_monitor:start_link/1
  called as start_link([{check_interval,1000},{warning_threshold,0.7},{critical_threshold,0.9}])
in call from erlmcp_process_monitor_tests:setup/0 (/Users/sac/erlmcp/_build/test/extras/apps/erlmcp_observability/test/erlmcp_process_monitor_tests.erl, line 35)
**error:undef
    </error>
    <system-out>
    </system-out>
  </testcase>
  <testcase time="0.000" name="fixture setup [1,32,1,10]">
    <error type="error">
::in function erlmcp_process_monitor:start_link/1
  called as start_link([{check_interval,1000},{warning_threshold,0.7},{critical_threshold,0.9}])
in call from erlmcp_process_monitor_tests:setup/0 (/Users/sac/erlmcp/_build/test/extras/apps/erlmcp_observability/test/erlmcp_process_monitor_tests.erl, line 35)
**error:undef
    </error>
    <system-out>
    </system-out>
  </testcase>
  <testcase time="0.000" name="fixture setup [1,32,1,11]">
    <error type="error">
::in function erlmcp_process_monitor:start_link/1
  called as start_link([{check_interval,1000},{warning_threshold,0.7},{critical_threshold,0.9}])
in call from erlmcp_process_monitor_tests:setup/0 (/Users/sac/erlmcp/_build/test/extras/apps/erlmcp_observability/test/erlmcp_process_monitor_tests.erl, line 35)
**error:undef
    </error>
    <system-out>
    </system-out>
  </testcase>
  <testcase time="0.000" name="fixture setup [1,32,1,12]">
    <error type="error">
::in function erlmcp_process_monitor:start_link/1
  called as start_link([{check_interval,1000},{warning_threshold,0.7},{critical_threshold,0.9}])
in call from erlmcp_process_monitor_tests:setup/0 (/Users/sac/erlmcp/_build/test/extras/apps/erlmcp_observability/test/erlmcp_process_monitor_tests.erl, line 35)
**error:undef
    </error>
    <system-out>
    </system-out>
  </testcase>
  <testcase time="0.000" name="fixture setup [1,32,1,13]">
    <error type="error">
::in function erlmcp_process_monitor:start_link/1
  called as start_link([{check_interval,1000},{warning_threshold,0.7},{critical_threshold,0.9}])
in call from erlmcp_process_monitor_tests:setup/0 (/Users/sac/erlmcp/_build/test/extras/apps/erlmcp_observability/test/erlmcp_process_monitor_tests.erl, line 35)
**error:undef
    </error>
    <system-out>
    </system-out>
  </testcase>
  <testcase time="0.000" name="fixture setup [1,32,1,14]">
    <error type="error">
::in function erlmcp_process_monitor:start_link/1
  called as start_link([{check_interval,1000},{warning_threshold,0.7},{critical_threshold,0.9}])
in call from erlmcp_process_monitor_tests:setup/0 (/Users/sac/erlmcp/_build/test/extras/apps/erlmcp_observability/test/erlmcp_process_monitor_tests.erl, line 35)
**error:undef
    </error>
    <system-out>
    </system-out>
  </testcase>
  <testcase time="0.000" name="fixture setup [1,32,1,15]">
    <error type="error">
::in function erlmcp_process_monitor:start_link/1
  called as start_link([{check_interval,1000},{warning_threshold,0.7},{critical_threshold,0.9}])
in call from erlmcp_process_monitor_tests:setup/0 (/Users/sac/erlmcp/_build/test/extras/apps/erlmcp_observability/test/erlmcp_process_monitor_tests.erl, line 35)
**error:undef
    </error>
    <system-out>
    </system-out>
  </testcase>
  <testcase time="0.000" name="fixture setup [1,32,1,16]">
    <error type="error">
::in function erlmcp_process_monitor:start_link/1
  called as start_link([{check_interval,1000},{warning_threshold,0.7},{critical_threshold,0.9}])
in call from erlmcp_process_monitor_tests:setup/0 (/Users/sac/erlmcp/_build/test/extras/apps/erlmcp_observability/test/erlmcp_process_monitor_tests.erl, line 35)
**error:undef
    </error>
    <system-out>
    </system-out>
  </testcase>
  <testcase time="0.000" name="erlmcp_process_monitor_tests:0 status_ok_when_under_warning_test">
    <system-out>
    </system-out>
  </testcase>
  <testcase time="0.000" name="erlmcp_process_monitor_tests:0 status_warning_when_between_thresholds_test">
    <system-out>
    </system-out>
  </testcase>
  <testcase time="0.000" name="erlmcp_process_monitor_tests:0 status_critical_when_over_threshold_test">
    <system-out>
    </system-out>
  </testcase>
  <testcase time="0.000" name="erlmcp_process_monitor_tests:0 capacity_calculation_conservative_test">
    <system-out>
    </system-out>
  </testcase>
  <testcase time="0.000" name="fixture setup [1,32,1,21]">
    <error type="error">
::in function erlmcp_process_monitor:start_link/1
  called as start_link([{check_interval,1000},{warning_threshold,0.7},{critical_threshold,0.9}])
in call from erlmcp_process_monitor_tests:setup/0 (/Users/sac/erlmcp/_build/test/extras/apps/erlmcp_observability/test/erlmcp_process_monitor_tests.erl, line 35)
**error:undef
    </error>
    <system-out>
    </system-out>
  </testcase>
  <testcase time="0.000" name="fixture setup [1,32,1,22]">
    <error type="error">
::in function erlmcp_recovery_manager:start_link/0
  called as start_link()
in call from erlmcp_process_monitor_tests:'-integration_with_recovery_manager_test_/0-fun-9-'/0 (/Users/sac/erlmcp/_build/test/extras/apps/erlmcp_observability/test/erlmcp_process_monitor_tests.erl, line 394)
**error:undef
    </error>
    <system-out>
    </system-out>
  </testcase>
  <testcase time="0.000" name="fixture setup [1,32,1,23]">
    <error type="error">
::in function erlmcp_process_monitor:start_link/1
  called as start_link([{check_interval,1000},{warning_threshold,0.7},{critical_threshold,0.9}])
in call from erlmcp_process_monitor_tests:setup/0 (/Users/sac/erlmcp/_build/test/extras/apps/erlmcp_observability/test/erlmcp_process_monitor_tests.erl, line 35)
**error:undef
    </error>
    <system-out>
    </system-out>
  </testcase>
  <testcase time="0.000" name="fixture setup [1,32,1,24]">
    <error type="error">
::in function erlmcp_process_monitor:start_link/1
  called as start_link([{check_interval,1000},{warning_threshold,0.7},{critical_threshold,0.9}])
in call from erlmcp_process_monitor_tests:setup/0 (/Users/sac/erlmcp/_build/test/extras/apps/erlmcp_observability/test/erlmcp_process_monitor_tests.erl, line 35)
**error:undef
    </error>
    <system-out>
    </system-out>
  </testcase>
  <testcase time="0.000" name="fixture setup [1,32,1,25]">
    <error type="error">
::in function erlmcp_process_monitor:start_link/1
  called as start_link([{check_interval,1000},{warning_threshold,0.7},{critical_threshold,0.9}])
in call from erlmcp_process_monitor_tests:setup/0 (/Users/sac/erlmcp/_build/test/extras/apps/erlmcp_observability/test/erlmcp_process_monitor_tests.erl, line 35)
**error:undef
    </error>
    <system-out>
    </system-out>
  </testcase>
  <testcase time="0.000" name="fixture setup [1,32,1,26]">
    <error type="error">
::in function erlmcp_process_monitor:start_link/1
  called as start_link([{check_interval,1000},{warning_threshold,0.7},{critical_threshold,0.9}])
in call from erlmcp_process_monitor_tests:setup/0 (/Users/sac/erlmcp/_build/test/extras/apps/erlmcp_observability/test/erlmcp_process_monitor_tests.erl, line 35)
**error:undef
    </error>
    <system-out>
    </system-out>
  </testcase>
  <testcase time="0.000" name="fixture setup [1,32,1,27]">
    <error type="error">
::in function erlmcp_process_monitor:start_link/1
  called as start_link([{check_interval,1000},{warning_threshold,0.7},{critical_threshold,0.9}])
in call from erlmcp_process_monitor_tests:setup/0 (/Users/sac/erlmcp/_build/test/extras/apps/erlmcp_observability/test/erlmcp_process_monitor_tests.erl, line 35)
**error:undef
    </error>
    <system-out>
    </system-out>
  </testcase>
  <testcase time="0.000" name="fixture setup [1,32,1,28]">
    <error type="error">
::in function erlmcp_process_monitor:start_link/1
  called as start_link([{check_interval,1000},{warning_threshold,0.7},{critical_threshold,0.9}])
in call from erlmcp_process_monitor_tests:setup/0 (/Users/sac/erlmcp/_build/test/extras/apps/erlmcp_observability/test/erlmcp_process_monitor_tests.erl, line 35)
**error:undef
    </error>
    <system-out>
    </system-out>
  </testcase>
  <testcase time="0.000" name="fixture setup [1,32,1,29]">
    <error type="error">
::in function erlmcp_process_monitor:start_link/1
  called as start_link([{check_interval,1000},{warning_threshold,0.7},{critical_threshold,0.9}])
in call from erlmcp_process_monitor_tests:setup/0 (/Users/sac/erlmcp/_build/test/extras/apps/erlmcp_observability/test/erlmcp_process_monitor_tests.erl, line 35)
**error:undef
    </error>
    <system-out>
    </system-out>
  </testcase>
  <testcase time="0.000" name="fixture setup [1,32,1,30]">
    <error type="error">
::in function erlmcp_process_monitor:start_link/1
  called as start_link([{check_interval,1000},{warning_threshold,0.7},{critical_threshold,0.9}])
in call from erlmcp_process_monitor_tests:setup/0 (/Users/sac/erlmcp/_build/test/extras/apps/erlmcp_observability/test/erlmcp_process_monitor_tests.erl, line 35)
**error:undef
    </error>
    <system-out>
    </system-out>
  </testcase>
  <testcase time="0.000" name="fixture setup [1,32,1,31]">
    <error type="error">
::in function erlmcp_process_monitor:start_link/1
  called as start_link([{check_interval,1000},{warning_threshold,0.7},{critical_threshold,0.9}])
in call from erlmcp_process_monitor_tests:setup/0 (/Users/sac/erlmcp/_build/test/extras/apps/erlmcp_observability/test/erlmcp_process_monitor_tests.erl, line 35)
**error:undef
    </error>
    <system-out>
    </system-out>
  </testcase>
  <testcase time="0.000" name="erlmcp_process_monitor_tests:0 very_low_process_count_test">
    <system-out>
    </system-out>
  </testcase>
  <testcase time="0.000" name="fixture setup [1,32,1,33]">
    <error type="error">
::in function erlmcp_process_monitor:start_link/1
  called as start_link([{check_interval,1000},{warning_threshold,0.7},{critical_threshold,0.9}])
in call from erlmcp_process_monitor_tests:setup/0 (/Users/sac/erlmcp/_build/test/extras/apps/erlmcp_observability/test/erlmcp_process_monitor_tests.erl, line 35)
**error:undef
    </error>
    <system-out>
    </system-out>
  </testcase>
  <testcase time="0.000" name="fixture setup [1,32,1,34]">
    <error type="error">
::in function erlmcp_process_monitor:start_link/1
  called as start_link([{check_interval,1000},{warning_threshold,0.7},{critical_threshold,0.9}])
in call from erlmcp_process_monitor_tests:setup/0 (/Users/sac/erlmcp/_build/test/extras/apps/erlmcp_observability/test/erlmcp_process_monitor_tests.erl, line 35)
**error:undef
    </error>
    <system-out>
    </system-out>
  </testcase>
  <testcase time="0.000" name="fixture setup [1,32,1,35]">
    <error type="error">
::in function erlmcp_process_monitor:start_link/1
  called as start_link([{check_interval,1000},{warning_threshold,0.7},{critical_threshold,0.9}])
in call from erlmcp_process_monitor_tests:setup/0 (/Users/sac/erlmcp/_build/test/extras/apps/erlmcp_observability/test/erlmcp_process_monitor_tests.erl, line 35)
**error:undef
    </error>
    <system-out>
    </system-out>
  </testcase>
  <testcase time="0.000" name="fixture setup [1,32,1,36]">
    <error type="error">
::in function erlmcp_process_monitor:start_link/1
  called as start_link([{check_interval,1000},{warning_threshold,0.7},{critical_threshold,0.9}])
in call from erlmcp_process_monitor_tests:setup/0 (/Users/sac/erlmcp/_build/test/extras/apps/erlmcp_observability/test/erlmcp_process_monitor_tests.erl, line 35)
**error:undef
    </error>
    <system-out>
    </system-out>
  </testcase>
  <testcase time="0.000" name="fixture setup [1,32,1,37]">
    <error type="error">
::in function erlmcp_process_monitor:start_link/1
  called as start_link([{check_interval,1000},{warning_threshold,0.7},{critical_threshold,0.9}])
in call from erlmcp_process_monitor_tests:setup/0 (/Users/sac/erlmcp/_build/test/extras/apps/erlmcp_observability/test/erlmcp_process_monitor_tests.erl, line 35)
**error:undef
    </error>
    <system-out>
    </system-out>
  </testcase>
  <testcase time="0.000" name="fixture setup [1,32,1,38]">
    <error type="error">
::in function erlmcp_process_monitor:start_link/1
  called as start_link([{check_interval,1000},{warning_threshold,0.7},{critical_threshold,0.9}])
in call from erlmcp_process_monitor_tests:setup/0 (/Users/sac/erlmcp/_build/test/extras/apps/erlmcp_observability/test/erlmcp_process_monitor_tests.erl, line 35)
**error:undef
    </error>
    <system-out>
    </system-out>
  </testcase>
  <testcase time="0.000" name="fixture setup [1,32,1,39]">
    <error type="error">
::in function erlmcp_process_monitor:start_link/1
  called as start_link([{check_interval,1000},{warning_threshold,0.7},{critical_threshold,0.9}])
in call from erlmcp_process_monitor_tests:setup/0 (/Users/sac/erlmcp/_build/test/extras/apps/erlmcp_observability/test/erlmcp_process_monitor_tests.erl, line 35)
**error:undef
    </error>
    <system-out>
    </system-out>
  </testcase>
  <testcase time="0.000" name="fixture setup [1,32,1,40]">
    <error type="error">
::in function erlmcp_process_monitor:start_link/1
  called as start_link([{check_interval,1000},{warning_threshold,0.7},{critical_threshold,0.9}])
in call from erlmcp_process_monitor_tests:setup/0 (/Users/sac/erlmcp/_build/test/extras/apps/erlmcp_observability/test/erlmcp_process_monitor_tests.erl, line 35)
**error:undef
    </error>
    <system-out>
    </system-out>
  </testcase>
  <testcase time="0.000" name="fixture setup [1,33,1,1]">
    <error type="error">
::in function erlmcp_chaos:start_link/1
  called as start_link([{safety_enabled,true}])
in call from erlmcp_chaos_safety_tests:setup_chaos/0 (/Users/sac/erlmcp/_build/test/extras/apps/erlmcp_observability/test/erlmcp_chaos_safety_tests.erl, line 32)
**error:undef
    </error>
    <system-out>
    </system-out>
  </testcase>
  <testcase time="0.000" name="fixture setup [1,33,1,2]">
    <error type="error">
::in function erlmcp_chaos:start_link/1
  called as start_link([{safety_enabled,false}])
in call from erlmcp_chaos_safety_tests:'-safety_disabled_test_/0-fun-4-'/0 (/Users/sac/erlmcp/_build/test/extras/apps/erlmcp_observability/test/erlmcp_chaos_safety_tests.erl, line 180)
**error:undef
    </error>
    <system-out>
    </system-out>
  </testcase>
  <testcase time="0.000" name="fixture setup [1,33,1,3]">
    <error type="error">
::in function erlmcp_chaos:start_link/1
  called as start_link([{safety_enabled,true}])
in call from erlmcp_chaos_safety_tests:setup_chaos/0 (/Users/sac/erlmcp/_build/test/extras/apps/erlmcp_observability/test/erlmcp_chaos_safety_tests.erl, line 32)
**error:undef
    </error>
    <system-out>
    </system-out>
  </testcase>
  <testcase time="0.000" name="fixture setup [1,33,1,4]">
    <error type="error">
::in function erlmcp_chaos:start_link/1
  called as start_link([{safety_enabled,true}])
in call from erlmcp_chaos_safety_tests:setup_chaos/0 (/Users/sac/erlmcp/_build/test/extras/apps/erlmcp_observability/test/erlmcp_chaos_safety_tests.erl, line 32)
**error:undef
    </error>
    <system-out>
    </system-out>
  </testcase>
  <testcase time="0.000" name="fixture setup [1,34,1,1]">
    <error type="error">
::in function erlmcp_chaos:start_link/1
  called as start_link([{safety_enabled,true}])
in call from erlmcp_chaos_tests:setup_chaos/0 (/Users/sac/erlmcp/_build/test/extras/apps/erlmcp_observability/test/erlmcp_chaos_tests.erl, line 36)
**error:undef
    </error>
    <system-out>
    </system-out>
  </testcase>
  <testcase time="0.000" name="fixture setup [1,34,1,2]">
    <error type="error">
::in function erlmcp_chaos:start_link/1
  called as start_link([{safety_enabled,true}])
in call from erlmcp_chaos_tests:setup_chaos/0 (/Users/sac/erlmcp/_build/test/extras/apps/erlmcp_observability/test/erlmcp_chaos_tests.erl, line 36)
**error:undef
    </error>
    <system-out>
    </system-out>
  </testcase>
  <testcase time="0.000" name="fixture setup [1,34,1,3]">
    <error type="error">
::in function erlmcp_chaos:start_link/1
  called as start_link([{safety_enabled,true}])
in call from erlmcp_chaos_tests:setup_chaos/0 (/Users/sac/erlmcp/_build/test/extras/apps/erlmcp_observability/test/erlmcp_chaos_tests.erl, line 36)
**error:undef
    </error>
    <system-out>
    </system-out>
  </testcase>
  <testcase time="0.000" name="fixture setup [1,34,1,4]">
    <error type="error">
::in function erlmcp_chaos:start_link/1
  called as start_link([{safety_enabled,true}])
in call from erlmcp_chaos_tests:setup_chaos/0 (/Users/sac/erlmcp/_build/test/extras/apps/erlmcp_observability/test/erlmcp_chaos_tests.erl, line 36)
**error:undef
    </error>
    <system-out>
    </system-out>
  </testcase>
  <testcase time="0.000" name="fixture setup [1,34,1,5]">
    <error type="error">
::in function erlmcp_chaos:start_link/1
  called as start_link([{safety_enabled,true}])
in call from erlmcp_chaos_tests:setup_chaos/0 (/Users/sac/erlmcp/_build/test/extras/apps/erlmcp_observability/test/erlmcp_chaos_tests.erl, line 36)
**error:undef
    </error>
    <system-out>
    </system-out>
  </testcase>
  <testcase time="0.000" name="fixture setup [1,35,1,1]">
    <error type="error">
::in function erlmcp_health_monitor:start_link/0
  called as start_link()
in call from erlmcp_health_monitor_tests:setup_health_monitor/0 (/Users/sac/erlmcp/_build/test/extras/apps/erlmcp_observability/test/erlmcp_health_monitor_tests.erl, line 38)
**error:undef
    </error>
    <system-out>
    </system-out>
  </testcase>
  <testcase time="0.000" name="fixture setup [1,35,1,2]">
    <error type="error">
::in function erlmcp_health_monitor:start_link/0
  called as start_link()
in call from erlmcp_health_monitor_tests:setup_health_monitor/0 (/Users/sac/erlmcp/_build/test/extras/apps/erlmcp_observability/test/erlmcp_health_monitor_tests.erl, line 38)
**error:undef
    </error>
    <system-out>
    </system-out>
  </testcase>
  <testcase time="0.000" name="fixture setup [1,35,1,3]">
    <error type="error">
::in function erlmcp_health_monitor:start_link/0
  called as start_link()
in call from erlmcp_health_monitor_tests:setup_health_monitor/0 (/Users/sac/erlmcp/_build/test/extras/apps/erlmcp_observability/test/erlmcp_health_monitor_tests.erl, line 38)
**error:undef
    </error>
    <system-out>
    </system-out>
  </testcase>
  <testcase time="0.000" name="fixture setup [1,35,1,4]">
    <error type="error">
::in function erlmcp_health_monitor:start_link/0
  called as start_link()
in call from erlmcp_health_monitor_tests:setup_health_monitor/0 (/Users/sac/erlmcp/_build/test/extras/apps/erlmcp_observability/test/erlmcp_health_monitor_tests.erl, line 38)
**error:undef
    </error>
    <system-out>
    </system-out>
  </testcase>
  <testcase time="0.000" name="fixture setup [1,35,1,5]">
    <error type="error">
::in function erlmcp_health_monitor:start_link/0
  called as start_link()
in call from erlmcp_health_monitor_tests:setup_health_monitor/0 (/Users/sac/erlmcp/_build/test/extras/apps/erlmcp_observability/test/erlmcp_health_monitor_tests.erl, line 38)
**error:undef
    </error>
    <system-out>
    </system-out>
  </testcase>
  <testcase time="0.000" name="fixture setup [1,35,1,6]">
    <error type="error">
::in function erlmcp_health_monitor:start_link/0
  called as start_link()
in call from erlmcp_health_monitor_tests:setup_health_monitor/0 (/Users/sac/erlmcp/_build/test/extras/apps/erlmcp_observability/test/erlmcp_health_monitor_tests.erl, line 38)
**error:undef
    </error>
    <system-out>
    </system-out>
  </testcase>
  <testcase time="0.002" name="erlmcp_recovery_manager_tests:0 start_stop_test">
    <error type="error">
::in function erlmcp_recovery_manager:start_link/0
  called as start_link()
in call from erlmcp_recovery_manager_tests:start_stop_test/0 (/Users/sac/erlmcp/_build/test/extras/apps/erlmcp_observability/test/erlmcp_recovery_manager_tests.erl, line 14)
in call from erlmcp_recovery_manager_tests:start_stop_test/0
**error:undef
    </error>
    <system-out>
    </system-out>
  </testcase>
  <testcase time="0.002" name="erlmcp_recovery_manager_tests:0 start_with_options_test">
    <error type="error">
::in function erlmcp_recovery_manager:start_link/1
  called as start_link([{default_policy,#{max_failures =&gt; 3}}])
in call from erlmcp_recovery_manager_tests:start_with_options_test/0 (/Users/sac/erlmcp/_build/test/extras/apps/erlmcp_observability/test/erlmcp_recovery_manager_tests.erl, line 19)
in call from erlmcp_recovery_manager_tests:start_with_options_test/0
**error:undef
    </error>
    <system-out>
    </system-out>
  </testcase>
  <testcase time="0.001" name="erlmcp_recovery_manager_tests:0 register_component_test">
    <error type="error">
::in function erlmcp_recovery_manager:start_link/0
  called as start_link()
in call from erlmcp_recovery_manager_tests:register_component_test/0 (/Users/sac/erlmcp/_build/test/extras/apps/erlmcp_observability/test/erlmcp_recovery_manager_tests.erl, line 28)
in call from erlmcp_recovery_manager_tests:register_component_test/0
**error:undef
    </error>
    <system-out>
    </system-out>
  </testcase>
  <testcase time="0.001" name="erlmcp_recovery_manager_tests:0 unregister_component_test">
    <error type="error">
::in function erlmcp_recovery_manager:start_link/0
  called as start_link()
in call from erlmcp_recovery_manager_tests:unregister_component_test/0 (/Users/sac/erlmcp/_build/test/extras/apps/erlmcp_observability/test/erlmcp_recovery_manager_tests.erl, line 35)
in call from erlmcp_recovery_manager_tests:unregister_component_test/0
**error:undef
    </error>
    <system-out>
    </system-out>
  </testcase>
  <testcase time="0.001" name="erlmcp_recovery_manager_tests:0 get_recovery_status_test">
    <error type="error">
::in function erlmcp_recovery_manager:start_link/0
  called as start_link()
in call from erlmcp_recovery_manager_tests:get_recovery_status_test/0 (/Users/sac/erlmcp/_build/test/extras/apps/erlmcp_observability/test/erlmcp_recovery_manager_tests.erl, line 48)
in call from erlmcp_recovery_manager_tests:get_recovery_status_test/0
**error:undef
    </error>
    <system-out>
    </system-out>
  </testcase>
  <testcase time="0.001" name="erlmcp_recovery_manager_tests:0 get_recovery_status_not_found_test">
    <error type="error">
::in function erlmcp_recovery_manager:start_link/0
  called as start_link()
in call from erlmcp_recovery_manager_tests:get_recovery_status_not_found_test/0 (/Users/sac/erlmcp/_build/test/extras/apps/erlmcp_observability/test/erlmcp_recovery_manager_tests.erl, line 60)
in call from erlmcp_recovery_manager_tests:get_recovery_status_not_found_test/0
**error:undef
    </error>
    <system-out>
    </system-out>
  </testcase>
  <testcase time="0.002" name="erlmcp_recovery_manager_tests:0 get_all_recovery_status_test">
    <error type="error">
::in function erlmcp_recovery_manager:start_link/0
  called as start_link()
in call from erlmcp_recovery_manager_tests:get_all_recovery_status_test/0 (/Users/sac/erlmcp/_build/test/extras/apps/erlmcp_observability/test/erlmcp_recovery_manager_tests.erl, line 66)
in call from erlmcp_recovery_manager_tests:get_all_recovery_status_test/0
**error:undef
    </error>
    <system-out>
    </system-out>
  </testcase>
  <testcase time="0.002" name="erlmcp_recovery_manager_tests:0 get_circuit_status_test">
    <error type="error">
::in function erlmcp_recovery_manager:start_link/0
  called as start_link()
in call from erlmcp_recovery_manager_tests:get_circuit_status_test/0 (/Users/sac/erlmcp/_build/test/extras/apps/erlmcp_observability/test/erlmcp_recovery_manager_tests.erl, line 81)
in call from erlmcp_recovery_manager_tests:get_circuit_status_test/0
**error:undef
    </error>
    <system-out>
    </system-out>
  </testcase>
  <testcase time="0.002" name="erlmcp_recovery_manager_tests:0 get_circuit_status_not_found_test">
    <error type="error">
::in function erlmcp_recovery_manager:start_link/0
  called as start_link()
in call from erlmcp_recovery_manager_tests:get_circuit_status_not_found_test/0 (/Users/sac/erlmcp/_build/test/extras/apps/erlmcp_observability/test/erlmcp_recovery_manager_tests.erl, line 89)
in call from erlmcp_recovery_manager_tests:get_circuit_status_not_found_test/0
**error:undef
    </error>
    <system-out>
    </system-out>
  </testcase>
  <testcase time="0.002" name="erlmcp_recovery_manager_tests:0 get_all_circuit_status_test">
    <error type="error">
::in function erlmcp_recovery_manager:start_link/0
  called as start_link()
in call from erlmcp_recovery_manager_tests:get_all_circuit_status_test/0 (/Users/sac/erlmcp/_build/test/extras/apps/erlmcp_observability/test/erlmcp_recovery_manager_tests.erl, line 95)
in call from erlmcp_recovery_manager_tests:get_all_circuit_status_test/0
**error:undef
    </error>
    <system-out>
    </system-out>
  </testcase>
  <testcase time="0.001" name="erlmcp_recovery_manager_tests:0 set_recovery_policy_test">
    <error type="error">
::in function erlmcp_recovery_manager:start_link/0
  called as start_link()
in call from erlmcp_recovery_manager_tests:set_recovery_policy_test/0 (/Users/sac/erlmcp/_build/test/extras/apps/erlmcp_observability/test/erlmcp_recovery_manager_tests.erl, line 109)
in call from erlmcp_recovery_manager_tests:set_recovery_policy_test/0
**error:undef
    </error>
    <system-out>
    </system-out>
  </testcase>
  <testcase time="0.001" name="erlmcp_recovery_manager_tests:0 set_recovery_policy_not_found_test">
    <error type="error">
::in function erlmcp_recovery_manager:start_link/0
  called as start_link()
in call from erlmcp_recovery_manager_tests:set_recovery_policy_not_found_test/0 (/Users/sac/erlmcp/_build/test/extras/apps/erlmcp_observability/test/erlmcp_recovery_manager_tests.erl, line 120)
in call from erlmcp_recovery_manager_tests:set_recovery_policy_not_found_test/0
**error:undef
    </error>
    <system-out>
    </system-out>
  </testcase>
  <testcase time="0.001" name="erlmcp_recovery_manager_tests:0 get_recovery_policy_test">
    <error type="error">
::in function erlmcp_recovery_manager:start_link/0
  called as start_link()
in call from erlmcp_recovery_manager_tests:get_recovery_policy_test/0 (/Users/sac/erlmcp/_build/test/extras/apps/erlmcp_observability/test/erlmcp_recovery_manager_tests.erl, line 127)
in call from erlmcp_recovery_manager_tests:get_recovery_policy_test/0
**error:undef
    </error>
    <system-out>
    </system-out>
  </testcase>
  <testcase time="0.001" name="erlmcp_recovery_manager_tests:0 get_recovery_policy_not_found_test">
    <error type="error">
::in function erlmcp_recovery_manager:start_link/0
  called as start_link()
in call from erlmcp_recovery_manager_tests:get_recovery_policy_not_found_test/0 (/Users/sac/erlmcp/_build/test/extras/apps/erlmcp_observability/test/erlmcp_recovery_manager_tests.erl, line 136)
in call from erlmcp_recovery_manager_tests:get_recovery_policy_not_found_test/0
**error:undef
    </error>
    <system-out>
    </system-out>
  </testcase>
  <testcase time="0.001" name="erlmcp_recovery_manager_tests:0 get_metrics_test">
    <error type="error">
::in function erlmcp_recovery_manager:start_link/0
  called as start_link()
in call from erlmcp_recovery_manager_tests:get_metrics_test/0 (/Users/sac/erlmcp/_build/test/extras/apps/erlmcp_observability/test/erlmcp_recovery_manager_tests.erl, line 146)
in call from erlmcp_recovery_manager_tests:get_metrics_test/0
**error:undef
    </error>
    <system-out>
    </system-out>
  </testcase>
  <testcase time="0.001" name="erlmcp_recovery_manager_tests:0 reset_metrics_test">
    <error type="error">
::in function erlmcp_recovery_manager:start_link/0
  called as start_link()
in call from erlmcp_recovery_manager_tests:reset_metrics_test/0 (/Users/sac/erlmcp/_build/test/extras/apps/erlmcp_observability/test/erlmcp_recovery_manager_tests.erl, line 155)
in call from erlmcp_recovery_manager_tests:reset_metrics_test/0
**error:undef
    </error>
    <system-out>
    </system-out>
  </testcase>
  <testcase time="0.001" name="erlmcp_recovery_manager_tests:0 trigger_recovery_test">
    <error type="error">
::in function erlmcp_recovery_manager:start_link/0
  called as start_link()
in call from erlmcp_recovery_manager_tests:trigger_recovery_test/0 (/Users/sac/erlmcp/_build/test/extras/apps/erlmcp_observability/test/erlmcp_recovery_manager_tests.erl, line 169)
in call from erlmcp_recovery_manager_tests:trigger_recovery_test/0
**error:undef
    </error>
    <system-out>
    </system-out>
  </testcase>
  <testcase time="0.001" name="erlmcp_recovery_manager_tests:0 trigger_recovery_with_options_test">
    <error type="error">
::in function erlmcp_recovery_manager:start_link/0
  called as start_link()
in call from erlmcp_recovery_manager_tests:trigger_recovery_with_options_test/0 (/Users/sac/erlmcp/_build/test/extras/apps/erlmcp_observability/test/erlmcp_recovery_manager_tests.erl, line 174)
in call from erlmcp_recovery_manager_tests:trigger_recovery_with_options_test/0
**error:undef
    </error>
    <system-out>
    </system-out>
  </testcase>
  <testcase time="0.002" name="erlmcp_recovery_manager_tests:0 full_recovery_lifecycle_test">
    <error type="error">
::in function erlmcp_recovery_manager:start_link/0
  called as start_link()
in call from erlmcp_recovery_manager_tests:full_recovery_lifecycle_test/0 (/Users/sac/erlmcp/_build/test/extras/apps/erlmcp_observability/test/erlmcp_recovery_manager_tests.erl, line 187)
in call from erlmcp_recovery_manager_tests:full_recovery_lifecycle_test/0
**error:undef
    </error>
    <system-out>
    </system-out>
  </testcase>
  <testcase time="0.001" name="erlmcp_memory_analyzer_tests:0 test_analyze (Full analysis)">
    <error type="error">
::in function erlmcp_memory_analyzer:analyze/1
  called as analyze(#{top =&gt; 5,include_ets =&gt; true,include_binaries =&gt; true})
in call from erlmcp_memory_analyzer_tests:test_analyze/0 (/Users/sac/erlmcp/_build/test/extras/apps/erlmcp_observability/test/erlmcp_memory_analyzer_tests.erl, line 42)
in call from eunit_test:run_testfun/1 (eunit_test.erl, line 83)
in call from eunit_proc:run_test/1 (eunit_proc.erl, line 554)
in call from eunit_proc:with_timeout/3 (eunit_proc.erl, line 379)
in call from eunit_proc:handle_test/2 (eunit_proc.erl, line 537)
in call from eunit_proc:tests_inorder/3 (eunit_proc.erl, line 479)
in call from eunit_proc:with_timeout/3 (eunit_proc.erl, line 369)
**error:undef
    </error>
    <system-out>
    </system-out>
  </testcase>
  <testcase time="0.001" name="erlmcp_memory_analyzer_tests:0 test_top_processes (Top processes)">
    <error type="error">
::in function erlmcp_memory_analyzer:top_processes/1
  called as top_processes(10)
in call from erlmcp_memory_analyzer_tests:test_top_processes/0 (/Users/sac/erlmcp/_build/test/extras/apps/erlmcp_observability/test/erlmcp_memory_analyzer_tests.erl, line 69)
in call from eunit_test:run_testfun/1 (eunit_test.erl, line 83)
in call from eunit_proc:run_test/1 (eunit_proc.erl, line 554)
in call from eunit_proc:with_timeout/3 (eunit_proc.erl, line 379)
in call from eunit_proc:handle_test/2 (eunit_proc.erl, line 537)
in call from eunit_proc:tests_inorder/3 (eunit_proc.erl, line 479)
in call from eunit_proc:with_timeout/3 (eunit_proc.erl, line 369)
**error:undef
    </error>
    <system-out>
    </system-out>
  </testcase>
  <testcase time="0.002" name="erlmcp_memory_analyzer_tests:0 test_ets_tables (ETS tables analysis)">
    <error type="error">
::in function erlmcp_memory_analyzer:ets_tables/1
  called as ets_tables(all)
in call from erlmcp_memory_analyzer_tests:test_ets_tables/0 (/Users/sac/erlmcp/_build/test/extras/apps/erlmcp_observability/test/erlmcp_memory_analyzer_tests.erl, line 87)
in call from eunit_test:run_testfun/1 (eunit_test.erl, line 83)
in call from eunit_proc:run_test/1 (eunit_proc.erl, line 554)
in call from eunit_proc:with_timeout/3 (eunit_proc.erl, line 379)
in call from eunit_proc:handle_test/2 (eunit_proc.erl, line 537)
in call from eunit_proc:tests_inorder/3 (eunit_proc.erl, line 479)
in call from eunit_proc:with_timeout/3 (eunit_proc.erl, line 369)
**error:undef
    </error>
    <system-out>
    </system-out>
  </testcase>
  <testcase time="0.001" name="erlmcp_memory_analyzer_tests:0 test_detect_leaks (Leak detection)">
    <error type="error">
::in function erlmcp_memory_analyzer:detect_leaks/0
  called as detect_leaks()
in call from erlmcp_memory_analyzer_tests:test_detect_leaks/0 (/Users/sac/erlmcp/_build/test/extras/apps/erlmcp_observability/test/erlmcp_memory_analyzer_tests.erl, line 110)
in call from eunit_test:run_testfun/1 (eunit_test.erl, line 83)
in call from eunit_proc:run_test/1 (eunit_proc.erl, line 554)
in call from eunit_proc:with_timeout/3 (eunit_proc.erl, line 379)
in call from eunit_proc:handle_test/2 (eunit_proc.erl, line 537)
in call from eunit_proc:tests_inorder/3 (eunit_proc.erl, line 479)
in call from eunit_proc:with_timeout/3 (eunit_proc.erl, line 369)
**error:undef
    </error>
    <system-out>
    </system-out>
  </testcase>
  <testcase time="0.002" name="erlmcp_memory_analyzer_tests:0 test_heap_analysis (Heap analysis)">
    <error type="error">
::in function erlmcp_memory_analyzer:heap_analysis/1
  called as heap_analysis(#{threshold =&gt; 20.0})
in call from erlmcp_memory_analyzer_tests:test_heap_analysis/0 (/Users/sac/erlmcp/_build/test/extras/apps/erlmcp_observability/test/erlmcp_memory_analyzer_tests.erl, line 125)
in call from eunit_test:run_testfun/1 (eunit_test.erl, line 83)
in call from eunit_proc:run_test/1 (eunit_proc.erl, line 554)
in call from eunit_proc:with_timeout/3 (eunit_proc.erl, line 379)
in call from eunit_proc:handle_test/2 (eunit_proc.erl, line 537)
in call from eunit_proc:tests_inorder/3 (eunit_proc.erl, line 479)
in call from eunit_proc:with_timeout/3 (eunit_proc.erl, line 369)
**error:undef
    </error>
    <system-out>
    </system-out>
  </testcase>
  <testcase time="0.000" name="debug_audit_log:0 debug_test (module 'debug_audit_log')">
    <system-out>All entries: [0,1,2,3,4]
Range entries [0, 2]: [0,1,2]
Expected count: 3
Actual count: 3

    </system-out>
  </testcase>
</testsuite>
