# Common Test Analysis - Agent 07 Report
## Date: 2026-02-01

## Executive Summary
- Total Test Suites: 6 (4 transports + 2 observability)
- Passed: 0 tests
- Failed: 1 test (erlmcp_observability_SUITE:test_full_observability_stack)
- Skipped: 100 tests (86 transports + 14 observability)

## Critical Findings

### 1. Transport Test Suites (86 SKIPPED)
Suites:
- erlmcp_transport_behavior_SUITE
- erlmcp_transport_compliance_SUITE
- erlmcp_transport_http_SUITE
- erlmcp_transport_integration_SUITE

Root Cause: All tests skipped due to missing erlmcp_core application dependency
Impact: Integration validation not performed
Resolution Required: Start erlmcp_core before transport tests

### 2. Observability Test Suites (14 SKIPPED + 1 FAILED)

#### erlmcp_observability_SUITE (4 SKIPPED + 1 FAILED)
Skipped Tests:
- test_metrics_integration: Metrics module not available
- test_otel_integration: erlmcp_otel module not available
- test_health_integration: Health monitor not available
- test_dashboard_server: Dashboard server dependencies not available

Failed Test:
- test_full_observability_stack: Expected ok, got {skip,component_failed}
  Location: Line 278 - ?assertEqual(ok, maps:get(metrics, Results))
  Root Cause: test_metrics_component() returns {error, metrics_failed}
              which test_component_safe() converts to {skip, component_failed}

#### erlmcp_performance_regression_SUITE (10 SKIPPED)
All tests skipped due to missing 'baseline_path' configuration
Tests affected:
- test_baseline_loading
- test_baseline_saving
- test_regression_detection_throughput
- test_regression_detection_latency
- test_regression_detection_memory
- test_historical_comparison
- test_trend_analysis
- test_performance_gates
- test_ci_report_generation
- test_full_regression_suite

## Quality Gate Status

### Current State: FAILED
- [ ] All CT suites pass (1 FAILURE)
- [ ] Multi-process scenarios validated (SKIPPED)
- [ ] Transport integration tested (SKIPPED)
- [ ] Coverage >= 80% (NOT MEASURED)

## Recommendations

### Immediate Actions (Critical)
1. Fix test_full_observability_stack assertion to handle {skip, component_failed}
2. Add erlmcp_core dependency start in transport suite init_per_suite
3. Implement erlmcp_metrics module or skip gracefully

### Configuration Requirements
1. Add baseline_path config for performance regression suite
2. Ensure erlmcp_otel module availability or conditional skip
3. Configure health monitor for integration tests

### Test Infrastructure
1. Improve test dependency management
2. Add proper test mode handling for metrics
3. Implement mock/stub components for missing dependencies

## Execution Time
- Transports: ~60s
- Observability: ~45s
- Total: ~105s (< 120s requirement met)
